{"D:\\RealEstateAI\\backend\\src\\modules\\leases\\lease.controller.ts": {"path":"D:\\RealEstateAI\\backend\\src\\modules\\leases\\lease.controller.ts","statementMap":{"0":{"start":{"line":4,"column":0},"end":{"line":4,"column":61}},"1":{"start":{"line":5,"column":0},"end":{"line":5,"column":55}},"2":{"start":{"line":7,"column":0},"end":{"line":7,"column":43}},"3":{"start":{"line":10,"column":2},"end":{"line":14,"column":5}},"4":{"start":{"line":11,"column":23},"end":{"line":11,"column":39}},"5":{"start":{"line":12,"column":18},"end":{"line":12,"column":65}},"6":{"start":{"line":13,"column":4},"end":{"line":13,"column":61}},"7":{"start":{"line":16,"column":2},"end":{"line":20,"column":5}},"8":{"start":{"line":17,"column":19},"end":{"line":17,"column":35}},"9":{"start":{"line":18,"column":18},"end":{"line":18,"column":67}},"10":{"start":{"line":19,"column":4},"end":{"line":19,"column":39}},"11":{"start":{"line":22,"column":2},"end":{"line":30,"column":5}},"12":{"start":{"line":23,"column":19},"end":{"line":23,"column":35}},"13":{"start":{"line":24,"column":18},"end":{"line":24,"column":55}},"14":{"start":{"line":25,"column":19},"end":{"line":27,"column":null}},"15":{"start":{"line":29,"column":4},"end":{"line":29,"column":40}},"16":{"start":{"line":32,"column":2},"end":{"line":40,"column":5}},"17":{"start":{"line":33,"column":19},"end":{"line":33,"column":35}},"18":{"start":{"line":34,"column":18},"end":{"line":37,"column":null}},"19":{"start":{"line":39,"column":4},"end":{"line":39,"column":63}},"20":{"start":{"line":42,"column":2},"end":{"line":46,"column":5}},"21":{"start":{"line":43,"column":19},"end":{"line":43,"column":35}},"22":{"start":{"line":44,"column":18},"end":{"line":44,"column":69}},"23":{"start":{"line":45,"column":4},"end":{"line":45,"column":55}},"24":{"start":{"line":48,"column":2},"end":{"line":56,"column":5}},"25":{"start":{"line":49,"column":19},"end":{"line":49,"column":35}},"26":{"start":{"line":50,"column":18},"end":{"line":53,"column":null}},"27":{"start":{"line":55,"column":4},"end":{"line":55,"column":59}},"28":{"start":{"line":9,"column":0},"end":{"line":9,"column":13}},"29":{"start":{"line":59,"column":0},"end":{"line":59,"column":37}}},"fnMap":{"0":{"name":"(anonymous_1)","decl":{"start":{"line":9,"column":0},"end":{"line":9,"column":13}},"loc":{"start":{"line":9,"column":0},"end":{"line":57,"column":1}}},"1":{"name":"(anonymous_2)","decl":{"start":{"line":10,"column":24},"end":{"line":10,"column":29}},"loc":{"start":{"line":10,"column":62},"end":{"line":14,"column":3}}},"2":{"name":"(anonymous_3)","decl":{"start":{"line":16,"column":25},"end":{"line":16,"column":30}},"loc":{"start":{"line":16,"column":63},"end":{"line":20,"column":3}}},"3":{"name":"(anonymous_4)","decl":{"start":{"line":22,"column":29},"end":{"line":22,"column":34}},"loc":{"start":{"line":22,"column":67},"end":{"line":30,"column":3}}},"4":{"name":"(anonymous_5)","decl":{"start":{"line":32,"column":30},"end":{"line":32,"column":35}},"loc":{"start":{"line":32,"column":68},"end":{"line":40,"column":3}}},"5":{"name":"(anonymous_6)","decl":{"start":{"line":42,"column":22},"end":{"line":42,"column":27}},"loc":{"start":{"line":42,"column":60},"end":{"line":46,"column":3}}},"6":{"name":"(anonymous_7)","decl":{"start":{"line":48,"column":27},"end":{"line":48,"column":32}},"loc":{"start":{"line":48,"column":65},"end":{"line":56,"column":3}}}},"branchMap":{"0":{"loc":{"start":{"line":24,"column":18},"end":{"line":24,"column":55}},"type":"binary-expr","locations":[{"start":{"line":24,"column":18},"end":{"line":24,"column":43}},{"start":{"line":24,"column":47},"end":{"line":24,"column":55}}]}},"s":{"0":3,"1":3,"2":3,"3":3,"4":4,"5":4,"6":3,"7":3,"8":4,"9":4,"10":3,"11":3,"12":6,"13":6,"14":6,"15":6,"16":3,"17":3,"18":3,"19":2,"20":3,"21":2,"22":2,"23":1,"24":3,"25":3,"26":3,"27":2,"28":3,"29":3},"f":{"0":3,"1":4,"2":4,"3":6,"4":3,"5":2,"6":3},"b":{"0":[6,0]}}
,"D:\\RealEstateAI\\backend\\src\\modules\\leases\\lease.routes.ts": {"path":"D:\\RealEstateAI\\backend\\src\\modules\\leases\\lease.routes.ts","statementMap":{"0":{"start":{"line":2,"column":0},"end":{"line":2,"column":33}},"1":{"start":{"line":4,"column":0},"end":{"line":4,"column":53}},"2":{"start":{"line":6,"column":0},"end":{"line":6,"column":49}},"3":{"start":{"line":8,"column":15},"end":{"line":8,"column":23}},"4":{"start":{"line":10,"column":0},"end":{"line":10,"column":55}},"5":{"start":{"line":11,"column":0},"end":{"line":11,"column":68}},"6":{"start":{"line":12,"column":0},"end":{"line":12,"column":58}},"7":{"start":{"line":13,"column":0},"end":{"line":13,"column":72}},"8":{"start":{"line":14,"column":0},"end":{"line":14,"column":61}},"9":{"start":{"line":15,"column":0},"end":{"line":15,"column":71}},"10":{"start":{"line":17,"column":0},"end":{"line":17,"column":22}}},"fnMap":{},"branchMap":{},"s":{"0":3,"1":3,"2":3,"3":3,"4":3,"5":3,"6":3,"7":3,"8":3,"9":3,"10":3},"f":{},"b":{}}
,"D:\\RealEstateAI\\backend\\src\\modules\\leases\\lease.service.ts": {"path":"D:\\RealEstateAI\\backend\\src\\modules\\leases\\lease.service.ts","statementMap":{"0":{"start":{"line":2,"column":0},"end":{"line":2,"column":43}},"1":{"start":{"line":3,"column":0},"end":{"line":3,"column":57}},"2":{"start":{"line":19,"column":21},"end":{"line":21,"column":6}},"3":{"start":{"line":22,"column":4},"end":{"line":23,"column":69}},"4":{"start":{"line":23,"column":6},"end":{"line":23,"column":69}},"5":{"start":{"line":25,"column":18},"end":{"line":44,"column":6}},"6":{"start":{"line":46,"column":4},"end":{"line":46,"column":17}},"7":{"start":{"line":50,"column":18},"end":{"line":65,"column":6}},"8":{"start":{"line":67,"column":4},"end":{"line":67,"column":59}},"9":{"start":{"line":67,"column":16},"end":{"line":67,"column":59}},"10":{"start":{"line":68,"column":4},"end":{"line":68,"column":17}},"11":{"start":{"line":73,"column":6},"end":{"line":73,"column":73}},"12":{"start":{"line":74,"column":4},"end":{"line":86,"column":7}},"13":{"start":{"line":90,"column":18},"end":{"line":92,"column":6}},"14":{"start":{"line":93,"column":4},"end":{"line":93,"column":76}},"15":{"start":{"line":93,"column":16},"end":{"line":93,"column":76}},"16":{"start":{"line":95,"column":4},"end":{"line":98,"column":7}},"17":{"start":{"line":102,"column":18},"end":{"line":107,"column":6}},"18":{"start":{"line":108,"column":4},"end":{"line":108,"column":59}},"19":{"start":{"line":108,"column":16},"end":{"line":108,"column":59}},"20":{"start":{"line":110,"column":48},"end":{"line":110,"column":50}},"21":{"start":{"line":111,"column":4},"end":{"line":111,"column":68}},"22":{"start":{"line":111,"column":35},"end":{"line":111,"column":68}},"23":{"start":{"line":112,"column":4},"end":{"line":112,"column":72}},"24":{"start":{"line":112,"column":37},"end":{"line":112,"column":72}},"25":{"start":{"line":114,"column":20},"end":{"line":117,"column":6}},"26":{"start":{"line":120,"column":4},"end":{"line":125,"column":5}},"27":{"start":{"line":121,"column":6},"end":{"line":124,"column":9}},"28":{"start":{"line":127,"column":4},"end":{"line":127,"column":19}},"29":{"start":{"line":131,"column":18},"end":{"line":133,"column":6}},"30":{"start":{"line":134,"column":4},"end":{"line":134,"column":76}},"31":{"start":{"line":134,"column":16},"end":{"line":134,"column":76}},"32":{"start":{"line":136,"column":4},"end":{"line":143,"column":7}},"33":{"start":{"line":5,"column":0},"end":{"line":5,"column":13}},"34":{"start":{"line":147,"column":0},"end":{"line":147,"column":34}}},"fnMap":{"0":{"name":"(anonymous_1)","decl":{"start":{"line":6,"column":2},"end":{"line":6,"column":7}},"loc":{"start":{"line":17,"column":5},"end":{"line":47,"column":3}}},"1":{"name":"(anonymous_2)","decl":{"start":{"line":49,"column":2},"end":{"line":49,"column":7}},"loc":{"start":{"line":49,"column":47},"end":{"line":69,"column":3}}},"2":{"name":"(anonymous_3)","decl":{"start":{"line":71,"column":2},"end":{"line":71,"column":7}},"loc":{"start":{"line":71,"column":63},"end":{"line":87,"column":3}}},"3":{"name":"(anonymous_4)","decl":{"start":{"line":89,"column":2},"end":{"line":89,"column":7}},"loc":{"start":{"line":89,"column":68},"end":{"line":99,"column":3}}},"4":{"name":"(anonymous_5)","decl":{"start":{"line":101,"column":2},"end":{"line":101,"column":7}},"loc":{"start":{"line":101,"column":49},"end":{"line":128,"column":3}}},"5":{"name":"(anonymous_6)","decl":{"start":{"line":130,"column":2},"end":{"line":130,"column":7}},"loc":{"start":{"line":130,"column":65},"end":{"line":144,"column":3}}}},"branchMap":{"0":{"loc":{"start":{"line":22,"column":4},"end":{"line":23,"column":69}},"type":"if","locations":[{"start":{"line":22,"column":4},"end":{"line":23,"column":69}}]},"1":{"loc":{"start":{"line":34,"column":23},"end":{"line":34,"column":46}},"type":"binary-expr","locations":[{"start":{"line":34,"column":23},"end":{"line":34,"column":41}},{"start":{"line":34,"column":45},"end":{"line":34,"column":46}}]},"2":{"loc":{"start":{"line":35,"column":26},"end":{"line":35,"column":52}},"type":"binary-expr","locations":[{"start":{"line":35,"column":26},"end":{"line":35,"column":47}},{"start":{"line":35,"column":51},"end":{"line":35,"column":52}}]},"3":{"loc":{"start":{"line":67,"column":4},"end":{"line":67,"column":59}},"type":"if","locations":[{"start":{"line":67,"column":4},"end":{"line":67,"column":59}}]},"4":{"loc":{"start":{"line":73,"column":6},"end":{"line":73,"column":73}},"type":"cond-expr","locations":[{"start":{"line":73,"column":28},"end":{"line":73,"column":50}},{"start":{"line":73,"column":53},"end":{"line":73,"column":73}}]},"5":{"loc":{"start":{"line":93,"column":4},"end":{"line":93,"column":76}},"type":"if","locations":[{"start":{"line":93,"column":4},"end":{"line":93,"column":76}}]},"6":{"loc":{"start":{"line":108,"column":4},"end":{"line":108,"column":59}},"type":"if","locations":[{"start":{"line":108,"column":4},"end":{"line":108,"column":59}}]},"7":{"loc":{"start":{"line":111,"column":4},"end":{"line":111,"column":68}},"type":"if","locations":[{"start":{"line":111,"column":4},"end":{"line":111,"column":68}}]},"8":{"loc":{"start":{"line":112,"column":4},"end":{"line":112,"column":72}},"type":"if","locations":[{"start":{"line":112,"column":4},"end":{"line":112,"column":72}}]},"9":{"loc":{"start":{"line":120,"column":4},"end":{"line":125,"column":5}},"type":"if","locations":[{"start":{"line":120,"column":4},"end":{"line":125,"column":5}}]},"10":{"loc":{"start":{"line":120,"column":8},"end":{"line":120,"column":58}},"type":"binary-expr","locations":[{"start":{"line":120,"column":8},"end":{"line":120,"column":30}},{"start":{"line":120,"column":34},"end":{"line":120,"column":58}}]},"11":{"loc":{"start":{"line":134,"column":4},"end":{"line":134,"column":76}},"type":"if","locations":[{"start":{"line":134,"column":4},"end":{"line":134,"column":76}}]}},"s":{"0":3,"1":3,"2":4,"3":4,"4":1,"5":3,"6":3,"7":4,"8":4,"9":1,"10":3,"11":6,"12":6,"13":3,"14":3,"15":1,"16":2,"17":2,"18":2,"19":1,"20":1,"21":1,"22":0,"23":1,"24":1,"25":1,"26":1,"27":0,"28":1,"29":3,"30":3,"31":1,"32":2,"33":3,"34":3},"f":{"0":4,"1":4,"2":6,"3":3,"4":2,"5":3},"b":{"0":[1],"1":[3,3],"2":[3,3],"3":[1],"4":[5,1],"5":[1],"6":[1],"7":[0],"8":[1],"9":[0],"10":[1,0],"11":[1]}}
,"D:\\RealEstateAI\\backend\\src\\modules\\payments\\payment.controller.ts": {"path":"D:\\RealEstateAI\\backend\\src\\modules\\payments\\payment.controller.ts","statementMap":{"0":{"start":{"line":3,"column":0},"end":{"line":3,"column":28}},"1":{"start":{"line":5,"column":0},"end":{"line":5,"column":42}},"2":{"start":{"line":6,"column":0},"end":{"line":6,"column":71}},"3":{"start":{"line":7,"column":0},"end":{"line":7,"column":55}},"4":{"start":{"line":9,"column":0},"end":{"line":9,"column":47}},"5":{"start":{"line":12,"column":2},"end":{"line":19,"column":5}},"6":{"start":{"line":13,"column":20},"end":{"line":13,"column":36}},"7":{"start":{"line":14,"column":20},"end":{"line":17,"column":6}},"8":{"start":{"line":18,"column":4},"end":{"line":18,"column":65}},"9":{"start":{"line":21,"column":2},"end":{"line":28,"column":5}},"10":{"start":{"line":22,"column":19},"end":{"line":22,"column":35}},"11":{"start":{"line":23,"column":19},"end":{"line":25,"column":null}},"12":{"start":{"line":27,"column":4},"end":{"line":27,"column":40}},"13":{"start":{"line":30,"column":2},"end":{"line":42,"column":5}},"14":{"start":{"line":31,"column":19},"end":{"line":31,"column":35}},"15":{"start":{"line":32,"column":70},"end":{"line":32,"column":78}},"16":{"start":{"line":33,"column":19},"end":{"line":40,"column":6}},"17":{"start":{"line":41,"column":4},"end":{"line":41,"column":71}},"18":{"start":{"line":44,"column":2},"end":{"line":51,"column":5}},"19":{"start":{"line":45,"column":19},"end":{"line":45,"column":35}},"20":{"start":{"line":46,"column":21},"end":{"line":48,"column":null}},"21":{"start":{"line":50,"column":4},"end":{"line":50,"column":42}},"22":{"start":{"line":53,"column":2},"end":{"line":60,"column":5}},"23":{"start":{"line":54,"column":19},"end":{"line":54,"column":35}},"24":{"start":{"line":55,"column":21},"end":{"line":57,"column":null}},"25":{"start":{"line":59,"column":4},"end":{"line":59,"column":42}},"26":{"start":{"line":62,"column":2},"end":{"line":69,"column":5}},"27":{"start":{"line":63,"column":19},"end":{"line":63,"column":35}},"28":{"start":{"line":64,"column":19},"end":{"line":66,"column":null}},"29":{"start":{"line":68,"column":4},"end":{"line":68,"column":67}},"30":{"start":{"line":71,"column":2},"end":{"line":96,"column":5}},"31":{"start":{"line":72,"column":16},"end":{"line":72,"column":57}},"32":{"start":{"line":73,"column":26},"end":{"line":73,"column":53}},"33":{"start":{"line":75,"column":4},"end":{"line":93,"column":5}},"34":{"start":{"line":76,"column":6},"end":{"line":89,"column":7}},"35":{"start":{"line":77,"column":23},"end":{"line":79,"column":10}},"36":{"start":{"line":80,"column":22},"end":{"line":83,"column":null}},"37":{"start":{"line":85,"column":8},"end":{"line":85,"column":56}},"38":{"start":{"line":87,"column":8},"end":{"line":87,"column":78}},"39":{"start":{"line":88,"column":8},"end":{"line":88,"column":73}},"40":{"start":{"line":92,"column":6},"end":{"line":92,"column":57}},"41":{"start":{"line":95,"column":4},"end":{"line":95,"column":59}},"42":{"start":{"line":11,"column":0},"end":{"line":11,"column":13}},"43":{"start":{"line":99,"column":0},"end":{"line":99,"column":39}}},"fnMap":{"0":{"name":"(anonymous_1)","decl":{"start":{"line":11,"column":0},"end":{"line":11,"column":13}},"loc":{"start":{"line":11,"column":0},"end":{"line":97,"column":1}}},"1":{"name":"(anonymous_2)","decl":{"start":{"line":12,"column":24},"end":{"line":12,"column":29}},"loc":{"start":{"line":12,"column":62},"end":{"line":19,"column":3}}},"2":{"name":"(anonymous_3)","decl":{"start":{"line":21,"column":37},"end":{"line":21,"column":42}},"loc":{"start":{"line":21,"column":75},"end":{"line":28,"column":3}}},"3":{"name":"(anonymous_4)","decl":{"start":{"line":30,"column":43},"end":{"line":30,"column":48}},"loc":{"start":{"line":30,"column":81},"end":{"line":42,"column":3}}},"4":{"name":"(anonymous_5)","decl":{"start":{"line":44,"column":31},"end":{"line":44,"column":36}},"loc":{"start":{"line":44,"column":69},"end":{"line":51,"column":3}}},"5":{"name":"(anonymous_6)","decl":{"start":{"line":53,"column":34},"end":{"line":53,"column":39}},"loc":{"start":{"line":53,"column":72},"end":{"line":60,"column":3}}},"6":{"name":"(anonymous_7)","decl":{"start":{"line":62,"column":38},"end":{"line":62,"column":43}},"loc":{"start":{"line":62,"column":76},"end":{"line":69,"column":3}}},"7":{"name":"(anonymous_8)","decl":{"start":{"line":71,"column":31},"end":{"line":71,"column":36}},"loc":{"start":{"line":71,"column":69},"end":{"line":96,"column":3}}}},"branchMap":{"0":{"loc":{"start":{"line":75,"column":4},"end":{"line":93,"column":5}},"type":"if","locations":[{"start":{"line":75,"column":4},"end":{"line":93,"column":5}},{"start":{"line":90,"column":11},"end":{"line":93,"column":5}}]},"1":{"loc":{"start":{"line":75,"column":8},"end":{"line":75,"column":28}},"type":"binary-expr","locations":[{"start":{"line":75,"column":8},"end":{"line":75,"column":21}},{"start":{"line":75,"column":25},"end":{"line":75,"column":28}}]}},"s":{"0":3,"1":3,"2":3,"3":3,"4":3,"5":3,"6":4,"7":4,"8":3,"9":3,"10":2,"11":2,"12":1,"13":3,"14":0,"15":0,"16":0,"17":0,"18":3,"19":6,"20":6,"21":6,"22":3,"23":3,"24":3,"25":2,"26":3,"27":3,"28":3,"29":2,"30":3,"31":2,"32":2,"33":2,"34":0,"35":0,"36":0,"37":0,"38":0,"39":0,"40":2,"41":2,"42":3,"43":3},"f":{"0":3,"1":4,"2":2,"3":0,"4":6,"5":3,"6":3,"7":2},"b":{"0":[0,2],"1":[2,0]}}
,"D:\\RealEstateAI\\backend\\src\\modules\\payments\\payment.routes.ts": {"path":"D:\\RealEstateAI\\backend\\src\\modules\\payments\\payment.routes.ts","statementMap":{"0":{"start":{"line":2,"column":0},"end":{"line":2,"column":33}},"1":{"start":{"line":4,"column":0},"end":{"line":4,"column":53}},"2":{"start":{"line":6,"column":0},"end":{"line":6,"column":53}},"3":{"start":{"line":8,"column":15},"end":{"line":8,"column":23}},"4":{"start":{"line":11,"column":0},"end":{"line":11,"column":57}},"5":{"start":{"line":14,"column":0},"end":{"line":14,"column":57}},"6":{"start":{"line":15,"column":0},"end":{"line":15,"column":97}},"7":{"start":{"line":16,"column":0},"end":{"line":16,"column":74}},"8":{"start":{"line":17,"column":0},"end":{"line":17,"column":80}},"9":{"start":{"line":18,"column":0},"end":{"line":18,"column":77}},"10":{"start":{"line":19,"column":0},"end":{"line":23,"column":2}},"11":{"start":{"line":25,"column":0},"end":{"line":25,"column":22}}},"fnMap":{},"branchMap":{},"s":{"0":3,"1":3,"2":3,"3":3,"4":3,"5":3,"6":3,"7":3,"8":3,"9":3,"10":3,"11":3},"f":{},"b":{}}
,"D:\\RealEstateAI\\backend\\src\\modules\\payments\\payment.service.ts": {"path":"D:\\RealEstateAI\\backend\\src\\modules\\payments\\payment.service.ts","statementMap":{"0":{"start":{"line":2,"column":0},"end":{"line":2,"column":28}},"1":{"start":{"line":4,"column":0},"end":{"line":4,"column":43}},"2":{"start":{"line":5,"column":0},"end":{"line":5,"column":57}},"3":{"start":{"line":9,"column":15},"end":{"line":13,"column":8}},"4":{"start":{"line":25,"column":18},"end":{"line":30,"column":6}},"5":{"start":{"line":31,"column":4},"end":{"line":31,"column":76}},"6":{"start":{"line":31,"column":16},"end":{"line":31,"column":76}},"7":{"start":{"line":33,"column":4},"end":{"line":43,"column":7}},"8":{"start":{"line":48,"column":4},"end":{"line":53,"column":5}},"9":{"start":{"line":49,"column":6},"end":{"line":52,"column":8}},"10":{"start":{"line":55,"column":20},"end":{"line":58,"column":6}},"11":{"start":{"line":59,"column":4},"end":{"line":59,"column":63}},"12":{"start":{"line":59,"column":18},"end":{"line":59,"column":63}},"13":{"start":{"line":60,"column":4},"end":{"line":61,"column":59}},"14":{"start":{"line":61,"column":6},"end":{"line":61,"column":59}},"15":{"start":{"line":63,"column":26},"end":{"line":74,"column":6}},"16":{"start":{"line":76,"column":4},"end":{"line":79,"column":7}},"17":{"start":{"line":81,"column":4},"end":{"line":84,"column":6}},"18":{"start":{"line":96,"column":4},"end":{"line":101,"column":5}},"19":{"start":{"line":97,"column":6},"end":{"line":100,"column":8}},"20":{"start":{"line":103,"column":26},"end":{"line":113,"column":6}},"21":{"start":{"line":115,"column":4},"end":{"line":118,"column":6}},"22":{"start":{"line":123,"column":20},"end":{"line":129,"column":6}},"23":{"start":{"line":130,"column":4},"end":{"line":130,"column":19}},"24":{"start":{"line":135,"column":18},"end":{"line":140,"column":6}},"25":{"start":{"line":141,"column":4},"end":{"line":141,"column":76}},"26":{"start":{"line":141,"column":16},"end":{"line":141,"column":76}},"27":{"start":{"line":143,"column":4},"end":{"line":146,"column":7}},"28":{"start":{"line":151,"column":43},"end":{"line":151,"column":62}},"29":{"start":{"line":152,"column":4},"end":{"line":152,"column":38}},"30":{"start":{"line":152,"column":16},"end":{"line":152,"column":38}},"31":{"start":{"line":154,"column":4},"end":{"line":164,"column":7}},"32":{"start":{"line":169,"column":4},"end":{"line":208,"column":5}},"33":{"start":{"line":171,"column":30},"end":{"line":171,"column":71}},"34":{"start":{"line":172,"column":26},"end":{"line":172,"column":58}},"35":{"start":{"line":174,"column":8},"end":{"line":191,"column":9}},"36":{"start":{"line":175,"column":10},"end":{"line":186,"column":11}},"37":{"start":{"line":176,"column":12},"end":{"line":176,"column":49}},"38":{"start":{"line":177,"column":12},"end":{"line":179,"column":14}},"39":{"start":{"line":181,"column":12},"end":{"line":184,"column":14}},"40":{"start":{"line":185,"column":12},"end":{"line":185,"column":22}},"41":{"start":{"line":188,"column":10},"end":{"line":190,"column":12}},"42":{"start":{"line":192,"column":8},"end":{"line":192,"column":14}},"43":{"start":{"line":196,"column":29},"end":{"line":196,"column":70}},"44":{"start":{"line":197,"column":32},"end":{"line":197,"column":63}},"45":{"start":{"line":198,"column":8},"end":{"line":202,"column":9}},"46":{"start":{"line":199,"column":10},"end":{"line":201,"column":12}},"47":{"start":{"line":203,"column":8},"end":{"line":203,"column":14}},"48":{"start":{"line":207,"column":8},"end":{"line":207,"column":76}},"49":{"start":{"line":213,"column":18},"end":{"line":215,"column":6}},"50":{"start":{"line":216,"column":4},"end":{"line":216,"column":76}},"51":{"start":{"line":216,"column":16},"end":{"line":216,"column":76}},"52":{"start":{"line":218,"column":21},"end":{"line":218,"column":23}},"53":{"start":{"line":219,"column":18},"end":{"line":219,"column":43}},"54":{"start":{"line":220,"column":16},"end":{"line":220,"column":39}},"55":{"start":{"line":221,"column":20},"end":{"line":221,"column":35}},"56":{"start":{"line":223,"column":4},"end":{"line":235,"column":5}},"57":{"start":{"line":224,"column":6},"end":{"line":233,"column":9}},"58":{"start":{"line":234,"column":6},"end":{"line":234,"column":47}},"59":{"start":{"line":237,"column":20},"end":{"line":237,"column":71}},"60":{"start":{"line":238,"column":4},"end":{"line":238,"column":36}},"61":{"start":{"line":15,"column":0},"end":{"line":15,"column":13}},"62":{"start":{"line":242,"column":0},"end":{"line":242,"column":36}}},"fnMap":{"0":{"name":"(anonymous_1)","decl":{"start":{"line":17,"column":2},"end":{"line":17,"column":7}},"loc":{"start":{"line":24,"column":3},"end":{"line":44,"column":3}}},"1":{"name":"(anonymous_2)","decl":{"start":{"line":47,"column":2},"end":{"line":47,"column":7}},"loc":{"start":{"line":47,"column":61},"end":{"line":85,"column":3}}},"2":{"name":"(anonymous_3)","decl":{"start":{"line":88,"column":2},"end":{"line":88,"column":7}},"loc":{"start":{"line":95,"column":3},"end":{"line":119,"column":3}}},"3":{"name":"(anonymous_4)","decl":{"start":{"line":122,"column":2},"end":{"line":122,"column":7}},"loc":{"start":{"line":122,"column":40},"end":{"line":131,"column":3}}},"4":{"name":"(anonymous_5)","decl":{"start":{"line":134,"column":2},"end":{"line":134,"column":7}},"loc":{"start":{"line":134,"column":56},"end":{"line":147,"column":3}}},"5":{"name":"(anonymous_6)","decl":{"start":{"line":150,"column":2},"end":{"line":150,"column":7}},"loc":{"start":{"line":150,"column":53},"end":{"line":165,"column":3}}},"6":{"name":"(anonymous_7)","decl":{"start":{"line":168,"column":2},"end":{"line":168,"column":7}},"loc":{"start":{"line":168,"column":47},"end":{"line":209,"column":3}}},"7":{"name":"(anonymous_8)","decl":{"start":{"line":212,"column":2},"end":{"line":212,"column":7}},"loc":{"start":{"line":212,"column":60},"end":{"line":239,"column":3}}}},"branchMap":{"0":{"loc":{"start":{"line":9,"column":15},"end":{"line":13,"column":8}},"type":"cond-expr","locations":[{"start":{"line":10,"column":4},"end":{"line":12,"column":6}},{"start":{"line":13,"column":4},"end":{"line":13,"column":8}}]},"1":{"loc":{"start":{"line":31,"column":4},"end":{"line":31,"column":76}},"type":"if","locations":[{"start":{"line":31,"column":4},"end":{"line":31,"column":76}}]},"2":{"loc":{"start":{"line":48,"column":4},"end":{"line":53,"column":5}},"type":"if","locations":[{"start":{"line":48,"column":4},"end":{"line":53,"column":5}}]},"3":{"loc":{"start":{"line":59,"column":4},"end":{"line":59,"column":63}},"type":"if","locations":[{"start":{"line":59,"column":4},"end":{"line":59,"column":63}}]},"4":{"loc":{"start":{"line":60,"column":4},"end":{"line":61,"column":59}},"type":"if","locations":[{"start":{"line":60,"column":4},"end":{"line":61,"column":59}}]},"5":{"loc":{"start":{"line":96,"column":4},"end":{"line":101,"column":5}},"type":"if","locations":[{"start":{"line":96,"column":4},"end":{"line":101,"column":5}}]},"6":{"loc":{"start":{"line":110,"column":12},"end":{"line":110,"column":53}},"type":"binary-expr","locations":[{"start":{"line":110,"column":12},"end":{"line":110,"column":24}},{"start":{"line":110,"column":28},"end":{"line":110,"column":53}}]},"7":{"loc":{"start":{"line":141,"column":4},"end":{"line":141,"column":76}},"type":"if","locations":[{"start":{"line":141,"column":4},"end":{"line":141,"column":76}}]},"8":{"loc":{"start":{"line":152,"column":4},"end":{"line":152,"column":38}},"type":"if","locations":[{"start":{"line":152,"column":4},"end":{"line":152,"column":38}}]},"9":{"loc":{"start":{"line":169,"column":4},"end":{"line":208,"column":5}},"type":"switch","locations":[{"start":{"line":170,"column":6},"end":{"line":193,"column":7}},{"start":{"line":195,"column":6},"end":{"line":204,"column":7}},{"start":{"line":206,"column":6},"end":{"line":207,"column":76}}]},"10":{"loc":{"start":{"line":174,"column":8},"end":{"line":191,"column":9}},"type":"if","locations":[{"start":{"line":174,"column":8},"end":{"line":191,"column":9}},{"start":{"line":187,"column":15},"end":{"line":191,"column":9}}]},"11":{"loc":{"start":{"line":198,"column":8},"end":{"line":202,"column":9}},"type":"if","locations":[{"start":{"line":198,"column":8},"end":{"line":202,"column":9}}]},"12":{"loc":{"start":{"line":216,"column":4},"end":{"line":216,"column":76}},"type":"if","locations":[{"start":{"line":216,"column":4},"end":{"line":216,"column":76}}]}},"s":{"0":3,"1":3,"2":3,"3":3,"4":4,"5":4,"6":1,"7":3,"8":2,"9":0,"10":2,"11":2,"12":1,"13":1,"14":0,"15":1,"16":1,"17":1,"18":0,"19":0,"20":0,"21":0,"22":2,"23":2,"24":3,"25":3,"26":1,"27":2,"28":6,"29":6,"30":1,"31":6,"32":2,"33":2,"34":2,"35":2,"36":2,"37":2,"38":2,"39":0,"40":0,"41":0,"42":2,"43":0,"44":0,"45":0,"46":0,"47":0,"48":0,"49":3,"50":3,"51":1,"52":2,"53":2,"54":2,"55":2,"56":2,"57":24,"58":24,"59":2,"60":2,"61":3,"62":3},"f":{"0":4,"1":2,"2":0,"3":2,"4":3,"5":6,"6":2,"7":3},"b":{"0":[3,0],"1":[1],"2":[0],"3":[1],"4":[0],"5":[0],"6":[0,0],"7":[1],"8":[1],"9":[2,0,0],"10":[2,0],"11":[0],"12":[1]}}
,"D:\\RealEstateAI\\backend\\src\\modules\\properties\\property.controller.ts": {"path":"D:\\RealEstateAI\\backend\\src\\modules\\properties\\property.controller.ts","statementMap":{"0":{"start":{"line":4,"column":0},"end":{"line":4,"column":61}},"1":{"start":{"line":5,"column":0},"end":{"line":5,"column":55}},"2":{"start":{"line":7,"column":0},"end":{"line":7,"column":49}},"3":{"start":{"line":10,"column":2},"end":{"line":14,"column":5}},"4":{"start":{"line":11,"column":20},"end":{"line":11,"column":36}},"5":{"start":{"line":12,"column":21},"end":{"line":12,"column":68}},"6":{"start":{"line":13,"column":4},"end":{"line":13,"column":67}},"7":{"start":{"line":16,"column":2},"end":{"line":19,"column":5}},"8":{"start":{"line":17,"column":19},"end":{"line":17,"column":58}},"9":{"start":{"line":18,"column":4},"end":{"line":18,"column":40}},"10":{"start":{"line":21,"column":2},"end":{"line":24,"column":5}},"11":{"start":{"line":22,"column":21},"end":{"line":22,"column":65}},"12":{"start":{"line":23,"column":4},"end":{"line":23,"column":42}},"13":{"start":{"line":26,"column":2},"end":{"line":29,"column":5}},"14":{"start":{"line":27,"column":21},"end":{"line":27,"column":69}},"15":{"start":{"line":28,"column":4},"end":{"line":28,"column":42}},"16":{"start":{"line":31,"column":2},"end":{"line":39,"column":5}},"17":{"start":{"line":32,"column":20},"end":{"line":32,"column":36}},"18":{"start":{"line":33,"column":21},"end":{"line":36,"column":null}},"19":{"start":{"line":38,"column":4},"end":{"line":38,"column":62}},"20":{"start":{"line":41,"column":2},"end":{"line":45,"column":5}},"21":{"start":{"line":42,"column":20},"end":{"line":42,"column":36}},"22":{"start":{"line":43,"column":4},"end":{"line":43,"column":57}},"23":{"start":{"line":44,"column":4},"end":{"line":44,"column":58}},"24":{"start":{"line":47,"column":2},"end":{"line":56,"column":5}},"25":{"start":{"line":48,"column":20},"end":{"line":48,"column":36}},"26":{"start":{"line":49,"column":28},"end":{"line":49,"column":37}},"27":{"start":{"line":50,"column":19},"end":{"line":53,"column":null}},"28":{"start":{"line":55,"column":4},"end":{"line":55,"column":40}},"29":{"start":{"line":58,"column":2},"end":{"line":62,"column":5}},"30":{"start":{"line":59,"column":20},"end":{"line":59,"column":36}},"31":{"start":{"line":60,"column":21},"end":{"line":60,"column":74}},"32":{"start":{"line":61,"column":4},"end":{"line":61,"column":64}},"33":{"start":{"line":9,"column":0},"end":{"line":9,"column":13}},"34":{"start":{"line":65,"column":0},"end":{"line":65,"column":40}}},"fnMap":{"0":{"name":"(anonymous_1)","decl":{"start":{"line":9,"column":0},"end":{"line":9,"column":13}},"loc":{"start":{"line":9,"column":0},"end":{"line":63,"column":1}}},"1":{"name":"(anonymous_2)","decl":{"start":{"line":10,"column":24},"end":{"line":10,"column":29}},"loc":{"start":{"line":10,"column":62},"end":{"line":14,"column":3}}},"2":{"name":"(anonymous_3)","decl":{"start":{"line":16,"column":24},"end":{"line":16,"column":29}},"loc":{"start":{"line":16,"column":62},"end":{"line":19,"column":3}}},"3":{"name":"(anonymous_4)","decl":{"start":{"line":21,"column":25},"end":{"line":21,"column":30}},"loc":{"start":{"line":21,"column":63},"end":{"line":24,"column":3}}},"4":{"name":"(anonymous_5)","decl":{"start":{"line":26,"column":27},"end":{"line":26,"column":32}},"loc":{"start":{"line":26,"column":65},"end":{"line":29,"column":3}}},"5":{"name":"(anonymous_6)","decl":{"start":{"line":31,"column":24},"end":{"line":31,"column":29}},"loc":{"start":{"line":31,"column":62},"end":{"line":39,"column":3}}},"6":{"name":"(anonymous_7)","decl":{"start":{"line":41,"column":24},"end":{"line":41,"column":29}},"loc":{"start":{"line":41,"column":62},"end":{"line":45,"column":3}}},"7":{"name":"(anonymous_8)","decl":{"start":{"line":47,"column":33},"end":{"line":47,"column":38}},"loc":{"start":{"line":47,"column":71},"end":{"line":56,"column":3}}},"8":{"name":"(anonymous_9)","decl":{"start":{"line":58,"column":25},"end":{"line":58,"column":30}},"loc":{"start":{"line":58,"column":63},"end":{"line":62,"column":3}}}},"branchMap":{"0":{"loc":{"start":{"line":52,"column":6},"end":{"line":52,"column":41}},"type":"cond-expr","locations":[{"start":{"line":52,"column":13},"end":{"line":52,"column":37}},{"start":{"line":52,"column":40},"end":{"line":52,"column":41}}]},"1":{"loc":{"start":{"line":53,"column":6},"end":{"line":53,"column":44}},"type":"cond-expr","locations":[{"start":{"line":53,"column":14},"end":{"line":53,"column":39}},{"start":{"line":53,"column":42},"end":{"line":53,"column":44}}]}},"s":{"0":3,"1":3,"2":3,"3":3,"4":3,"5":3,"6":3,"7":3,"8":5,"9":5,"10":3,"11":4,"12":2,"13":3,"14":0,"15":0,"16":3,"17":4,"18":4,"19":2,"20":3,"21":5,"22":5,"23":2,"24":3,"25":0,"26":0,"27":0,"28":0,"29":3,"30":0,"31":0,"32":0,"33":3,"34":3},"f":{"0":3,"1":3,"2":5,"3":4,"4":0,"5":4,"6":5,"7":0,"8":0},"b":{"0":[0,0],"1":[0,0]}}
,"D:\\RealEstateAI\\backend\\src\\modules\\properties\\property.routes.ts": {"path":"D:\\RealEstateAI\\backend\\src\\modules\\properties\\property.routes.ts","statementMap":{"0":{"start":{"line":2,"column":0},"end":{"line":2,"column":33}},"1":{"start":{"line":4,"column":0},"end":{"line":4,"column":67}},"2":{"start":{"line":5,"column":0},"end":{"line":5,"column":55}},"3":{"start":{"line":7,"column":0},"end":{"line":7,"column":55}},"4":{"start":{"line":8,"column":0},"end":{"line":8,"column":null}},"5":{"start":{"line":13,"column":15},"end":{"line":13,"column":23}},"6":{"start":{"line":16,"column":0},"end":{"line":16,"column":57}},"7":{"start":{"line":17,"column":0},"end":{"line":17,"column":70}},"8":{"start":{"line":18,"column":0},"end":{"line":18,"column":61}},"9":{"start":{"line":21,"column":0},"end":{"line":26,"column":2}},"10":{"start":{"line":27,"column":0},"end":{"line":32,"column":2}},"11":{"start":{"line":33,"column":0},"end":{"line":33,"column":63}},"12":{"start":{"line":34,"column":0},"end":{"line":34,"column":79}},"13":{"start":{"line":35,"column":0},"end":{"line":35,"column":70}},"14":{"start":{"line":37,"column":0},"end":{"line":37,"column":22}}},"fnMap":{},"branchMap":{},"s":{"0":3,"1":3,"2":3,"3":3,"4":3,"5":3,"6":3,"7":3,"8":3,"9":3,"10":3,"11":3,"12":3,"13":3,"14":3},"f":{},"b":{}}
,"D:\\RealEstateAI\\backend\\src\\modules\\properties\\property.service.ts": {"path":"D:\\RealEstateAI\\backend\\src\\modules\\properties\\property.service.ts","statementMap":{"0":{"start":{"line":2,"column":0},"end":{"line":2,"column":43}},"1":{"start":{"line":3,"column":0},"end":{"line":3,"column":57}},"2":{"start":{"line":10,"column":7},"end":{"line":10,"column":89}},"3":{"start":{"line":12,"column":21},"end":{"line":30,"column":6}},"4":{"start":{"line":32,"column":4},"end":{"line":32,"column":20}},"5":{"start":{"line":47,"column":8},"end":{"line":47,"column":15}},"6":{"start":{"line":49,"column":39},"end":{"line":52,"column":6}},"7":{"start":{"line":54,"column":4},"end":{"line":54,"column":56}},"8":{"start":{"line":54,"column":22},"end":{"line":54,"column":56}},"9":{"start":{"line":55,"column":4},"end":{"line":59,"column":5}},"10":{"start":{"line":56,"column":6},"end":{"line":56,"column":23}},"11":{"start":{"line":57,"column":6},"end":{"line":57,"column":69}},"12":{"start":{"line":57,"column":20},"end":{"line":57,"column":69}},"13":{"start":{"line":58,"column":6},"end":{"line":58,"column":69}},"14":{"start":{"line":58,"column":20},"end":{"line":58,"column":69}},"15":{"start":{"line":60,"column":4},"end":{"line":60,"column":64}},"16":{"start":{"line":60,"column":18},"end":{"line":60,"column":64}},"17":{"start":{"line":61,"column":4},"end":{"line":61,"column":69}},"18":{"start":{"line":61,"column":19},"end":{"line":61,"column":69}},"19":{"start":{"line":62,"column":4},"end":{"line":67,"column":5}},"20":{"start":{"line":63,"column":6},"end":{"line":66,"column":8}},"21":{"start":{"line":69,"column":32},"end":{"line":89,"column":6}},"22":{"start":{"line":91,"column":4},"end":{"line":99,"column":6}},"23":{"start":{"line":104,"column":21},"end":{"line":120,"column":6}},"24":{"start":{"line":122,"column":4},"end":{"line":124,"column":5}},"25":{"start":{"line":123,"column":6},"end":{"line":123,"column":74}},"26":{"start":{"line":127,"column":4},"end":{"line":130,"column":7}},"27":{"start":{"line":132,"column":4},"end":{"line":132,"column":20}},"28":{"start":{"line":137,"column":21},"end":{"line":151,"column":6}},"29":{"start":{"line":153,"column":4},"end":{"line":155,"column":5}},"30":{"start":{"line":154,"column":6},"end":{"line":154,"column":74}},"31":{"start":{"line":157,"column":4},"end":{"line":157,"column":20}},"32":{"start":{"line":162,"column":21},"end":{"line":164,"column":6}},"33":{"start":{"line":166,"column":4},"end":{"line":168,"column":5}},"34":{"start":{"line":167,"column":6},"end":{"line":167,"column":74}},"35":{"start":{"line":170,"column":4},"end":{"line":172,"column":5}},"36":{"start":{"line":171,"column":6},"end":{"line":171,"column":61}},"37":{"start":{"line":174,"column":20},"end":{"line":180,"column":6}},"38":{"start":{"line":182,"column":4},"end":{"line":182,"column":19}},"39":{"start":{"line":187,"column":21},"end":{"line":189,"column":6}},"40":{"start":{"line":191,"column":4},"end":{"line":193,"column":5}},"41":{"start":{"line":192,"column":6},"end":{"line":192,"column":74}},"42":{"start":{"line":195,"column":4},"end":{"line":197,"column":5}},"43":{"start":{"line":196,"column":6},"end":{"line":196,"column":61}},"44":{"start":{"line":200,"column":4},"end":{"line":203,"column":7}},"45":{"start":{"line":208,"column":32},"end":{"line":229,"column":6}},"46":{"start":{"line":231,"column":4},"end":{"line":239,"column":6}},"47":{"start":{"line":244,"column":21},"end":{"line":246,"column":6}},"48":{"start":{"line":248,"column":4},"end":{"line":250,"column":5}},"49":{"start":{"line":249,"column":6},"end":{"line":249,"column":74}},"50":{"start":{"line":252,"column":4},"end":{"line":254,"column":5}},"51":{"start":{"line":253,"column":6},"end":{"line":253,"column":61}},"52":{"start":{"line":256,"column":20},"end":{"line":262,"column":6}},"53":{"start":{"line":264,"column":4},"end":{"line":264,"column":19}},"54":{"start":{"line":5,"column":0},"end":{"line":5,"column":13}},"55":{"start":{"line":268,"column":0},"end":{"line":268,"column":37}}},"fnMap":{"0":{"name":"(anonymous_1)","decl":{"start":{"line":7,"column":2},"end":{"line":7,"column":7}},"loc":{"start":{"line":7,"column":57},"end":{"line":33,"column":3}}},"1":{"name":"(anonymous_2)","decl":{"start":{"line":36,"column":2},"end":{"line":36,"column":7}},"loc":{"start":{"line":36,"column":48},"end":{"line":100,"column":3}}},"2":{"name":"(anonymous_3)","decl":{"start":{"line":103,"column":2},"end":{"line":103,"column":7}},"loc":{"start":{"line":103,"column":26},"end":{"line":133,"column":3}}},"3":{"name":"(anonymous_4)","decl":{"start":{"line":136,"column":2},"end":{"line":136,"column":7}},"loc":{"start":{"line":136,"column":30},"end":{"line":158,"column":3}}},"4":{"name":"(anonymous_5)","decl":{"start":{"line":161,"column":2},"end":{"line":161,"column":7}},"loc":{"start":{"line":161,"column":73},"end":{"line":183,"column":3}}},"5":{"name":"(anonymous_6)","decl":{"start":{"line":186,"column":2},"end":{"line":186,"column":7}},"loc":{"start":{"line":186,"column":42},"end":{"line":204,"column":3}}},"6":{"name":"(anonymous_7)","decl":{"start":{"line":207,"column":2},"end":{"line":207,"column":7}},"loc":{"start":{"line":207,"column":61},"end":{"line":240,"column":3}}},"7":{"name":"(anonymous_8)","decl":{"start":{"line":243,"column":2},"end":{"line":243,"column":7}},"loc":{"start":{"line":243,"column":43},"end":{"line":265,"column":3}}}},"branchMap":{"0":{"loc":{"start":{"line":36,"column":15},"end":{"line":36,"column":48}},"type":"default-arg","locations":[{"start":{"line":36,"column":46},"end":{"line":36,"column":48}}]},"1":{"loc":{"start":{"line":38,"column":6},"end":{"line":38,"column":14}},"type":"default-arg","locations":[{"start":{"line":38,"column":13},"end":{"line":38,"column":14}}]},"2":{"loc":{"start":{"line":39,"column":6},"end":{"line":39,"column":16}},"type":"default-arg","locations":[{"start":{"line":39,"column":14},"end":{"line":39,"column":16}}]},"3":{"loc":{"start":{"line":51,"column":14},"end":{"line":51,"column":32}},"type":"binary-expr","locations":[{"start":{"line":51,"column":14},"end":{"line":51,"column":20}},{"start":{"line":51,"column":24},"end":{"line":51,"column":32}}]},"4":{"loc":{"start":{"line":54,"column":4},"end":{"line":54,"column":56}},"type":"if","locations":[{"start":{"line":54,"column":4},"end":{"line":54,"column":56}}]},"5":{"loc":{"start":{"line":55,"column":4},"end":{"line":59,"column":5}},"type":"if","locations":[{"start":{"line":55,"column":4},"end":{"line":59,"column":5}}]},"6":{"loc":{"start":{"line":55,"column":8},"end":{"line":55,"column":28}},"type":"binary-expr","locations":[{"start":{"line":55,"column":8},"end":{"line":55,"column":16}},{"start":{"line":55,"column":20},"end":{"line":55,"column":28}}]},"7":{"loc":{"start":{"line":57,"column":6},"end":{"line":57,"column":69}},"type":"if","locations":[{"start":{"line":57,"column":6},"end":{"line":57,"column":69}}]},"8":{"loc":{"start":{"line":58,"column":6},"end":{"line":58,"column":69}},"type":"if","locations":[{"start":{"line":58,"column":6},"end":{"line":58,"column":69}}]},"9":{"loc":{"start":{"line":60,"column":4},"end":{"line":60,"column":64}},"type":"if","locations":[{"start":{"line":60,"column":4},"end":{"line":60,"column":64}}]},"10":{"loc":{"start":{"line":61,"column":4},"end":{"line":61,"column":69}},"type":"if","locations":[{"start":{"line":61,"column":4},"end":{"line":61,"column":69}}]},"11":{"loc":{"start":{"line":62,"column":4},"end":{"line":67,"column":5}},"type":"if","locations":[{"start":{"line":62,"column":4},"end":{"line":67,"column":5}}]},"12":{"loc":{"start":{"line":122,"column":4},"end":{"line":124,"column":5}},"type":"if","locations":[{"start":{"line":122,"column":4},"end":{"line":124,"column":5}}]},"13":{"loc":{"start":{"line":122,"column":8},"end":{"line":122,"column":39}},"type":"binary-expr","locations":[{"start":{"line":122,"column":8},"end":{"line":122,"column":17}},{"start":{"line":122,"column":21},"end":{"line":122,"column":39}}]},"14":{"loc":{"start":{"line":153,"column":4},"end":{"line":155,"column":5}},"type":"if","locations":[{"start":{"line":153,"column":4},"end":{"line":155,"column":5}}]},"15":{"loc":{"start":{"line":153,"column":8},"end":{"line":153,"column":39}},"type":"binary-expr","locations":[{"start":{"line":153,"column":8},"end":{"line":153,"column":17}},{"start":{"line":153,"column":21},"end":{"line":153,"column":39}}]},"16":{"loc":{"start":{"line":166,"column":4},"end":{"line":168,"column":5}},"type":"if","locations":[{"start":{"line":166,"column":4},"end":{"line":168,"column":5}}]},"17":{"loc":{"start":{"line":166,"column":8},"end":{"line":166,"column":39}},"type":"binary-expr","locations":[{"start":{"line":166,"column":8},"end":{"line":166,"column":17}},{"start":{"line":166,"column":21},"end":{"line":166,"column":39}}]},"18":{"loc":{"start":{"line":170,"column":4},"end":{"line":172,"column":5}},"type":"if","locations":[{"start":{"line":170,"column":4},"end":{"line":172,"column":5}}]},"19":{"loc":{"start":{"line":191,"column":4},"end":{"line":193,"column":5}},"type":"if","locations":[{"start":{"line":191,"column":4},"end":{"line":193,"column":5}}]},"20":{"loc":{"start":{"line":191,"column":8},"end":{"line":191,"column":39}},"type":"binary-expr","locations":[{"start":{"line":191,"column":8},"end":{"line":191,"column":17}},{"start":{"line":191,"column":21},"end":{"line":191,"column":39}}]},"21":{"loc":{"start":{"line":195,"column":4},"end":{"line":197,"column":5}},"type":"if","locations":[{"start":{"line":195,"column":4},"end":{"line":197,"column":5}}]},"22":{"loc":{"start":{"line":207,"column":41},"end":{"line":207,"column":49}},"type":"default-arg","locations":[{"start":{"line":207,"column":48},"end":{"line":207,"column":49}}]},"23":{"loc":{"start":{"line":207,"column":51},"end":{"line":207,"column":61}},"type":"default-arg","locations":[{"start":{"line":207,"column":59},"end":{"line":207,"column":61}}]},"24":{"loc":{"start":{"line":248,"column":4},"end":{"line":250,"column":5}},"type":"if","locations":[{"start":{"line":248,"column":4},"end":{"line":250,"column":5}}]},"25":{"loc":{"start":{"line":248,"column":8},"end":{"line":248,"column":39}},"type":"binary-expr","locations":[{"start":{"line":248,"column":8},"end":{"line":248,"column":17}},{"start":{"line":248,"column":21},"end":{"line":248,"column":39}}]},"26":{"loc":{"start":{"line":252,"column":4},"end":{"line":254,"column":5}},"type":"if","locations":[{"start":{"line":252,"column":4},"end":{"line":254,"column":5}}]}},"s":{"0":3,"1":3,"2":3,"3":3,"4":3,"5":5,"6":5,"7":5,"8":0,"9":5,"10":0,"11":0,"12":0,"13":0,"14":0,"15":5,"16":0,"17":5,"18":0,"19":5,"20":0,"21":5,"22":5,"23":4,"24":4,"25":2,"26":2,"27":2,"28":0,"29":0,"30":0,"31":0,"32":4,"33":4,"34":1,"35":3,"36":1,"37":2,"38":2,"39":5,"40":5,"41":2,"42":3,"43":1,"44":2,"45":0,"46":0,"47":0,"48":0,"49":0,"50":0,"51":0,"52":0,"53":0,"54":3,"55":3},"f":{"0":3,"1":5,"2":4,"3":0,"4":4,"5":5,"6":0,"7":0},"b":{"0":[0],"1":[5],"2":[5],"3":[5,5],"4":[0],"5":[0],"6":[5,5],"7":[0],"8":[0],"9":[0],"10":[0],"11":[0],"12":[2],"13":[4,3],"14":[0],"15":[0,0],"16":[1],"17":[4,3],"18":[1],"19":[2],"20":[5,4],"21":[1],"22":[0],"23":[0],"24":[0],"25":[0,0],"26":[0]}}
,"D:\\RealEstateAI\\backend\\src\\modules\\properties\\property.validation.ts": {"path":"D:\\RealEstateAI\\backend\\src\\modules\\properties\\property.validation.ts","statementMap":{"0":{"start":{"line":2,"column":0},"end":{"line":2,"column":24}},"1":{"start":{"line":4,"column":13},"end":{"line":35,"column":3}},"2":{"start":{"line":37,"column":13},"end":{"line":62,"column":3}}},"fnMap":{},"branchMap":{},"s":{"0":3,"1":3,"2":3},"f":{},"b":{}}
,"D:\\RealEstateAI\\backend\\src\\modules\\properties\\upload.routes.ts": {"path":"D:\\RealEstateAI\\backend\\src\\modules\\properties\\upload.routes.ts","statementMap":{"0":{"start":{"line":2,"column":0},"end":{"line":2,"column":52}},"1":{"start":{"line":3,"column":0},"end":{"line":3,"column":28}},"2":{"start":{"line":5,"column":0},"end":{"line":5,"column":43}},"3":{"start":{"line":6,"column":0},"end":{"line":6,"column":42}},"4":{"start":{"line":7,"column":0},"end":{"line":7,"column":53}},"5":{"start":{"line":8,"column":0},"end":{"line":8,"column":61}},"6":{"start":{"line":9,"column":0},"end":{"line":9,"column":57}},"7":{"start":{"line":10,"column":0},"end":{"line":10,"column":55}},"8":{"start":{"line":11,"column":0},"end":{"line":11,"column":67}},"9":{"start":{"line":14,"column":16},"end":{"line":14,"column":38}},"10":{"start":{"line":16,"column":19},"end":{"line":27,"column":1}},"11":{"start":{"line":21,"column":23},"end":{"line":21,"column":77}},"12":{"start":{"line":22,"column":2},"end":{"line":26,"column":3}},"13":{"start":{"line":23,"column":4},"end":{"line":23,"column":19}},"14":{"start":{"line":25,"column":4},"end":{"line":25,"column":70}},"15":{"start":{"line":29,"column":15},"end":{"line":33,"column":2}},"16":{"start":{"line":36,"column":14},"end":{"line":36,"column":77}},"17":{"start":{"line":37,"column":23},"end":{"line":37,"column":73}},"18":{"start":{"line":38,"column":2},"end":{"line":38,"column":47}},"19":{"start":{"line":41,"column":15},"end":{"line":41,"column":23}},"20":{"start":{"line":44,"column":0},"end":{"line":84,"column":2}},"21":{"start":{"line":49,"column":27},"end":{"line":49,"column":37}},"22":{"start":{"line":50,"column":19},"end":{"line":50,"column":35}},"23":{"start":{"line":52,"column":21},"end":{"line":54,"column":6}},"24":{"start":{"line":55,"column":4},"end":{"line":56,"column":69}},"25":{"start":{"line":56,"column":6},"end":{"line":56,"column":69}},"26":{"start":{"line":58,"column":4},"end":{"line":58,"column":69}},"27":{"start":{"line":58,"column":19},"end":{"line":58,"column":69}},"28":{"start":{"line":61,"column":21},"end":{"line":61,"column":58}},"29":{"start":{"line":62,"column":25},"end":{"line":65,"column":null}},"30":{"start":{"line":68,"column":23},"end":{"line":70,"column":6}},"31":{"start":{"line":72,"column":18},"end":{"line":80,"column":6}},"32":{"start":{"line":82,"column":4},"end":{"line":82,"column":79}},"33":{"start":{"line":87,"column":0},"end":{"line":137,"column":2}},"34":{"start":{"line":92,"column":27},"end":{"line":92,"column":37}},"35":{"start":{"line":93,"column":19},"end":{"line":93,"column":35}},"36":{"start":{"line":95,"column":21},"end":{"line":97,"column":6}},"37":{"start":{"line":98,"column":4},"end":{"line":99,"column":69}},"38":{"start":{"line":99,"column":6},"end":{"line":99,"column":69}},"39":{"start":{"line":101,"column":18},"end":{"line":101,"column":52}},"40":{"start":{"line":102,"column":4},"end":{"line":103,"column":57}},"41":{"start":{"line":103,"column":6},"end":{"line":103,"column":57}},"42":{"start":{"line":105,"column":26},"end":{"line":107,"column":6}},"43":{"start":{"line":110,"column":26},"end":{"line":114,"column":null}},"44":{"start":{"line":112,"column":25},"end":{"line":112,"column":58}},"45":{"start":{"line":113,"column":8},"end":{"line":113,"column":82}},"46":{"start":{"line":117,"column":19},"end":{"line":127,"column":null}},"47":{"start":{"line":119,"column":8},"end":{"line":126,"column":10}},"48":{"start":{"line":130,"column":4},"end":{"line":135,"column":6}},"49":{"start":{"line":140,"column":0},"end":{"line":172,"column":2}},"50":{"start":{"line":144,"column":36},"end":{"line":144,"column":46}},"51":{"start":{"line":145,"column":19},"end":{"line":145,"column":35}},"52":{"start":{"line":147,"column":21},"end":{"line":149,"column":6}},"53":{"start":{"line":150,"column":4},"end":{"line":151,"column":69}},"54":{"start":{"line":151,"column":6},"end":{"line":151,"column":69}},"55":{"start":{"line":153,"column":18},"end":{"line":155,"column":6}},"56":{"start":{"line":156,"column":4},"end":{"line":156,"column":59}},"57":{"start":{"line":156,"column":16},"end":{"line":156,"column":59}},"58":{"start":{"line":159,"column":21},"end":{"line":159,"column":45}},"59":{"start":{"line":160,"column":26},"end":{"line":160,"column":71}},"60":{"start":{"line":162,"column":23},"end":{"line":162,"column":84}},"61":{"start":{"line":163,"column":21},"end":{"line":165,"column":21}},"62":{"start":{"line":167,"column":4},"end":{"line":167,"column":43}},"63":{"start":{"line":168,"column":4},"end":{"line":168,"column":66}},"64":{"start":{"line":170,"column":4},"end":{"line":170,"column":55}},"65":{"start":{"line":175,"column":0},"end":{"line":199,"column":2}},"66":{"start":{"line":179,"column":36},"end":{"line":179,"column":46}},"67":{"start":{"line":180,"column":19},"end":{"line":180,"column":35}},"68":{"start":{"line":182,"column":21},"end":{"line":184,"column":6}},"69":{"start":{"line":185,"column":4},"end":{"line":186,"column":69}},"70":{"start":{"line":186,"column":6},"end":{"line":186,"column":69}},"71":{"start":{"line":188,"column":48},"end":{"line":188,"column":50}},"72":{"start":{"line":189,"column":4},"end":{"line":189,"column":72}},"73":{"start":{"line":189,"column":38},"end":{"line":189,"column":72}},"74":{"start":{"line":190,"column":4},"end":{"line":190,"column":78}},"75":{"start":{"line":190,"column":40},"end":{"line":190,"column":78}},"76":{"start":{"line":192,"column":18},"end":{"line":195,"column":6}},"77":{"start":{"line":197,"column":4},"end":{"line":197,"column":60}},"78":{"start":{"line":202,"column":0},"end":{"line":229,"column":2}},"79":{"start":{"line":206,"column":36},"end":{"line":206,"column":46}},"80":{"start":{"line":207,"column":19},"end":{"line":207,"column":35}},"81":{"start":{"line":209,"column":21},"end":{"line":211,"column":6}},"82":{"start":{"line":212,"column":4},"end":{"line":213,"column":69}},"83":{"start":{"line":213,"column":6},"end":{"line":213,"column":69}},"84":{"start":{"line":216,"column":4},"end":{"line":219,"column":7}},"85":{"start":{"line":222,"column":18},"end":{"line":225,"column":6}},"86":{"start":{"line":227,"column":4},"end":{"line":227,"column":68}},"87":{"start":{"line":231,"column":0},"end":{"line":231,"column":22}}},"fnMap":{"0":{"name":"(anonymous_1)","decl":{"start":{"line":16,"column":19},"end":{"line":16,"column":null}},"loc":{"start":{"line":20,"column":4},"end":{"line":27,"column":1}}},"1":{"name":"generateFileKey","decl":{"start":{"line":35,"column":9},"end":{"line":35,"column":24}},"loc":{"start":{"line":35,"column":70},"end":{"line":39,"column":1}}},"2":{"name":"(anonymous_3)","decl":{"start":{"line":48,"column":15},"end":{"line":48,"column":20}},"loc":{"start":{"line":48,"column":53},"end":{"line":83,"column":3}}},"3":{"name":"(anonymous_4)","decl":{"start":{"line":91,"column":15},"end":{"line":91,"column":20}},"loc":{"start":{"line":91,"column":53},"end":{"line":136,"column":3}}},"4":{"name":"(anonymous_5)","decl":{"start":{"line":111,"column":16},"end":{"line":111,"column":21}},"loc":{"start":{"line":111,"column":31},"end":{"line":114,"column":7}}},"5":{"name":"(anonymous_6)","decl":{"start":{"line":118,"column":24},"end":{"line":118,"column":25}},"loc":{"start":{"line":119,"column":8},"end":{"line":126,"column":10}}},"6":{"name":"(anonymous_7)","decl":{"start":{"line":143,"column":15},"end":{"line":143,"column":20}},"loc":{"start":{"line":143,"column":53},"end":{"line":171,"column":3}}},"7":{"name":"(anonymous_8)","decl":{"start":{"line":178,"column":15},"end":{"line":178,"column":20}},"loc":{"start":{"line":178,"column":53},"end":{"line":198,"column":3}}},"8":{"name":"(anonymous_9)","decl":{"start":{"line":205,"column":15},"end":{"line":205,"column":20}},"loc":{"start":{"line":205,"column":53},"end":{"line":228,"column":3}}}},"branchMap":{"0":{"loc":{"start":{"line":22,"column":2},"end":{"line":26,"column":3}},"type":"if","locations":[{"start":{"line":22,"column":2},"end":{"line":26,"column":3}},{"start":{"line":24,"column":9},"end":{"line":26,"column":3}}]},"1":{"loc":{"start":{"line":55,"column":4},"end":{"line":56,"column":69}},"type":"if","locations":[{"start":{"line":55,"column":4},"end":{"line":56,"column":69}}]},"2":{"loc":{"start":{"line":58,"column":4},"end":{"line":58,"column":69}},"type":"if","locations":[{"start":{"line":58,"column":4},"end":{"line":58,"column":69}}]},"3":{"loc":{"start":{"line":76,"column":17},"end":{"line":76,"column":41}},"type":"binary-expr","locations":[{"start":{"line":76,"column":17},"end":{"line":76,"column":33}},{"start":{"line":76,"column":37},"end":{"line":76,"column":41}}]},"4":{"loc":{"start":{"line":98,"column":4},"end":{"line":99,"column":69}},"type":"if","locations":[{"start":{"line":98,"column":4},"end":{"line":99,"column":69}}]},"5":{"loc":{"start":{"line":102,"column":4},"end":{"line":103,"column":57}},"type":"if","locations":[{"start":{"line":102,"column":4},"end":{"line":103,"column":57}}]},"6":{"loc":{"start":{"line":102,"column":8},"end":{"line":102,"column":36}},"type":"binary-expr","locations":[{"start":{"line":102,"column":8},"end":{"line":102,"column":14}},{"start":{"line":102,"column":18},"end":{"line":102,"column":36}}]},"7":{"loc":{"start":{"line":124,"column":23},"end":{"line":124,"column":57}},"type":"binary-expr","locations":[{"start":{"line":124,"column":23},"end":{"line":124,"column":42}},{"start":{"line":124,"column":46},"end":{"line":124,"column":57}}]},"8":{"loc":{"start":{"line":150,"column":4},"end":{"line":151,"column":69}},"type":"if","locations":[{"start":{"line":150,"column":4},"end":{"line":151,"column":69}}]},"9":{"loc":{"start":{"line":156,"column":4},"end":{"line":156,"column":59}},"type":"if","locations":[{"start":{"line":156,"column":4},"end":{"line":156,"column":59}}]},"10":{"loc":{"start":{"line":160,"column":26},"end":{"line":160,"column":71}},"type":"cond-expr","locations":[{"start":{"line":160,"column":48},"end":{"line":160,"column":59}},{"start":{"line":160,"column":62},"end":{"line":160,"column":71}}]},"11":{"loc":{"start":{"line":162,"column":23},"end":{"line":162,"column":84}},"type":"binary-expr","locations":[{"start":{"line":162,"column":23},"end":{"line":162,"column":57}},{"start":{"line":162,"column":61},"end":{"line":162,"column":84}}]},"12":{"loc":{"start":{"line":163,"column":21},"end":{"line":165,"column":21}},"type":"cond-expr","locations":[{"start":{"line":164,"column":8},"end":{"line":164,"column":54}},{"start":{"line":165,"column":8},"end":{"line":165,"column":21}}]},"13":{"loc":{"start":{"line":185,"column":4},"end":{"line":186,"column":69}},"type":"if","locations":[{"start":{"line":185,"column":4},"end":{"line":186,"column":69}}]},"14":{"loc":{"start":{"line":189,"column":4},"end":{"line":189,"column":72}},"type":"if","locations":[{"start":{"line":189,"column":4},"end":{"line":189,"column":72}}]},"15":{"loc":{"start":{"line":190,"column":4},"end":{"line":190,"column":78}},"type":"if","locations":[{"start":{"line":190,"column":4},"end":{"line":190,"column":78}}]},"16":{"loc":{"start":{"line":212,"column":4},"end":{"line":213,"column":69}},"type":"if","locations":[{"start":{"line":212,"column":4},"end":{"line":213,"column":69}}]}},"s":{"0":3,"1":3,"2":3,"3":3,"4":3,"5":3,"6":3,"7":3,"8":3,"9":3,"10":3,"11":0,"12":0,"13":0,"14":0,"15":3,"16":0,"17":0,"18":0,"19":3,"20":3,"21":0,"22":0,"23":0,"24":0,"25":0,"26":0,"27":0,"28":0,"29":0,"30":0,"31":0,"32":0,"33":3,"34":0,"35":0,"36":0,"37":0,"38":0,"39":0,"40":0,"41":0,"42":0,"43":0,"44":0,"45":0,"46":0,"47":0,"48":0,"49":3,"50":0,"51":0,"52":0,"53":0,"54":0,"55":0,"56":0,"57":0,"58":0,"59":0,"60":0,"61":0,"62":0,"63":0,"64":0,"65":3,"66":0,"67":0,"68":0,"69":0,"70":0,"71":0,"72":0,"73":0,"74":0,"75":0,"76":0,"77":0,"78":3,"79":0,"80":0,"81":0,"82":0,"83":0,"84":0,"85":0,"86":0,"87":3},"f":{"0":0,"1":0,"2":0,"3":0,"4":0,"5":0,"6":0,"7":0,"8":0},"b":{"0":[0,0],"1":[0],"2":[0],"3":[0,0],"4":[0],"5":[0],"6":[0,0],"7":[0,0],"8":[0],"9":[0],"10":[0,0],"11":[0,0],"12":[0,0],"13":[0],"14":[0],"15":[0],"16":[0]}}
}
