TN:
SF:src\modules\leases\lease.controller.ts
FN:9,(anonymous_1)
FN:10,(anonymous_2)
FN:16,(anonymous_3)
FN:22,(anonymous_4)
FN:32,(anonymous_5)
FN:42,(anonymous_6)
FN:48,(anonymous_7)
FNF:7
FNH:7
FNDA:3,(anonymous_1)
FNDA:4,(anonymous_2)
FNDA:4,(anonymous_3)
FNDA:6,(anonymous_4)
FNDA:3,(anonymous_5)
FNDA:2,(anonymous_6)
FNDA:3,(anonymous_7)
DA:4,3
DA:5,3
DA:7,3
DA:9,3
DA:10,3
DA:11,4
DA:12,4
DA:13,3
DA:16,3
DA:17,4
DA:18,4
DA:19,3
DA:22,3
DA:23,6
DA:24,6
DA:25,6
DA:29,6
DA:32,3
DA:33,3
DA:34,3
DA:39,2
DA:42,3
DA:43,2
DA:44,2
DA:45,1
DA:48,3
DA:49,3
DA:50,3
DA:55,2
DA:59,3
LF:30
LH:30
BRDA:24,0,0,6
BRDA:24,0,1,0
BRF:2
BRH:1
end_of_record
TN:
SF:src\modules\leases\lease.routes.ts
FNF:0
FNH:0
DA:2,3
DA:4,3
DA:6,3
DA:8,3
DA:10,3
DA:11,3
DA:12,3
DA:13,3
DA:14,3
DA:15,3
DA:17,3
LF:11
LH:11
BRF:0
BRH:0
end_of_record
TN:
SF:src\modules\leases\lease.service.ts
FN:6,(anonymous_1)
FN:49,(anonymous_2)
FN:71,(anonymous_3)
FN:89,(anonymous_4)
FN:101,(anonymous_5)
FN:130,(anonymous_6)
FNF:6
FNH:6
FNDA:4,(anonymous_1)
FNDA:4,(anonymous_2)
FNDA:6,(anonymous_3)
FNDA:3,(anonymous_4)
FNDA:2,(anonymous_5)
FNDA:3,(anonymous_6)
DA:2,3
DA:3,3
DA:5,3
DA:19,4
DA:22,4
DA:23,1
DA:25,3
DA:46,3
DA:50,4
DA:67,4
DA:68,3
DA:73,6
DA:74,6
DA:90,3
DA:93,3
DA:95,2
DA:102,2
DA:108,2
DA:110,1
DA:111,1
DA:112,1
DA:114,1
DA:120,1
DA:121,0
DA:127,1
DA:131,3
DA:134,3
DA:136,2
DA:147,3
LF:29
LH:28
BRDA:22,0,0,1
BRDA:34,1,0,3
BRDA:34,1,1,3
BRDA:35,2,0,3
BRDA:35,2,1,3
BRDA:67,3,0,1
BRDA:73,4,0,5
BRDA:73,4,1,1
BRDA:93,5,0,1
BRDA:108,6,0,1
BRDA:111,7,0,0
BRDA:112,8,0,1
BRDA:120,9,0,0
BRDA:120,10,0,1
BRDA:120,10,1,0
BRDA:134,11,0,1
BRF:16
BRH:13
end_of_record
TN:
SF:src\modules\payments\payment.controller.ts
FN:11,(anonymous_1)
FN:12,(anonymous_2)
FN:21,(anonymous_3)
FN:30,(anonymous_4)
FN:44,(anonymous_5)
FN:53,(anonymous_6)
FN:62,(anonymous_7)
FN:71,(anonymous_8)
FNF:8
FNH:7
FNDA:3,(anonymous_1)
FNDA:4,(anonymous_2)
FNDA:2,(anonymous_3)
FNDA:0,(anonymous_4)
FNDA:6,(anonymous_5)
FNDA:3,(anonymous_6)
FNDA:3,(anonymous_7)
FNDA:2,(anonymous_8)
DA:3,3
DA:5,3
DA:6,3
DA:7,3
DA:9,3
DA:11,3
DA:12,3
DA:13,4
DA:14,4
DA:18,3
DA:21,3
DA:22,2
DA:23,2
DA:27,1
DA:30,3
DA:31,0
DA:32,0
DA:33,0
DA:41,0
DA:44,3
DA:45,6
DA:46,6
DA:50,6
DA:53,3
DA:54,3
DA:55,3
DA:59,2
DA:62,3
DA:63,3
DA:64,3
DA:68,2
DA:71,3
DA:72,2
DA:73,2
DA:75,2
DA:76,0
DA:77,0
DA:80,0
DA:85,0
DA:87,0
DA:88,0
DA:92,2
DA:95,2
DA:99,3
LF:44
LH:34
BRDA:75,0,0,0
BRDA:75,0,1,2
BRDA:75,1,0,2
BRDA:75,1,1,0
BRF:4
BRH:2
end_of_record
TN:
SF:src\modules\payments\payment.routes.ts
FNF:0
FNH:0
DA:2,3
DA:4,3
DA:6,3
DA:8,3
DA:11,3
DA:14,3
DA:15,3
DA:16,3
DA:17,3
DA:18,3
DA:19,3
DA:25,3
LF:12
LH:12
BRF:0
BRH:0
end_of_record
TN:
SF:src\modules\payments\payment.service.ts
FN:17,(anonymous_1)
FN:47,(anonymous_2)
FN:88,(anonymous_3)
FN:122,(anonymous_4)
FN:134,(anonymous_5)
FN:150,(anonymous_6)
FN:168,(anonymous_7)
FN:212,(anonymous_8)
FNF:8
FNH:7
FNDA:4,(anonymous_1)
FNDA:2,(anonymous_2)
FNDA:0,(anonymous_3)
FNDA:2,(anonymous_4)
FNDA:3,(anonymous_5)
FNDA:6,(anonymous_6)
FNDA:2,(anonymous_7)
FNDA:3,(anonymous_8)
DA:2,3
DA:4,3
DA:5,3
DA:9,3
DA:15,3
DA:25,4
DA:31,4
DA:33,3
DA:48,2
DA:49,0
DA:55,2
DA:59,2
DA:60,1
DA:61,0
DA:63,1
DA:76,1
DA:81,1
DA:96,0
DA:97,0
DA:103,0
DA:115,0
DA:123,2
DA:130,2
DA:135,3
DA:141,3
DA:143,2
DA:151,6
DA:152,6
DA:154,6
DA:169,2
DA:171,2
DA:172,2
DA:174,2
DA:175,2
DA:176,2
DA:177,2
DA:181,0
DA:185,0
DA:188,0
DA:192,2
DA:196,0
DA:197,0
DA:198,0
DA:199,0
DA:203,0
DA:207,0
DA:213,3
DA:216,3
DA:218,2
DA:219,2
DA:220,2
DA:221,2
DA:223,2
DA:224,24
DA:234,24
DA:237,2
DA:238,2
DA:242,3
LF:58
LH:43
BRDA:9,0,0,3
BRDA:9,0,1,0
BRDA:31,1,0,1
BRDA:48,2,0,0
BRDA:59,3,0,1
BRDA:60,4,0,0
BRDA:96,5,0,0
BRDA:110,6,0,0
BRDA:110,6,1,0
BRDA:141,7,0,1
BRDA:152,8,0,1
BRDA:169,9,0,2
BRDA:169,9,1,0
BRDA:169,9,2,0
BRDA:174,10,0,2
BRDA:174,10,1,0
BRDA:198,11,0,0
BRDA:216,12,0,1
BRF:18
BRH:8
end_of_record
TN:
SF:src\modules\properties\property.controller.ts
FN:9,(anonymous_1)
FN:10,(anonymous_2)
FN:16,(anonymous_3)
FN:21,(anonymous_4)
FN:26,(anonymous_5)
FN:31,(anonymous_6)
FN:41,(anonymous_7)
FN:47,(anonymous_8)
FN:58,(anonymous_9)
FNF:9
FNH:6
FNDA:3,(anonymous_1)
FNDA:3,(anonymous_2)
FNDA:5,(anonymous_3)
FNDA:4,(anonymous_4)
FNDA:0,(anonymous_5)
FNDA:4,(anonymous_6)
FNDA:5,(anonymous_7)
FNDA:0,(anonymous_8)
FNDA:0,(anonymous_9)
DA:4,3
DA:5,3
DA:7,3
DA:9,3
DA:10,3
DA:11,3
DA:12,3
DA:13,3
DA:16,3
DA:17,5
DA:18,5
DA:21,3
DA:22,4
DA:23,2
DA:26,3
DA:27,0
DA:28,0
DA:31,3
DA:32,4
DA:33,4
DA:38,2
DA:41,3
DA:42,5
DA:43,5
DA:44,2
DA:47,3
DA:48,0
DA:49,0
DA:50,0
DA:55,0
DA:58,3
DA:59,0
DA:60,0
DA:61,0
DA:65,3
LF:35
LH:26
BRDA:52,0,0,0
BRDA:52,0,1,0
BRDA:53,1,0,0
BRDA:53,1,1,0
BRF:4
BRH:0
end_of_record
TN:
SF:src\modules\properties\property.routes.ts
FNF:0
FNH:0
DA:2,3
DA:4,3
DA:5,3
DA:7,3
DA:8,3
DA:13,3
DA:16,3
DA:17,3
DA:18,3
DA:21,3
DA:27,3
DA:33,3
DA:34,3
DA:35,3
DA:37,3
LF:15
LH:15
BRF:0
BRH:0
end_of_record
TN:
SF:src\modules\properties\property.service.ts
FN:7,(anonymous_1)
FN:36,(anonymous_2)
FN:103,(anonymous_3)
FN:136,(anonymous_4)
FN:161,(anonymous_5)
FN:186,(anonymous_6)
FN:207,(anonymous_7)
FN:243,(anonymous_8)
FNF:8
FNH:5
FNDA:3,(anonymous_1)
FNDA:5,(anonymous_2)
FNDA:4,(anonymous_3)
FNDA:0,(anonymous_4)
FNDA:4,(anonymous_5)
FNDA:5,(anonymous_6)
FNDA:0,(anonymous_7)
FNDA:0,(anonymous_8)
DA:2,3
DA:3,3
DA:5,3
DA:10,3
DA:12,3
DA:32,3
DA:47,5
DA:49,5
DA:54,5
DA:55,5
DA:56,0
DA:57,0
DA:58,0
DA:60,5
DA:61,5
DA:62,5
DA:63,0
DA:69,5
DA:91,5
DA:104,4
DA:122,4
DA:123,2
DA:127,2
DA:132,2
DA:137,0
DA:153,0
DA:154,0
DA:157,0
DA:162,4
DA:166,4
DA:167,1
DA:170,3
DA:171,1
DA:174,2
DA:182,2
DA:187,5
DA:191,5
DA:192,2
DA:195,3
DA:196,1
DA:200,2
DA:208,0
DA:231,0
DA:244,0
DA:248,0
DA:249,0
DA:252,0
DA:253,0
DA:256,0
DA:264,0
DA:268,3
LF:51
LH:34
BRDA:36,0,0,0
BRDA:38,1,0,5
BRDA:39,2,0,5
BRDA:51,3,0,5
BRDA:51,3,1,5
BRDA:54,4,0,0
BRDA:55,5,0,0
BRDA:55,6,0,5
BRDA:55,6,1,5
BRDA:57,7,0,0
BRDA:58,8,0,0
BRDA:60,9,0,0
BRDA:61,10,0,0
BRDA:62,11,0,0
BRDA:122,12,0,2
BRDA:122,13,0,4
BRDA:122,13,1,3
BRDA:153,14,0,0
BRDA:153,15,0,0
BRDA:153,15,1,0
BRDA:166,16,0,1
BRDA:166,17,0,4
BRDA:166,17,1,3
BRDA:170,18,0,1
BRDA:191,19,0,2
BRDA:191,20,0,5
BRDA:191,20,1,4
BRDA:195,21,0,1
BRDA:207,22,0,0
BRDA:207,23,0,0
BRDA:248,24,0,0
BRDA:248,25,0,0
BRDA:248,25,1,0
BRDA:252,26,0,0
BRF:34
BRH:17
end_of_record
TN:
SF:src\modules\properties\property.validation.ts
FNF:0
FNH:0
DA:2,3
DA:4,3
DA:37,3
LF:3
LH:3
BRF:0
BRH:0
end_of_record
TN:
SF:src\modules\properties\upload.routes.ts
FN:16,(anonymous_1)
FN:35,generateFileKey
FN:48,(anonymous_3)
FN:91,(anonymous_4)
FN:111,(anonymous_5)
FN:118,(anonymous_6)
FN:143,(anonymous_7)
FN:178,(anonymous_8)
FN:205,(anonymous_9)
FNF:9
FNH:0
FNDA:0,(anonymous_1)
FNDA:0,generateFileKey
FNDA:0,(anonymous_3)
FNDA:0,(anonymous_4)
FNDA:0,(anonymous_5)
FNDA:0,(anonymous_6)
FNDA:0,(anonymous_7)
FNDA:0,(anonymous_8)
FNDA:0,(anonymous_9)
DA:2,3
DA:3,3
DA:5,3
DA:6,3
DA:7,3
DA:8,3
DA:9,3
DA:10,3
DA:11,3
DA:14,3
DA:16,3
DA:21,0
DA:22,0
DA:23,0
DA:25,0
DA:29,3
DA:36,0
DA:37,0
DA:38,0
DA:41,3
DA:44,3
DA:49,0
DA:50,0
DA:52,0
DA:55,0
DA:56,0
DA:58,0
DA:61,0
DA:62,0
DA:68,0
DA:72,0
DA:82,0
DA:87,3
DA:92,0
DA:93,0
DA:95,0
DA:98,0
DA:99,0
DA:101,0
DA:102,0
DA:103,0
DA:105,0
DA:110,0
DA:112,0
DA:113,0
DA:117,0
DA:119,0
DA:130,0
DA:140,3
DA:144,0
DA:145,0
DA:147,0
DA:150,0
DA:151,0
DA:153,0
DA:156,0
DA:159,0
DA:160,0
DA:162,0
DA:163,0
DA:167,0
DA:168,0
DA:170,0
DA:175,3
DA:179,0
DA:180,0
DA:182,0
DA:185,0
DA:186,0
DA:188,0
DA:189,0
DA:190,0
DA:192,0
DA:197,0
DA:202,3
DA:206,0
DA:207,0
DA:209,0
DA:212,0
DA:213,0
DA:216,0
DA:222,0
DA:227,0
DA:231,3
LF:84
LH:19
BRDA:22,0,0,0
BRDA:22,0,1,0
BRDA:55,1,0,0
BRDA:58,2,0,0
BRDA:76,3,0,0
BRDA:76,3,1,0
BRDA:98,4,0,0
BRDA:102,5,0,0
BRDA:102,6,0,0
BRDA:102,6,1,0
BRDA:124,7,0,0
BRDA:124,7,1,0
BRDA:150,8,0,0
BRDA:156,9,0,0
BRDA:160,10,0,0
BRDA:160,10,1,0
BRDA:162,11,0,0
BRDA:162,11,1,0
BRDA:163,12,0,0
BRDA:163,12,1,0
BRDA:185,13,0,0
BRDA:189,14,0,0
BRDA:190,15,0,0
BRDA:212,16,0,0
BRF:24
BRH:0
end_of_record
