TN:
SF:src\App.tsx
FN:11,(anonymous_15)
FN:12,(anonymous_16)
FN:12,(anonymous_17)
FN:14,(anonymous_18)
FN:14,(anonymous_19)
FN:15,(anonymous_20)
FN:16,(anonymous_21)
FN:16,(anonymous_22)
FN:18,(anonymous_23)
FN:19,(anonymous_24)
FN:19,(anonymous_25)
FN:21,(anonymous_26)
FN:21,(anonymous_27)
FN:22,(anonymous_28)
FN:22,(anonymous_29)
FN:23,(anonymous_30)
FN:23,(anonymous_31)
FN:24,(anonymous_32)
FN:24,(anonymous_33)
FN:25,(anonymous_34)
FN:25,(anonymous_35)
FN:26,(anonymous_36)
FN:26,(anonymous_37)
FN:28,(anonymous_38)
FN:28,(anonymous_39)
FN:31,(anonymous_40)
FN:31,(anonymous_41)
FN:33,(anonymous_42)
FN:34,(anonymous_43)
FN:34,(anonymous_44)
FN:36,(anonymous_45)
FN:37,(anonymous_46)
FN:37,(anonymous_47)
FN:41,(anonymous_48)
FN:42,(anonymous_49)
FN:42,(anonymous_50)
FN:46,(anonymous_51)
FN:47,(anonymous_52)
FN:47,(anonymous_53)
FN:51,(anonymous_54)
FN:52,(anonymous_55)
FN:52,(anonymous_56)
FN:56,(anonymous_57)
FN:57,(anonymous_58)
FN:57,(anonymous_59)
FN:61,(anonymous_60)
FN:62,(anonymous_61)
FN:62,(anonymous_62)
FN:67,(anonymous_63)
FN:67,(anonymous_64)
FN:69,(anonymous_65)
FN:70,(anonymous_66)
FN:70,(anonymous_67)
FN:75,(anonymous_68)
FN:75,(anonymous_69)
FN:77,(anonymous_70)
FN:78,(anonymous_71)
FN:78,(anonymous_72)
FN:82,(anonymous_73)
FN:83,(anonymous_74)
FN:83,(anonymous_75)
FN:89,(anonymous_76)
FN:90,(anonymous_77)
FN:90,(anonymous_78)
FN:94,(anonymous_79)
FN:95,(anonymous_80)
FN:95,(anonymous_81)
FN:99,(anonymous_82)
FN:100,(anonymous_83)
FN:100,(anonymous_84)
FN:104,(anonymous_85)
FN:105,(anonymous_86)
FN:105,(anonymous_87)
FN:109,(anonymous_88)
FN:110,(anonymous_89)
FN:110,(anonymous_90)
FN:114,(anonymous_91)
FN:115,(anonymous_92)
FN:115,(anonymous_93)
FN:119,(anonymous_94)
FN:120,(anonymous_95)
FN:120,(anonymous_96)
FN:124,(anonymous_97)
FN:125,(anonymous_98)
FN:125,(anonymous_99)
FN:131,(anonymous_100)
FN:132,(anonymous_101)
FN:133,(anonymous_102)
FN:136,(anonymous_103)
FN:137,(anonymous_104)
FN:137,(anonymous_105)
FN:142,(anonymous_106)
FN:142,(anonymous_107)
FN:144,(anonymous_108)
FN:145,(anonymous_109)
FN:145,(anonymous_110)
FN:150,(anonymous_111)
FN:150,(anonymous_112)
FN:152,(anonymous_113)
FN:153,(anonymous_114)
FN:153,(anonymous_115)
FN:155,(anonymous_116)
FN:156,(anonymous_117)
FN:156,(anonymous_118)
FN:158,(anonymous_119)
FN:159,(anonymous_120)
FN:159,(anonymous_121)
FN:173,(anonymous_122)
FN:174,ErrorBoundary
FN:179,(anonymous_124)
FN:183,(anonymous_125)
FN:184,(anonymous_126)
FN:184,(anonymous_127)
FN:189,(anonymous_128)
FN:221,(anonymous_129)
FN:238,(anonymous_130)
FN:260,(anonymous_131)
FN:274,(anonymous_132)
FN:616,(anonymous_133)
FN:744,(anonymous_134)
FNF:120
FNH:0
FNDA:0,(anonymous_15)
FNDA:0,(anonymous_16)
FNDA:0,(anonymous_17)
FNDA:0,(anonymous_18)
FNDA:0,(anonymous_19)
FNDA:0,(anonymous_20)
FNDA:0,(anonymous_21)
FNDA:0,(anonymous_22)
FNDA:0,(anonymous_23)
FNDA:0,(anonymous_24)
FNDA:0,(anonymous_25)
FNDA:0,(anonymous_26)
FNDA:0,(anonymous_27)
FNDA:0,(anonymous_28)
FNDA:0,(anonymous_29)
FNDA:0,(anonymous_30)
FNDA:0,(anonymous_31)
FNDA:0,(anonymous_32)
FNDA:0,(anonymous_33)
FNDA:0,(anonymous_34)
FNDA:0,(anonymous_35)
FNDA:0,(anonymous_36)
FNDA:0,(anonymous_37)
FNDA:0,(anonymous_38)
FNDA:0,(anonymous_39)
FNDA:0,(anonymous_40)
FNDA:0,(anonymous_41)
FNDA:0,(anonymous_42)
FNDA:0,(anonymous_43)
FNDA:0,(anonymous_44)
FNDA:0,(anonymous_45)
FNDA:0,(anonymous_46)
FNDA:0,(anonymous_47)
FNDA:0,(anonymous_48)
FNDA:0,(anonymous_49)
FNDA:0,(anonymous_50)
FNDA:0,(anonymous_51)
FNDA:0,(anonymous_52)
FNDA:0,(anonymous_53)
FNDA:0,(anonymous_54)
FNDA:0,(anonymous_55)
FNDA:0,(anonymous_56)
FNDA:0,(anonymous_57)
FNDA:0,(anonymous_58)
FNDA:0,(anonymous_59)
FNDA:0,(anonymous_60)
FNDA:0,(anonymous_61)
FNDA:0,(anonymous_62)
FNDA:0,(anonymous_63)
FNDA:0,(anonymous_64)
FNDA:0,(anonymous_65)
FNDA:0,(anonymous_66)
FNDA:0,(anonymous_67)
FNDA:0,(anonymous_68)
FNDA:0,(anonymous_69)
FNDA:0,(anonymous_70)
FNDA:0,(anonymous_71)
FNDA:0,(anonymous_72)
FNDA:0,(anonymous_73)
FNDA:0,(anonymous_74)
FNDA:0,(anonymous_75)
FNDA:0,(anonymous_76)
FNDA:0,(anonymous_77)
FNDA:0,(anonymous_78)
FNDA:0,(anonymous_79)
FNDA:0,(anonymous_80)
FNDA:0,(anonymous_81)
FNDA:0,(anonymous_82)
FNDA:0,(anonymous_83)
FNDA:0,(anonymous_84)
FNDA:0,(anonymous_85)
FNDA:0,(anonymous_86)
FNDA:0,(anonymous_87)
FNDA:0,(anonymous_88)
FNDA:0,(anonymous_89)
FNDA:0,(anonymous_90)
FNDA:0,(anonymous_91)
FNDA:0,(anonymous_92)
FNDA:0,(anonymous_93)
FNDA:0,(anonymous_94)
FNDA:0,(anonymous_95)
FNDA:0,(anonymous_96)
FNDA:0,(anonymous_97)
FNDA:0,(anonymous_98)
FNDA:0,(anonymous_99)
FNDA:0,(anonymous_100)
FNDA:0,(anonymous_101)
FNDA:0,(anonymous_102)
FNDA:0,(anonymous_103)
FNDA:0,(anonymous_104)
FNDA:0,(anonymous_105)
FNDA:0,(anonymous_106)
FNDA:0,(anonymous_107)
FNDA:0,(anonymous_108)
FNDA:0,(anonymous_109)
FNDA:0,(anonymous_110)
FNDA:0,(anonymous_111)
FNDA:0,(anonymous_112)
FNDA:0,(anonymous_113)
FNDA:0,(anonymous_114)
FNDA:0,(anonymous_115)
FNDA:0,(anonymous_116)
FNDA:0,(anonymous_117)
FNDA:0,(anonymous_118)
FNDA:0,(anonymous_119)
FNDA:0,(anonymous_120)
FNDA:0,(anonymous_121)
FNDA:0,(anonymous_122)
FNDA:0,ErrorBoundary
FNDA:0,(anonymous_124)
FNDA:0,(anonymous_125)
FNDA:0,(anonymous_126)
FNDA:0,(anonymous_127)
FNDA:0,(anonymous_128)
FNDA:0,(anonymous_129)
FNDA:0,(anonymous_130)
FNDA:0,(anonymous_131)
FNDA:0,(anonymous_132)
FNDA:0,(anonymous_133)
FNDA:0,(anonymous_134)
DA:1,0
DA:2,0
DA:3,0
DA:5,0
DA:6,0
DA:7,0
DA:8,0
DA:11,0
DA:12,0
DA:14,0
DA:15,0
DA:16,0
DA:18,0
DA:19,0
DA:21,0
DA:22,0
DA:23,0
DA:24,0
DA:25,0
DA:26,0
DA:27,0
DA:28,0
DA:30,0
DA:31,0
DA:33,0
DA:34,0
DA:36,0
DA:37,0
DA:41,0
DA:42,0
DA:46,0
DA:47,0
DA:51,0
DA:52,0
DA:56,0
DA:57,0
DA:61,0
DA:62,0
DA:66,0
DA:67,0
DA:69,0
DA:70,0
DA:74,0
DA:75,0
DA:77,0
DA:78,0
DA:82,0
DA:83,0
DA:89,0
DA:90,0
DA:94,0
DA:95,0
DA:99,0
DA:100,0
DA:104,0
DA:105,0
DA:109,0
DA:110,0
DA:114,0
DA:115,0
DA:119,0
DA:120,0
DA:124,0
DA:125,0
DA:131,0
DA:132,0
DA:133,0
DA:136,0
DA:137,0
DA:141,0
DA:142,0
DA:144,0
DA:145,0
DA:149,0
DA:150,0
DA:152,0
DA:153,0
DA:155,0
DA:156,0
DA:158,0
DA:159,0
DA:173,0
DA:175,0
DA:176,0
DA:179,0
DA:180,0
DA:183,0
DA:184,0
DA:185,0
DA:189,0
DA:190,0
DA:191,0
DA:222,0
DA:223,0
DA:234,0
DA:236,0
DA:238,0
DA:260,0
DA:261,0
DA:263,0
DA:264,0
DA:267,0
DA:274,0
DA:275,0
DA:616,0
DA:744,0
DA:745,0
DA:754,0
LF:108
LH:0
BRDA:175,0,0,0
BRDA:175,0,1,0
BRDA:190,1,0,0
BRDA:190,1,1,0
BRDA:217,2,0,0
BRDA:217,2,1,0
BRDA:217,3,0,0
BRDA:217,3,1,0
BRDA:217,4,0,0
BRDA:217,4,1,0
BRDA:263,5,0,0
BRDA:263,5,1,0
BRDA:267,6,0,0
BRDA:267,6,1,0
BRF:14
BRH:0
end_of_record
TN:
SF:src\__tests__\test-utils.tsx
FN:9,(anonymous_7)
FN:13,(anonymous_8)
FNF:2
FNH:2
FNDA:66,(anonymous_7)
FNDA:65,(anonymous_8)
DA:1,2
DA:2,2
DA:3,2
DA:9,66
DA:10,65
DA:13,130
DA:14,65
DA:16,2
DA:17,2
LF:9
LH:9
BRDA:13,0,0,65
BRDA:13,0,1,0
BRF:2
BRH:1
end_of_record
TN:
SF:src\api\client.ts
FN:20,(anonymous_1)
FN:27,(anonymous_2)
FN:32,(anonymous_3)
FN:33,(anonymous_4)
FNF:4
FNH:0
FNDA:0,(anonymous_1)
FNDA:0,(anonymous_2)
FNDA:0,(anonymous_3)
FNDA:0,(anonymous_4)
DA:1,0
DA:7,0
DA:10,0
DA:12,0
DA:19,0
DA:21,0
DA:22,0
DA:23,0
DA:25,0
DA:27,0
DA:31,0
DA:32,0
DA:34,0
DA:35,0
DA:36,0
DA:39,0
DA:42,0
DA:46,0
LF:18
LH:0
BRDA:10,0,0,0
BRDA:10,0,1,0
BRDA:22,1,0,0
BRDA:22,1,1,0
BRDA:34,2,0,0
BRDA:34,2,1,0
BRDA:34,3,0,0
BRDA:34,3,1,0
BRDA:34,4,0,0
BRDA:34,4,1,0
BRDA:39,5,0,0
BRDA:39,5,1,0
BRDA:39,5,2,0
BRDA:39,6,0,0
BRDA:39,6,1,0
BRDA:39,7,0,0
BRDA:39,7,1,0
BRDA:39,8,0,0
BRDA:39,8,1,0
BRDA:39,9,0,0
BRDA:39,9,1,0
BRF:21
BRH:0
end_of_record
TN:
SF:src\components\BrowsingHistory.tsx
FN:14,(anonymous_1)
FN:25,(anonymous_2)
FN:38,(anonymous_3)
FN:43,(anonymous_4)
FN:80,(anonymous_5)
FN:83,(anonymous_6)
FN:127,(anonymous_7)
FN:130,(anonymous_8)
FNF:8
FNH:0
FNDA:0,(anonymous_1)
FNDA:0,(anonymous_2)
FNDA:0,(anonymous_3)
FNDA:0,(anonymous_4)
FNDA:0,(anonymous_5)
FNDA:0,(anonymous_6)
FNDA:0,(anonymous_7)
FNDA:0,(anonymous_8)
DA:4,0
DA:5,0
DA:7,0
DA:8,0
DA:14,0
DA:15,0
DA:18,0
DA:19,0
DA:20,0
DA:21,0
DA:22,0
DA:23,0
DA:25,0
DA:26,0
DA:27,0
DA:28,0
DA:29,0
DA:30,0
DA:32,0
DA:33,0
DA:34,0
DA:35,0
DA:38,0
DA:40,0
DA:43,0
DA:44,0
DA:49,0
DA:50,0
DA:61,0
DA:80,0
DA:83,0
DA:127,0
DA:130,0
DA:184,0
LF:34
LH:0
BRDA:15,0,0,0
BRDA:15,0,1,0
BRDA:32,1,0,0
BRDA:32,1,1,0
BRDA:32,2,0,0
BRDA:32,2,1,0
BRDA:33,3,0,0
BRDA:33,3,1,0
BRDA:33,4,0,0
BRDA:33,4,1,0
BRDA:34,5,0,0
BRDA:34,5,1,0
BRDA:34,6,0,0
BRDA:34,6,1,0
BRDA:49,7,0,0
BRDA:49,7,1,0
BRDA:49,8,0,0
BRDA:49,8,1,0
BRDA:64,9,0,0
BRDA:64,9,1,0
BRDA:96,10,0,0
BRDA:96,10,1,0
BRDA:111,11,0,0
BRDA:111,11,1,0
BRDA:146,12,0,0
BRDA:146,12,1,0
BRDA:150,13,0,0
BRDA:150,13,1,0
BRDA:155,14,0,0
BRDA:155,14,1,0
BRDA:170,15,0,0
BRDA:170,15,1,0
BRDA:170,15,2,0
BRF:33
BRH:0
end_of_record
TN:
SF:src\components\CameraCapture.tsx
FN:51,(anonymous_12)
FN:68,(anonymous_13)
FN:75,(anonymous_14)
FN:80,(anonymous_15)
FN:103,(anonymous_16)
FN:112,(anonymous_17)
FN:116,(anonymous_18)
FN:117,(anonymous_19)
FN:340,(anonymous_20)
FNF:9
FNH:0
FNDA:0,(anonymous_12)
FNDA:0,(anonymous_13)
FNDA:0,(anonymous_14)
FNDA:0,(anonymous_15)
FNDA:0,(anonymous_16)
FNDA:0,(anonymous_17)
FNDA:0,(anonymous_18)
FNDA:0,(anonymous_19)
FNDA:0,(anonymous_20)
DA:1,0
DA:10,0
DA:11,0
DA:31,0
DA:51,0
DA:52,0
DA:53,0
DA:54,0
DA:56,0
DA:57,0
DA:58,0
DA:61,0
DA:62,0
DA:64,0
DA:65,0
DA:68,0
DA:69,0
DA:70,0
DA:75,0
DA:76,0
DA:77,0
DA:80,0
DA:81,0
DA:82,0
DA:83,0
DA:85,0
DA:88,0
DA:90,0
DA:91,0
DA:93,0
DA:94,0
DA:96,0
DA:99,0
DA:103,0
DA:104,0
DA:105,0
DA:106,0
DA:107,0
DA:108,0
DA:112,0
DA:113,0
DA:116,0
DA:117,0
DA:122,0
DA:140,0
DA:340,0
DA:357,0
LF:47
LH:0
BRDA:52,0,0,0
BRDA:52,0,1,0
BRDA:82,1,0,0
BRDA:82,1,1,0
BRDA:83,2,0,0
BRDA:83,2,1,0
BRDA:83,2,2,0
BRDA:83,2,3,0
BRDA:104,3,0,0
BRDA:104,3,1,0
BRDA:106,4,0,0
BRDA:106,4,1,0
BRDA:108,5,0,0
BRDA:108,5,1,0
BRDA:108,6,0,0
BRDA:108,6,1,0
BRDA:117,7,0,0
BRDA:117,7,1,0
BRDA:171,8,0,0
BRDA:171,8,1,0
BRDA:201,9,0,0
BRDA:201,9,1,0
BRDA:218,10,0,0
BRDA:218,10,1,0
BRDA:218,10,2,0
BRDA:225,11,0,0
BRDA:225,11,1,0
BRDA:248,12,0,0
BRDA:248,12,1,0
BRDA:248,12,2,0
BRDA:263,13,0,0
BRDA:263,13,1,0
BRDA:290,14,0,0
BRDA:290,14,1,0
BRDA:290,14,2,0
BRDA:298,15,0,0
BRDA:298,15,1,0
BRDA:300,16,0,0
BRDA:300,16,1,0
BRDA:323,17,0,0
BRDA:323,17,1,0
BRDA:338,18,0,0
BRDA:338,18,1,0
BRF:43
BRH:0
end_of_record
TN:
SF:src\components\FeatureTooltip.tsx
FN:26,computePosition
FN:92,(anonymous_10)
FN:105,(anonymous_11)
FN:112,(anonymous_12)
FN:118,(anonymous_13)
FN:123,(anonymous_14)
FN:130,(anonymous_15)
FN:134,(anonymous_16)
FN:137,updatePosition
FN:150,(anonymous_18)
FN:218,(anonymous_19)
FNF:11
FNH:0
FNDA:0,computePosition
FNDA:0,(anonymous_10)
FNDA:0,(anonymous_11)
FNDA:0,(anonymous_12)
FNDA:0,(anonymous_13)
FNDA:0,(anonymous_14)
FNDA:0,(anonymous_15)
FNDA:0,(anonymous_16)
FNDA:0,updatePosition
FNDA:0,(anonymous_18)
FNDA:0,(anonymous_19)
DA:1,0
DA:2,0
DA:4,0
DA:5,0
DA:30,0
DA:31,0
DA:32,0
DA:33,0
DA:34,0
DA:37,0
DA:38,0
DA:39,0
DA:40,0
DA:42,0
DA:43,0
DA:44,0
DA:46,0
DA:47,0
DA:48,0
DA:49,0
DA:51,0
DA:52,0
DA:53,0
DA:54,0
DA:56,0
DA:57,0
DA:58,0
DA:60,0
DA:61,0
DA:62,0
DA:63,0
DA:65,0
DA:68,0
DA:69,0
DA:70,0
DA:75,0
DA:80,0
DA:83,0
DA:92,0
DA:93,0
DA:94,0
DA:95,0
DA:96,0
DA:98,0
DA:99,0
DA:100,0
DA:101,0
DA:103,0
DA:105,0
DA:106,0
DA:107,0
DA:108,0
DA:112,0
DA:113,0
DA:114,0
DA:118,0
DA:119,0
DA:120,0
DA:123,0
DA:124,0
DA:125,0
DA:126,0
DA:130,0
DA:134,0
DA:135,0
DA:138,0
DA:139,0
DA:140,0
DA:141,0
DA:145,0
DA:147,0
DA:148,0
DA:150,0
DA:151,0
DA:152,0
DA:156,0
DA:158,0
DA:218,0
LF:78
LH:0
BRDA:46,0,0,0
BRDA:46,0,1,0
BRDA:51,1,0,0
BRDA:51,1,1,0
BRDA:56,2,0,0
BRDA:56,2,1,0
BRDA:61,3,0,0
BRDA:61,3,1,0
BRDA:107,4,0,0
BRDA:107,4,1,0
BRDA:119,5,0,0
BRDA:119,5,1,0
BRDA:120,6,0,0
BRDA:120,6,1,0
BRDA:125,7,0,0
BRDA:125,7,1,0
BRDA:135,8,0,0
BRDA:135,8,1,0
BRDA:140,9,0,0
BRDA:140,9,1,0
BRDA:140,10,0,0
BRDA:140,10,1,0
BRDA:156,11,0,0
BRDA:156,11,1,0
BRDA:156,12,0,0
BRDA:156,12,1,0
BRDA:165,13,0,0
BRDA:165,13,1,0
BRDA:169,14,0,0
BRDA:169,14,1,0
BRDA:179,15,0,0
BRDA:179,15,1,0
BRF:32
BRH:0
end_of_record
TN:
SF:src\components\MaintenanceRequestForm.tsx
FN:17,(anonymous_16)
FN:35,(anonymous_17)
FN:46,(anonymous_18)
FN:46,(anonymous_19)
FN:69,(anonymous_21)
FN:80,(anonymous_22)
FN:160,(anonymous_23)
FN:162,(anonymous_24)
FN:174,(anonymous_25)
FN:199,(anonymous_26)
FN:201,(anonymous_27)
FN:213,(anonymous_28)
FN:238,(anonymous_29)
FN:246,(anonymous_30)
FN:267,(anonymous_31)
FN:269,(anonymous_32)
FN:307,(anonymous_33)
FNF:17
FNH:0
FNDA:0,(anonymous_16)
FNDA:0,(anonymous_17)
FNDA:0,(anonymous_18)
FNDA:0,(anonymous_19)
FNDA:0,(anonymous_21)
FNDA:0,(anonymous_22)
FNDA:0,(anonymous_23)
FNDA:0,(anonymous_24)
FNDA:0,(anonymous_25)
FNDA:0,(anonymous_26)
FNDA:0,(anonymous_27)
FNDA:0,(anonymous_28)
FNDA:0,(anonymous_29)
FNDA:0,(anonymous_30)
FNDA:0,(anonymous_31)
FNDA:0,(anonymous_32)
FNDA:0,(anonymous_33)
DA:1,0
DA:2,0
DA:4,0
DA:5,0
DA:17,0
DA:18,0
DA:19,0
DA:20,0
DA:22,0
DA:23,0
DA:24,0
DA:25,0
DA:26,0
DA:27,0
DA:28,0
DA:29,0
DA:31,0
DA:35,0
DA:36,0
DA:37,0
DA:38,0
DA:39,0
DA:40,0
DA:41,0
DA:42,0
DA:43,0
DA:46,0
DA:47,0
DA:48,0
DA:50,0
DA:51,0
DA:54,0
DA:61,0
DA:62,0
DA:63,0
DA:64,0
DA:65,0
DA:66,0
DA:67,0
DA:69,0
DA:70,0
DA:71,0
DA:74,0
DA:76,0
DA:80,0
DA:81,0
DA:82,0
DA:85,0
DA:94,0
DA:100,0
DA:161,0
DA:162,0
DA:174,0
DA:200,0
DA:201,0
DA:213,0
DA:238,0
DA:246,0
DA:268,0
DA:269,0
DA:307,0
LF:61
LH:0
BRDA:37,0,0,0
BRDA:37,0,1,0
BRDA:38,1,0,0
BRDA:38,1,1,0
BRDA:39,2,0,0
BRDA:39,2,1,0
BRDA:40,3,0,0
BRDA:40,3,1,0
BRDA:48,4,0,0
BRDA:48,4,1,0
BRDA:74,5,0,0
BRDA:74,5,1,0
BRDA:81,6,0,0
BRDA:81,6,1,0
BRDA:81,7,0,0
BRDA:81,7,1,0
BRDA:81,8,0,0
BRDA:81,8,1,0
BRDA:81,9,0,0
BRDA:81,9,1,0
BRDA:133,10,0,0
BRDA:133,10,1,0
BRDA:140,11,0,0
BRDA:140,11,1,0
BRDA:167,12,0,0
BRDA:167,12,1,0
BRDA:180,13,0,0
BRDA:180,13,1,0
BRDA:206,14,0,0
BRDA:206,14,1,0
BRDA:215,15,0,0
BRDA:215,15,1,0
BRDA:219,16,0,0
BRDA:219,16,1,0
BRDA:248,17,0,0
BRDA:248,17,1,0
BRDA:275,18,0,0
BRDA:275,18,1,0
BRDA:281,19,0,0
BRDA:281,19,1,0
BRDA:299,20,0,0
BRDA:299,20,1,0
BRDA:360,21,0,0
BRDA:360,21,1,0
BRF:44
BRH:0
end_of_record
TN:
SF:src\components\MaintenanceRequestList.tsx
FN:86,(anonymous_14)
FN:98,(anonymous_15)
FN:107,(anonymous_16)
FN:109,(anonymous_17)
FN:125,(anonymous_19)
FN:165,(anonymous_20)
FN:177,(anonymous_21)
FN:214,(anonymous_22)
FN:287,(anonymous_23)
FN:313,(anonymous_24)
FN:313,(anonymous_25)
FN:328,(anonymous_26)
FN:328,(anonymous_27)
FNF:13
FNH:0
FNDA:0,(anonymous_14)
FNDA:0,(anonymous_15)
FNDA:0,(anonymous_16)
FNDA:0,(anonymous_17)
FNDA:0,(anonymous_19)
FNDA:0,(anonymous_20)
FNDA:0,(anonymous_21)
FNDA:0,(anonymous_22)
FNDA:0,(anonymous_23)
FNDA:0,(anonymous_24)
FNDA:0,(anonymous_25)
FNDA:0,(anonymous_26)
FNDA:0,(anonymous_27)
DA:1,0
DA:11,0
DA:13,0
DA:15,0
DA:28,0
DA:54,0
DA:60,0
DA:69,0
DA:77,0
DA:84,0
DA:86,0
DA:87,0
DA:88,0
DA:89,0
DA:90,0
DA:92,0
DA:93,0
DA:94,0
DA:95,0
DA:97,0
DA:98,0
DA:101,0
DA:102,0
DA:107,0
DA:109,0
DA:111,0
DA:112,0
DA:114,0
DA:115,0
DA:117,0
DA:121,0
DA:125,0
DA:126,0
DA:133,0
DA:134,0
DA:144,0
DA:145,0
DA:159,0
DA:166,0
DA:167,0
DA:177,0
DA:215,0
DA:216,0
DA:217,0
DA:287,0
DA:313,0
DA:328,0
LF:47
LH:0
BRDA:97,0,0,0
BRDA:97,0,1,0
BRDA:118,1,0,0
BRDA:118,1,1,0
BRDA:133,2,0,0
BRDA:133,2,1,0
BRDA:144,3,0,0
BRDA:144,3,1,0
BRDA:187,4,0,0
BRDA:187,4,1,0
BRDA:192,5,0,0
BRDA:192,5,1,0
BRDA:199,6,0,0
BRDA:199,6,1,0
BRDA:256,7,0,0
BRDA:256,7,1,0
BRDA:278,8,0,0
BRDA:278,8,1,0
BRDA:285,9,0,0
BRDA:285,9,1,0
BRDA:293,10,0,0
BRDA:293,10,1,0
BRDA:307,11,0,0
BRDA:307,11,1,0
BRF:24
BRH:0
end_of_record
TN:
SF:src\components\MobileNav.tsx
FN:54,(anonymous_9)
FN:59,(anonymous_10)
FN:60,(anonymous_11)
FN:63,(anonymous_12)
FN:68,(anonymous_13)
FN:76,(anonymous_14)
FN:81,(anonymous_15)
FN:87,(anonymous_16)
FN:92,(anonymous_17)
FN:162,(anonymous_18)
FN:168,(anonymous_19)
FN:214,(anonymous_20)
FN:220,(anonymous_21)
FNF:13
FNH:0
FNDA:0,(anonymous_9)
FNDA:0,(anonymous_10)
FNDA:0,(anonymous_11)
FNDA:0,(anonymous_12)
FNDA:0,(anonymous_13)
FNDA:0,(anonymous_14)
FNDA:0,(anonymous_15)
FNDA:0,(anonymous_16)
FNDA:0,(anonymous_17)
FNDA:0,(anonymous_18)
FNDA:0,(anonymous_19)
FNDA:0,(anonymous_20)
FNDA:0,(anonymous_21)
DA:1,0
DA:15,0
DA:16,0
DA:28,0
DA:45,0
DA:54,0
DA:55,0
DA:56,0
DA:57,0
DA:59,0
DA:60,0
DA:63,0
DA:64,0
DA:67,0
DA:69,0
DA:70,0
DA:76,0
DA:77,0
DA:81,0
DA:82,0
DA:83,0
DA:85,0
DA:87,0
DA:88,0
DA:92,0
DA:94,0
DA:163,0
DA:164,0
DA:165,0
DA:168,0
DA:215,0
DA:216,0
DA:217,0
DA:220,0
DA:262,0
LF:35
LH:0
BRDA:82,0,0,0
BRDA:82,0,1,0
BRDA:108,1,0,0
BRDA:108,1,1,0
BRDA:120,2,0,0
BRDA:120,2,1,0
BRDA:138,3,0,0
BRDA:138,3,1,0
BRDA:153,4,0,0
BRDA:153,4,1,0
BRDA:169,5,0,0
BRDA:169,5,1,0
BRDA:180,6,0,0
BRDA:180,6,1,0
BRDA:181,7,0,0
BRDA:181,7,1,0
BRDA:182,8,0,0
BRDA:182,8,1,0
BRDA:185,9,0,0
BRDA:185,9,1,0
BRDA:222,10,0,0
BRDA:222,10,1,0
BRDA:236,11,0,0
BRDA:236,11,1,0
BRDA:241,12,0,0
BRDA:241,12,1,0
BRDA:245,13,0,0
BRDA:245,13,1,0
BRF:28
BRH:0
end_of_record
TN:
SF:src\components\MortgageCalculator.tsx
FN:26,(anonymous_11)
FN:45,(anonymous_12)
FN:49,(anonymous_13)
FN:82,(anonymous_14)
FN:84,(anonymous_15)
FN:87,(anonymous_16)
FN:96,(anonymous_17)
FN:135,(anonymous_18)
FN:160,(anonymous_19)
FN:187,(anonymous_20)
FNF:10
FNH:4
FNDA:12,(anonymous_11)
FNDA:6,(anonymous_12)
FNDA:6,(anonymous_13)
FNDA:0,(anonymous_14)
FNDA:0,(anonymous_15)
FNDA:60,(anonymous_16)
FNDA:0,(anonymous_17)
FNDA:0,(anonymous_18)
FNDA:0,(anonymous_19)
FNDA:0,(anonymous_20)
DA:4,1
DA:5,1
DA:26,1
DA:27,12
DA:28,12
DA:30,12
DA:37,12
DA:45,12
DA:46,6
DA:49,12
DA:50,18
DA:52,6
DA:53,0
DA:59,0
DA:62,6
DA:63,6
DA:67,6
DA:70,6
DA:71,6
DA:72,6
DA:74,6
DA:82,12
DA:83,0
DA:84,0
DA:87,12
DA:88,60
DA:96,12
DA:97,0
DA:100,12
DA:135,0
DA:161,0
DA:187,0
DA:260,1
LF:33
LH:25
BRDA:27,0,0,0
BRDA:27,0,1,12
BRDA:28,1,0,12
BRDA:28,1,1,0
BRDA:52,2,0,0
BRDA:52,2,1,6
BRDA:52,3,0,6
BRDA:52,3,1,6
BRDA:52,3,2,6
BRDA:75,4,0,6
BRDA:75,4,1,0
BRDA:76,5,0,6
BRDA:76,5,1,0
BRDA:77,6,0,6
BRDA:77,6,1,0
BRDA:83,7,0,0
BRDA:83,7,1,0
BRF:17
BRH:9
end_of_record
TN:
SF:src\components\OnboardingTour.tsx
FN:30,isTourCompleted
FN:34,markTourCompleted
FN:38,computePosition
FN:89,(anonymous_12)
FN:101,(anonymous_13)
FN:106,(anonymous_14)
FN:107,(anonymous_15)
FN:108,(anonymous_16)
FN:114,(anonymous_17)
FN:115,(anonymous_18)
FN:122,(anonymous_19)
FN:125,updatePosition
FN:133,(anonymous_21)
FN:143,(anonymous_22)
FN:149,(anonymous_23)
FN:155,(anonymous_24)
FN:157,(anonymous_25)
FN:161,(anonymous_26)
FN:168,(anonymous_27)
FN:174,(anonymous_28)
FN:177,(anonymous_29)
FNF:21
FNH:0
FNDA:0,isTourCompleted
FNDA:0,markTourCompleted
FNDA:0,computePosition
FNDA:0,(anonymous_12)
FNDA:0,(anonymous_13)
FNDA:0,(anonymous_14)
FNDA:0,(anonymous_15)
FNDA:0,(anonymous_16)
FNDA:0,(anonymous_17)
FNDA:0,(anonymous_18)
FNDA:0,(anonymous_19)
FNDA:0,updatePosition
FNDA:0,(anonymous_21)
FNDA:0,(anonymous_22)
FNDA:0,(anonymous_23)
FNDA:0,(anonymous_24)
FNDA:0,(anonymous_25)
FNDA:0,(anonymous_26)
FNDA:0,(anonymous_27)
FNDA:0,(anonymous_28)
FNDA:0,(anonymous_29)
DA:1,0
DA:2,0
DA:4,0
DA:5,0
DA:28,0
DA:31,0
DA:35,0
DA:42,0
DA:43,0
DA:44,0
DA:45,0
DA:46,0
DA:48,0
DA:49,0
DA:55,0
DA:56,0
DA:57,0
DA:58,0
DA:60,0
DA:61,0
DA:62,0
DA:63,0
DA:66,0
DA:67,0
DA:68,0
DA:72,0
DA:77,0
DA:80,0
DA:89,0
DA:90,0
DA:91,0
DA:92,0
DA:94,0
DA:95,0
DA:96,0
DA:97,0
DA:98,0
DA:101,0
DA:102,0
DA:104,0
DA:105,0
DA:106,0
DA:108,0
DA:111,0
DA:112,0
DA:114,0
DA:115,0
DA:119,0
DA:122,0
DA:123,0
DA:126,0
DA:127,0
DA:128,0
DA:131,0
DA:133,0
DA:134,0
DA:135,0
DA:140,0
DA:141,0
DA:143,0
DA:144,0
DA:145,0
DA:149,0
DA:150,0
DA:151,0
DA:152,0
DA:155,0
DA:157,0
DA:158,0
DA:161,0
DA:163,0
DA:164,0
DA:166,0
DA:167,0
DA:168,0
DA:170,0
DA:174,0
DA:175,0
DA:176,0
DA:177,0
DA:181,0
DA:183,0
DA:184,0
DA:186,0
LF:84
LH:0
BRDA:55,0,0,0
BRDA:55,0,1,0
BRDA:60,1,0,0
BRDA:60,1,1,0
BRDA:102,2,0,0
BRDA:102,2,1,0
BRDA:105,3,0,0
BRDA:105,3,1,0
BRDA:111,4,0,0
BRDA:111,4,1,0
BRDA:123,5,0,0
BRDA:123,5,1,0
BRDA:123,6,0,0
BRDA:123,6,1,0
BRDA:128,7,0,0
BRDA:128,7,1,0
BRDA:128,8,0,0
BRDA:128,8,1,0
BRDA:134,9,0,0
BRDA:134,9,1,0
BRDA:152,10,0,0
BRDA:152,10,1,0
BRDA:152,11,0,0
BRDA:152,11,1,0
BRDA:163,12,0,0
BRDA:163,12,1,0
BRDA:166,13,0,0
BRDA:166,13,1,0
BRDA:175,14,0,0
BRDA:175,14,1,0
BRDA:181,15,0,0
BRDA:181,15,1,0
BRDA:181,16,0,0
BRDA:181,16,1,0
BRDA:181,16,2,0
BRDA:203,17,0,0
BRDA:203,17,1,0
BRDA:207,18,0,0
BRDA:207,18,1,0
BRDA:217,19,0,0
BRDA:217,19,1,0
BRDA:269,20,0,0
BRDA:269,20,1,0
BRDA:284,21,0,0
BRDA:284,21,1,0
BRDA:286,22,0,0
BRDA:286,22,1,0
BRDA:287,23,0,0
BRDA:287,23,1,0
BRF:49
BRH:0
end_of_record
TN:
SF:src\components\PropertyIntelligence.tsx
FN:68,(anonymous_22)
FN:75,(anonymous_23)
FN:77,(anonymous_24)
FN:120,(anonymous_27)
FN:129,(anonymous_28)
FN:138,(anonymous_29)
FNF:6
FNH:0
FNDA:0,(anonymous_22)
FNDA:0,(anonymous_23)
FNDA:0,(anonymous_24)
FNDA:0,(anonymous_27)
FNDA:0,(anonymous_28)
FNDA:0,(anonymous_29)
DA:4,0
DA:14,0
DA:68,0
DA:69,0
DA:70,0
DA:72,0
DA:73,0
DA:75,0
DA:77,0
DA:78,0
DA:81,0
DA:120,0
DA:121,0
DA:122,0
DA:126,0
DA:129,0
DA:130,0
DA:138,0
DA:139,0
DA:140,0
DA:143,0
DA:144,0
DA:158,0
DA:159,0
DA:169,0
DA:374,0
LF:26
LH:0
BRDA:70,0,0,0
BRDA:70,0,1,0
BRDA:83,1,0,0
BRDA:83,1,1,0
BRDA:94,2,0,0
BRDA:94,2,1,0
BRDA:139,3,0,0
BRDA:139,3,1,0
BRDA:143,4,0,0
BRDA:143,4,1,0
BRDA:158,5,0,0
BRDA:158,5,1,0
BRDA:184,6,0,0
BRDA:184,6,1,0
BRDA:186,7,0,0
BRDA:186,7,1,0
BRDA:222,8,0,0
BRDA:222,8,1,0
BRDA:234,9,0,0
BRDA:234,9,1,0
BRDA:236,10,0,0
BRDA:236,10,1,0
BRDA:265,11,0,0
BRDA:265,11,1,0
BRDA:270,12,0,0
BRDA:270,12,1,0
BRDA:291,13,0,0
BRDA:291,13,1,0
BRDA:296,14,0,0
BRDA:296,14,1,0
BRDA:352,15,0,0
BRDA:352,15,1,0
BRDA:362,16,0,0
BRDA:362,16,1,0
BRF:34
BRH:0
end_of_record
TN:
SF:src\components\PropertyListings.tsx
FN:13,(anonymous_22)
FN:29,(anonymous_23)
FN:35,(anonymous_24)
FN:41,(anonymous_25)
FN:42,(anonymous_26)
FN:58,(anonymous_29)
FN:98,(anonymous_30)
FN:104,(anonymous_31)
FN:110,(anonymous_32)
FN:117,(anonymous_33)
FN:149,(anonymous_34)
FN:155,(anonymous_35)
FN:161,(anonymous_36)
FN:169,(anonymous_37)
FN:175,(anonymous_38)
FN:181,(anonymous_39)
FN:189,(anonymous_40)
FN:195,(anonymous_41)
FN:201,(anonymous_42)
FN:207,(anonymous_43)
FN:211,(anonymous_44)
FNF:21
FNH:0
FNDA:0,(anonymous_22)
FNDA:0,(anonymous_23)
FNDA:0,(anonymous_24)
FNDA:0,(anonymous_25)
FNDA:0,(anonymous_26)
FNDA:0,(anonymous_29)
FNDA:0,(anonymous_30)
FNDA:0,(anonymous_31)
FNDA:0,(anonymous_32)
FNDA:0,(anonymous_33)
FNDA:0,(anonymous_34)
FNDA:0,(anonymous_35)
FNDA:0,(anonymous_36)
FNDA:0,(anonymous_37)
FNDA:0,(anonymous_38)
FNDA:0,(anonymous_39)
FNDA:0,(anonymous_40)
FNDA:0,(anonymous_41)
FNDA:0,(anonymous_42)
FNDA:0,(anonymous_43)
FNDA:0,(anonymous_44)
DA:2,0
DA:3,0
DA:5,0
DA:6,0
DA:7,0
DA:8,0
DA:9,0
DA:11,0
DA:13,0
DA:14,0
DA:15,0
DA:16,0
DA:29,0
DA:30,0
DA:31,0
DA:32,0
DA:33,0
DA:35,0
DA:37,0
DA:41,0
DA:42,0
DA:44,0
DA:45,0
DA:46,0
DA:48,0
DA:50,0
DA:53,0
DA:56,0
DA:58,0
DA:60,0
DA:61,0
DA:69,0
DA:71,0
DA:74,0
DA:98,0
DA:104,0
DA:110,0
DA:117,0
DA:149,0
DA:155,0
DA:162,0
DA:169,0
DA:175,0
DA:182,0
DA:189,0
DA:195,0
DA:201,0
DA:207,0
DA:212,0
DA:213,0
LF:50
LH:0
BRDA:60,0,0,0
BRDA:60,0,1,0
BRDA:99,1,0,0
BRDA:99,1,1,0
BRDA:105,2,0,0
BRDA:105,2,1,0
BRDA:111,3,0,0
BRDA:111,3,1,0
BRDA:111,4,0,0
BRDA:111,4,1,0
BRDA:111,5,0,0
BRDA:111,5,1,0
BRDA:119,6,0,0
BRDA:119,6,1,0
BRDA:121,7,0,0
BRDA:121,7,1,0
BRDA:128,8,0,0
BRDA:128,8,1,0
BRDA:139,9,0,0
BRDA:139,9,1,0
BRDA:144,10,0,0
BRDA:144,10,1,0
BRDA:147,11,0,0
BRDA:147,11,1,0
BRDA:152,12,0,0
BRDA:152,12,1,0
BRDA:152,12,2,0
BRDA:158,13,0,0
BRDA:158,13,1,0
BRDA:158,13,2,0
BRDA:160,14,0,0
BRDA:160,14,1,0
BRDA:160,15,0,0
BRDA:160,15,1,0
BRDA:166,16,0,0
BRDA:166,16,1,0
BRDA:172,17,0,0
BRDA:172,17,1,0
BRDA:178,18,0,0
BRDA:178,18,1,0
BRDA:178,18,2,0
BRDA:180,19,0,0
BRDA:180,19,1,0
BRDA:180,20,0,0
BRDA:180,20,1,0
BRDA:186,21,0,0
BRDA:186,21,1,0
BRDA:192,22,0,0
BRDA:192,22,1,0
BRDA:198,23,0,0
BRDA:198,23,1,0
BRDA:204,24,0,0
BRDA:204,24,1,0
BRF:53
BRH:0
end_of_record
TN:
SF:src\components\PushNotificationSubscription.tsx
FN:15,urlBase64ToUint8Array
FN:26,registerServiceWorker
FN:33,(anonymous_26)
FN:37,(anonymous_27)
FN:58,(anonymous_30)
FN:62,(anonymous_31)
FN:97,(anonymous_34)
FNF:7
FNH:0
FNDA:0,urlBase64ToUint8Array
FNDA:0,registerServiceWorker
FNDA:0,(anonymous_26)
FNDA:0,(anonymous_27)
FNDA:0,(anonymous_30)
FNDA:0,(anonymous_31)
FNDA:0,(anonymous_34)
DA:1,0
DA:2,0
DA:4,0
DA:5,0
DA:16,0
DA:17,0
DA:18,0
DA:19,0
DA:20,0
DA:21,0
DA:23,0
DA:27,0
DA:28,0
DA:30,0
DA:33,0
DA:34,0
DA:35,0
DA:37,0
DA:38,0
DA:39,0
DA:40,0
DA:43,0
DA:44,0
DA:45,0
DA:46,0
DA:50,0
DA:51,0
DA:52,0
DA:54,0
DA:58,0
DA:59,0
DA:62,0
DA:63,0
DA:65,0
DA:66,0
DA:68,0
DA:69,0
DA:70,0
DA:71,0
DA:75,0
DA:76,0
DA:77,0
DA:80,0
DA:81,0
DA:87,0
DA:88,0
DA:90,0
DA:91,0
DA:93,0
DA:97,0
DA:98,0
DA:100,0
DA:101,0
DA:103,0
DA:104,0
DA:105,0
DA:107,0
DA:109,0
DA:110,0
DA:112,0
DA:116,0
DA:117,0
DA:127,0
DA:128,0
DA:143,0
DA:144,0
DA:160,0
DA:161,0
DA:186,0
DA:213,0
LF:70
LH:0
BRDA:27,0,0,0
BRDA:27,0,1,0
BRDA:38,1,0,0
BRDA:38,1,1,0
BRDA:38,2,0,0
BRDA:38,2,1,0
BRDA:44,3,0,0
BRDA:44,3,1,0
BRDA:52,4,0,0
BRDA:52,4,1,0
BRDA:69,5,0,0
BRDA:69,5,1,0
BRDA:76,6,0,0
BRDA:76,6,1,0
BRDA:103,7,0,0
BRDA:103,7,1,0
BRDA:116,8,0,0
BRDA:116,8,1,0
BRDA:127,9,0,0
BRDA:127,9,1,0
BRDA:143,10,0,0
BRDA:143,10,1,0
BRDA:160,11,0,0
BRDA:160,11,1,0
BRDA:180,12,0,0
BRDA:180,12,1,0
BRDA:195,13,0,0
BRDA:195,13,1,0
BRDA:207,14,0,0
BRDA:207,14,1,0
BRF:30
BRH:0
end_of_record
TN:
SF:src\components\analytics\MaintenanceTrends.tsx
FN:21,formatMonth
FN:27,(anonymous_4)
FN:30,(anonymous_5)
FN:38,(anonymous_6)
FNF:4
FNH:0
FNDA:0,formatMonth
FNDA:0,(anonymous_4)
FNDA:0,(anonymous_5)
FNDA:0,(anonymous_6)
DA:1,0
DA:2,0
DA:22,0
DA:23,0
DA:24,0
DA:27,0
DA:28,0
DA:30,0
DA:36,0
DA:38,0
DA:43,0
LF:11
LH:0
BRDA:36,0,0,0
BRDA:36,0,1,0
BRF:2
BRH:0
end_of_record
TN:
SF:src\components\analytics\OccupancyChart.tsx
FN:19,formatMonth
FN:25,(anonymous_4)
FN:26,(anonymous_5)
FNF:3
FNH:0
FNDA:0,formatMonth
FNDA:0,(anonymous_4)
FNDA:0,(anonymous_5)
DA:1,0
DA:2,0
DA:20,0
DA:21,0
DA:22,0
DA:25,0
DA:26,0
DA:31,0
LF:8
LH:0
BRF:0
BRH:0
end_of_record
TN:
SF:src\components\analytics\PortfolioOverview.tsx
FN:24,(anonymous_1)
FN:31,(anonymous_2)
FN:38,(anonymous_3)
FN:45,(anonymous_4)
FN:52,(anonymous_5)
FN:59,(anonymous_6)
FN:66,(anonymous_7)
FN:73,(anonymous_8)
FN:78,(anonymous_9)
FN:83,(anonymous_10)
FNF:10
FNH:0
FNDA:0,(anonymous_1)
FNDA:0,(anonymous_2)
FNDA:0,(anonymous_3)
FNDA:0,(anonymous_4)
FNDA:0,(anonymous_5)
FNDA:0,(anonymous_6)
FNDA:0,(anonymous_7)
FNDA:0,(anonymous_8)
FNDA:0,(anonymous_9)
FNDA:0,(anonymous_10)
DA:1,0
DA:11,0
DA:19,0
DA:24,0
DA:31,0
DA:38,0
DA:45,0
DA:52,0
DA:59,0
DA:66,0
DA:73,0
DA:78,0
DA:79,0
DA:81,0
DA:84,0
DA:85,0
DA:86,0
LF:17
LH:0
BRF:0
BRH:0
end_of_record
TN:
SF:src\components\analytics\ReportBuilder.tsx
FN:25,(anonymous_23)
FN:36,(anonymous_24)
FN:37,(anonymous_25)
FN:38,(anonymous_26)
FN:42,(anonymous_27)
FN:58,(anonymous_30)
FN:106,(anonymous_31)
FN:109,(anonymous_32)
FN:143,(anonymous_33)
FN:150,(anonymous_34)
FN:165,(anonymous_35)
FN:168,(anonymous_36)
FN:284,(anonymous_37)
FNF:13
FNH:0
FNDA:0,(anonymous_23)
FNDA:0,(anonymous_24)
FNDA:0,(anonymous_25)
FNDA:0,(anonymous_26)
FNDA:0,(anonymous_27)
FNDA:0,(anonymous_30)
FNDA:0,(anonymous_31)
FNDA:0,(anonymous_32)
FNDA:0,(anonymous_33)
FNDA:0,(anonymous_34)
FNDA:0,(anonymous_35)
FNDA:0,(anonymous_36)
FNDA:0,(anonymous_37)
DA:1,0
DA:2,0
DA:4,0
DA:7,0
DA:18,0
DA:25,0
DA:26,0
DA:30,0
DA:31,0
DA:32,0
DA:33,0
DA:34,0
DA:36,0
DA:37,0
DA:38,0
DA:42,0
DA:43,0
DA:44,0
DA:46,0
DA:51,0
DA:52,0
DA:54,0
DA:58,0
DA:59,0
DA:60,0
DA:63,0
DA:64,0
DA:65,0
DA:66,0
DA:67,0
DA:68,0
DA:71,0
DA:106,0
DA:109,0
DA:143,0
DA:150,0
DA:165,0
DA:168,0
DA:284,0
LF:39
LH:0
BRDA:38,0,0,0
BRDA:38,0,1,0
BRDA:43,1,0,0
BRDA:43,1,1,0
BRDA:59,2,0,0
BRDA:59,2,1,0
BRDA:112,3,0,0
BRDA:112,3,1,0
BRDA:115,4,0,0
BRDA:115,4,1,0
BRDA:118,5,0,0
BRDA:118,5,1,0
BRDA:171,6,0,0
BRDA:171,6,1,0
BRDA:173,7,0,0
BRDA:173,7,1,0
BRDA:174,8,0,0
BRDA:174,8,1,0
BRDA:187,9,0,0
BRDA:187,9,1,0
BRDA:194,10,0,0
BRDA:194,10,1,0
BRDA:201,11,0,0
BRDA:201,11,1,0
BRDA:220,12,0,0
BRDA:220,12,1,0
BRDA:244,13,0,0
BRDA:244,13,1,0
BRDA:252,14,0,0
BRDA:252,14,1,0
BRDA:260,15,0,0
BRDA:260,15,1,0
BRDA:268,16,0,0
BRDA:268,16,1,0
BRDA:279,17,0,0
BRDA:279,17,1,0
BRDA:287,18,0,0
BRDA:287,18,1,0
BRDA:289,19,0,0
BRDA:289,19,1,0
BRDA:294,20,0,0
BRDA:294,20,1,0
BRDA:297,21,0,0
BRDA:297,21,1,0
BRDA:305,22,0,0
BRDA:305,22,1,0
BRDA:313,23,0,0
BRDA:313,23,1,0
BRF:48
BRH:0
end_of_record
TN:
SF:src\components\analytics\RevenueAnalytics.tsx
FN:21,formatMonth
FN:27,formatCurrency
FN:32,(anonymous_5)
FN:33,(anonymous_6)
FN:38,(anonymous_7)
FN:39,(anonymous_8)
FN:40,(anonymous_9)
FN:112,(anonymous_10)
FNF:8
FNH:0
FNDA:0,formatMonth
FNDA:0,formatCurrency
FNDA:0,(anonymous_5)
FNDA:0,(anonymous_6)
FNDA:0,(anonymous_7)
FNDA:0,(anonymous_8)
FNDA:0,(anonymous_9)
FNDA:0,(anonymous_10)
DA:1,0
DA:2,0
DA:22,0
DA:23,0
DA:24,0
DA:28,0
DA:29,0
DA:32,0
DA:33,0
DA:38,0
DA:39,0
DA:40,0
DA:42,0
DA:112,0
LF:14
LH:0
BRDA:28,0,0,0
BRDA:28,0,1,0
BRF:2
BRH:0
end_of_record
TN:
SF:src\components\billing\BillingDashboard.tsx
FN:29,UsageBar
FN:68,BillingDashboard
FN:80,(anonymous_25)
FN:82,(anonymous_26)
FN:86,(anonymous_27)
FN:87,(anonymous_28)
FN:92,(anonymous_29)
FN:101,(anonymous_32)
FN:123,(anonymous_35)
FN:212,(anonymous_36)
FN:235,(anonymous_37)
FN:265,(anonymous_38)
FNF:12
FNH:0
FNDA:0,UsageBar
FNDA:0,BillingDashboard
FNDA:0,(anonymous_25)
FNDA:0,(anonymous_26)
FNDA:0,(anonymous_27)
FNDA:0,(anonymous_28)
FNDA:0,(anonymous_29)
FNDA:0,(anonymous_32)
FNDA:0,(anonymous_35)
FNDA:0,(anonymous_36)
FNDA:0,(anonymous_37)
FNDA:0,(anonymous_38)
DA:1,0
DA:11,0
DA:12,0
DA:14,0
DA:15,0
DA:17,0
DA:30,0
DA:31,0
DA:32,0
DA:38,0
DA:39,0
DA:41,0
DA:68,0
DA:69,0
DA:70,0
DA:71,0
DA:72,0
DA:73,0
DA:74,0
DA:75,0
DA:76,0
DA:78,0
DA:80,0
DA:81,0
DA:82,0
DA:83,0
DA:84,0
DA:86,0
DA:87,0
DA:90,0
DA:92,0
DA:94,0
DA:95,0
DA:97,0
DA:101,0
DA:102,0
DA:107,0
DA:109,0
DA:111,0
DA:112,0
DA:113,0
DA:115,0
DA:119,0
DA:123,0
DA:124,0
DA:127,0
DA:128,0
DA:141,0
DA:212,0
DA:235,0
DA:265,0
LF:51
LH:0
BRDA:38,0,0,0
BRDA:38,0,1,0
BRDA:46,1,0,0
BRDA:46,1,1,0
BRDA:54,2,0,0
BRDA:54,2,1,0
BRDA:59,3,0,0
BRDA:59,3,1,0
BRDA:90,4,0,0
BRDA:90,4,1,0
BRDA:102,5,0,0
BRDA:102,5,1,0
BRDA:127,6,0,0
BRDA:127,6,1,0
BRDA:152,7,0,0
BRDA:152,7,1,0
BRDA:165,8,0,0
BRDA:165,8,1,0
BRDA:182,9,0,0
BRDA:182,9,1,0
BRDA:185,10,0,0
BRDA:185,10,1,0
BRDA:187,11,0,0
BRDA:187,11,1,0
BRDA:189,12,0,0
BRDA:189,12,1,0
BRDA:194,13,0,0
BRDA:194,13,1,0
BRDA:201,14,0,0
BRDA:201,14,1,0
BRDA:222,15,0,0
BRDA:222,15,1,0
BRDA:222,16,0,0
BRDA:222,16,1,0
BRDA:222,17,0,0
BRDA:222,17,1,0
BRDA:248,18,0,0
BRDA:248,18,1,0
BRDA:248,19,0,0
BRDA:248,19,1,0
BRDA:248,20,0,0
BRDA:248,20,1,0
BRDA:254,21,0,0
BRDA:254,21,1,0
BRDA:275,22,0,0
BRDA:275,22,1,0
BRDA:281,23,0,0
BRDA:281,23,1,0
BRDA:281,24,0,0
BRDA:281,24,1,0
BRDA:288,25,0,0
BRDA:288,25,1,0
BRDA:288,25,2,0
BRF:53
BRH:0
end_of_record
TN:
SF:src\components\billing\CheckoutForm.tsx
FN:14,CheckoutForm
FN:25,(anonymous_23)
FN:25,(anonymous_24)
FN:206,(anonymous_26)
FNF:4
FNH:0
FNDA:0,CheckoutForm
FNDA:0,(anonymous_23)
FNDA:0,(anonymous_24)
FNDA:0,(anonymous_26)
DA:1,0
DA:2,0
DA:3,0
DA:4,0
DA:6,0
DA:14,0
DA:15,0
DA:16,0
DA:17,0
DA:18,0
DA:19,0
DA:21,0
DA:23,0
DA:25,0
DA:26,0
DA:28,0
DA:29,0
DA:32,0
DA:33,0
DA:35,0
DA:36,0
DA:37,0
DA:38,0
DA:39,0
DA:44,0
DA:45,0
DA:50,0
DA:51,0
DA:54,0
DA:55,0
DA:59,0
DA:71,0
DA:73,0
DA:74,0
DA:78,0
DA:79,0
DA:82,0
DA:83,0
DA:84,0
DA:85,0
DA:90,0
DA:92,0
DA:95,0
DA:99,0
DA:206,0
LF:45
LH:0
BRDA:23,0,0,0
BRDA:23,0,1,0
BRDA:28,1,0,0
BRDA:28,1,1,0
BRDA:28,2,0,0
BRDA:28,2,1,0
BRDA:36,3,0,0
BRDA:36,3,1,0
BRDA:50,4,0,0
BRDA:50,4,1,0
BRDA:52,5,0,0
BRDA:52,5,1,0
BRDA:73,6,0,0
BRDA:73,6,1,0
BRDA:74,7,0,0
BRDA:74,7,1,0
BRDA:78,8,0,0
BRDA:78,8,1,0
BRDA:82,9,0,0
BRDA:82,9,1,0
BRDA:83,10,0,0
BRDA:83,10,1,0
BRDA:93,11,0,0
BRDA:93,11,1,0
BRDA:119,12,0,0
BRDA:119,12,1,0
BRDA:130,13,0,0
BRDA:130,13,1,0
BRDA:168,14,0,0
BRDA:168,14,1,0
BRDA:180,15,0,0
BRDA:180,15,1,0
BRDA:183,16,0,0
BRDA:183,16,1,0
BRF:34
BRH:0
end_of_record
TN:
SF:src\components\billing\InvoiceHistory.tsx
FN:19,InvoiceHistory
FN:24,(anonymous_10)
FN:27,(anonymous_11)
FN:28,(anonymous_12)
FN:34,(anonymous_13)
FN:87,(anonymous_14)
FNF:6
FNH:0
FNDA:0,InvoiceHistory
FNDA:0,(anonymous_10)
FNDA:0,(anonymous_11)
FNDA:0,(anonymous_12)
FNDA:0,(anonymous_13)
FNDA:0,(anonymous_14)
DA:1,0
DA:2,0
DA:4,0
DA:7,0
DA:13,0
DA:19,0
DA:20,0
DA:21,0
DA:22,0
DA:24,0
DA:25,0
DA:27,0
DA:28,0
DA:31,0
DA:32,0
DA:34,0
DA:41,0
DA:42,0
DA:53,0
DA:54,0
DA:64,0
DA:87,0
LF:22
LH:0
BRDA:31,0,0,0
BRDA:31,0,1,0
BRDA:41,1,0,0
BRDA:41,1,1,0
BRDA:53,2,0,0
BRDA:53,2,1,0
BRF:6
BRH:0
end_of_record
TN:
SF:src\components\billing\PlanSelector.tsx
FN:16,PlanSelector
FN:39,(anonymous_10)
FN:62,(anonymous_11)
FN:72,(anonymous_12)
FN:119,(anonymous_13)
FN:143,(anonymous_14)
FNF:6
FNH:0
FNDA:0,PlanSelector
FNDA:0,(anonymous_10)
FNDA:0,(anonymous_11)
FNDA:0,(anonymous_12)
FNDA:0,(anonymous_13)
FNDA:0,(anonymous_14)
DA:1,0
DA:2,0
DA:4,0
DA:16,0
DA:17,0
DA:18,0
DA:20,0
DA:21,0
DA:23,0
DA:25,0
DA:39,0
DA:63,0
DA:64,0
DA:65,0
DA:66,0
DA:68,0
DA:73,0
DA:74,0
DA:119,0
DA:143,0
LF:20
LH:0
BRDA:30,0,0,0
BRDA:30,0,1,0
BRDA:39,1,0,0
BRDA:39,1,1,0
BRDA:41,2,0,0
BRDA:41,2,1,0
BRDA:45,3,0,0
BRDA:45,3,1,0
BRDA:49,4,0,0
BRDA:49,4,1,0
BRDA:53,5,0,0
BRDA:53,5,1,0
BRDA:73,6,0,0
BRDA:73,6,1,0
BRDA:73,7,0,0
BRDA:73,7,1,0
BRDA:79,8,0,0
BRDA:79,8,1,0
BRDA:81,9,0,0
BRDA:81,9,1,0
BRDA:86,10,0,0
BRDA:86,10,1,0
BRDA:97,11,0,0
BRDA:97,11,1,0
BRDA:102,12,0,0
BRDA:102,12,1,0
BRDA:109,13,0,0
BRDA:109,13,1,0
BRDA:111,14,0,0
BRDA:111,14,1,0
BRDA:128,15,0,0
BRDA:128,15,1,0
BRDA:140,16,0,0
BRDA:140,16,1,0
BRDA:140,16,2,0
BRDA:146,17,0,0
BRDA:146,17,1,0
BRF:37
BRH:0
end_of_record
TN:
SF:src\components\billing\PricingPage.tsx
FN:214,BillingToggle
FN:259,PricingCard
FN:328,(anonymous_11)
FN:342,(anonymous_12)
FN:356,FeatureCell
FN:371,FAQItem
FN:378,(anonymous_15)
FN:406,BillingPricingPage
FN:410,(anonymous_17)
FN:439,(anonymous_18)
FN:448,(anonymous_19)
FN:488,(anonymous_20)
FN:516,(anonymous_21)
FN:535,(anonymous_22)
FN:571,(anonymous_23)
FNF:15
FNH:0
FNDA:0,BillingToggle
FNDA:0,PricingCard
FNDA:0,(anonymous_11)
FNDA:0,(anonymous_12)
FNDA:0,FeatureCell
FNDA:0,FAQItem
FNDA:0,(anonymous_15)
FNDA:0,BillingPricingPage
FNDA:0,(anonymous_17)
FNDA:0,(anonymous_18)
FNDA:0,(anonymous_19)
FNDA:0,(anonymous_20)
FNDA:0,(anonymous_21)
FNDA:0,(anonymous_22)
FNDA:0,(anonymous_23)
DA:1,0
DA:14,0
DA:15,0
DA:17,0
DA:33,0
DA:88,0
DA:207,0
DA:215,0
DA:216,0
DA:221,0
DA:222,0
DA:260,0
DA:261,0
DA:262,0
DA:268,0
DA:269,0
DA:270,0
DA:272,0
DA:328,0
DA:342,0
DA:356,0
DA:357,0
DA:358,0
DA:364,0
DA:371,0
DA:372,0
DA:374,0
DA:378,0
DA:406,0
DA:407,0
DA:408,0
DA:410,0
DA:411,0
DA:412,0
DA:413,0
DA:415,0
DA:418,0
DA:440,0
DA:448,0
DA:488,0
DA:516,0
DA:536,0
DA:537,0
DA:571,0
LF:44
LH:0
BRDA:225,0,0,0
BRDA:225,0,1,0
BRDA:236,1,0,0
BRDA:236,1,1,0
BRDA:241,2,0,0
BRDA:241,2,1,0
BRDA:246,3,0,0
BRDA:246,3,1,0
BRDA:250,4,0,0
BRDA:250,4,1,0
BRDA:270,5,0,0
BRDA:270,5,1,0
BRDA:275,6,0,0
BRDA:275,6,1,0
BRDA:280,7,0,0
BRDA:280,7,1,0
BRDA:292,8,0,0
BRDA:292,8,1,0
BRDA:303,9,0,0
BRDA:303,9,1,0
BRDA:305,10,0,0
BRDA:305,10,1,0
BRDA:307,11,0,0
BRDA:307,11,1,0
BRDA:309,12,0,0
BRDA:309,12,1,0
BRDA:315,13,0,0
BRDA:315,13,1,0
BRDA:320,14,0,0
BRDA:320,14,1,0
BRDA:322,15,0,0
BRDA:322,15,1,0
BRDA:330,16,0,0
BRDA:330,16,1,0
BRDA:332,17,0,0
BRDA:332,17,1,0
BRDA:337,18,0,0
BRDA:337,18,1,0
BRDA:345,19,0,0
BRDA:345,19,1,0
BRDA:357,20,0,0
BRDA:357,20,1,0
BRDA:364,21,0,0
BRDA:364,21,1,0
BRDA:385,22,0,0
BRDA:385,22,1,0
BRDA:392,23,0,0
BRDA:392,23,1,0
BRDA:411,24,0,0
BRDA:411,24,1,0
BRDA:440,25,0,0
BRDA:440,25,1,0
BRDA:520,26,0,0
BRDA:520,26,1,0
BRDA:528,27,0,0
BRDA:528,27,1,0
BRF:56
BRH:0
end_of_record
TN:
SF:src\components\layout\Footer.tsx
FN:35,(anonymous_1)
FN:87,(anonymous_2)
FN:105,(anonymous_3)
FN:123,(anonymous_4)
FN:144,(anonymous_5)
FNF:5
FNH:0
FNDA:0,(anonymous_1)
FNDA:0,(anonymous_2)
FNDA:0,(anonymous_3)
FNDA:0,(anonymous_4)
FNDA:0,(anonymous_5)
DA:1,0
DA:2,0
DA:3,0
DA:5,0
DA:35,0
DA:36,0
DA:38,0
DA:87,0
DA:105,0
DA:123,0
DA:144,0
LF:11
LH:0
BRF:0
BRH:0
end_of_record
TN:
SF:src\components\layout\Layout.tsx
FN:14,(anonymous_1)
FNF:1
FNH:0
FNDA:0,(anonymous_1)
DA:1,0
DA:3,0
DA:5,0
DA:6,0
DA:14,0
DA:15,0
DA:16,0
DA:17,0
DA:19,0
LF:9
LH:0
BRDA:16,0,0,0
BRDA:16,0,1,0
BRDA:17,1,0,0
BRDA:17,1,1,0
BRDA:21,2,0,0
BRDA:21,2,1,0
BRDA:29,3,0,0
BRDA:29,3,1,0
BRF:8
BRH:0
end_of_record
TN:
SF:src\components\layout\MobileBottomNav.tsx
FN:18,MobileBottomNav
FN:28,(anonymous_2)
FN:35,(anonymous_3)
FNF:3
FNH:0
FNDA:0,MobileBottomNav
FNDA:0,(anonymous_2)
FNDA:0,(anonymous_3)
DA:1,0
DA:2,0
DA:3,0
DA:11,0
DA:18,0
DA:19,0
DA:20,0
DA:22,0
DA:29,0
DA:30,0
DA:32,0
DA:35,0
LF:12
LH:0
BRDA:38,0,0,0
BRDA:38,0,1,0
BRDA:41,1,0,0
BRDA:41,1,1,0
BRDA:45,2,0,0
BRDA:45,2,1,0
BRDA:46,3,0,0
BRDA:46,3,1,0
BRF:8
BRH:0
end_of_record
TN:
SF:src\components\layout\MobileLayout.tsx
FN:11,MobileLayout
FNF:1
FNH:0
FNDA:0,MobileLayout
DA:1,0
DA:3,0
DA:5,0
DA:11,0
DA:12,0
DA:14,0
DA:16,0
LF:7
LH:0
BRDA:14,0,0,0
BRDA:14,0,1,0
BRF:2
BRH:0
end_of_record
TN:
SF:src\components\layout\MobileNav.tsx
FN:54,MobileNav
FN:61,(anonymous_4)
FN:70,(anonymous_5)
FNF:3
FNH:0
FNDA:0,MobileNav
FNDA:0,(anonymous_4)
FNDA:0,(anonymous_5)
DA:1,0
DA:2,0
DA:3,0
DA:11,0
DA:18,0
DA:54,0
DA:55,0
DA:56,0
DA:58,0
DA:62,0
DA:63,0
DA:64,0
DA:65,0
DA:67,0
DA:70,0
LF:15
LH:0
BRDA:64,0,0,0
BRDA:64,0,1,0
BRDA:65,1,0,0
BRDA:65,1,1,0
BRDA:77,2,0,0
BRDA:77,2,1,0
BRDA:79,3,0,0
BRDA:79,3,1,0
BRDA:83,4,0,0
BRDA:83,4,1,0
BRF:10
BRH:0
end_of_record
TN:
SF:src\components\layout\Navbar.tsx
FN:18,(anonymous_9)
FN:23,(anonymous_10)
FN:24,(anonymous_11)
FN:28,(anonymous_12)
FN:31,(anonymous_13)
FN:35,(anonymous_14)
FN:73,(anonymous_15)
FN:113,(anonymous_16)
FN:140,(anonymous_17)
FNF:9
FNH:0
FNDA:0,(anonymous_9)
FNDA:0,(anonymous_10)
FNDA:0,(anonymous_11)
FNDA:0,(anonymous_12)
FNDA:0,(anonymous_13)
FNDA:0,(anonymous_14)
FNDA:0,(anonymous_15)
FNDA:0,(anonymous_16)
FNDA:0,(anonymous_17)
DA:1,0
DA:2,0
DA:3,0
DA:11,0
DA:18,0
DA:19,0
DA:20,0
DA:21,0
DA:23,0
DA:24,0
DA:25,0
DA:27,0
DA:28,0
DA:31,0
DA:32,0
DA:35,0
DA:36,0
DA:38,0
DA:73,0
DA:113,0
DA:140,0
LF:21
LH:0
BRDA:41,0,0,0
BRDA:41,0,1,0
BRDA:41,1,0,0
BRDA:41,1,1,0
BRDA:61,2,0,0
BRDA:61,2,1,0
BRDA:61,3,0,0
BRDA:61,3,1,0
BRDA:78,4,0,0
BRDA:78,4,1,0
BRDA:79,5,0,0
BRDA:79,5,1,0
BRDA:79,6,0,0
BRDA:79,6,1,0
BRDA:82,7,0,0
BRDA:82,7,1,0
BRDA:82,8,0,0
BRDA:82,8,1,0
BRDA:96,9,0,0
BRDA:96,9,1,0
BRDA:96,10,0,0
BRDA:96,10,1,0
BRDA:115,11,0,0
BRDA:115,11,1,0
BRDA:115,12,0,0
BRDA:115,12,1,0
BRDA:121,13,0,0
BRDA:121,13,1,0
BRDA:123,14,0,0
BRDA:123,14,1,0
BRDA:133,15,0,0
BRDA:133,15,1,0
BRDA:145,16,0,0
BRDA:145,16,1,0
BRF:34
BRH:0
end_of_record
TN:
SF:src\components\layout\ResponsiveContainer.tsx
FN:18,ResponsiveContainer
FNF:1
FNH:0
FNDA:0,ResponsiveContainer
DA:1,0
DA:8,0
DA:18,0
DA:19,0
DA:20,0
DA:22,0
LF:6
LH:0
BRDA:37,0,0,0
BRDA:37,0,1,0
BRDA:37,1,0,0
BRDA:37,1,1,0
BRF:4
BRH:0
end_of_record
TN:
SF:src\components\layout\ResponsiveShell.tsx
FN:11,ResponsiveShell
FNF:1
FNH:0
FNDA:0,ResponsiveShell
DA:1,0
DA:3,0
DA:5,0
DA:11,0
DA:12,0
DA:14,0
DA:15,0
DA:18,0
LF:8
LH:0
BRDA:14,0,0,0
BRDA:14,0,1,0
BRF:2
BRH:0
end_of_record
TN:
SF:src\components\layout\index.ts
FN:1,(anonymous_0)
FN:2,(anonymous_1)
FN:3,(anonymous_2)
FNF:3
FNH:0
FNDA:0,(anonymous_0)
FNDA:0,(anonymous_1)
FNDA:0,(anonymous_2)
DA:1,0
DA:2,0
DA:3,0
LF:3
LH:0
BRF:0
BRH:0
end_of_record
TN:
SF:src\components\maintenance\AIInsightsPanel.tsx
FN:9,(anonymous_1)
FN:16,(anonymous_2)
FNF:2
FNH:0
FNDA:0,(anonymous_1)
FNDA:0,(anonymous_2)
DA:1,0
DA:9,0
DA:10,0
DA:16,0
DA:55,0
LF:5
LH:0
BRDA:23,0,0,0
BRDA:23,0,1,0
BRDA:28,1,0,0
BRDA:28,1,1,0
BRDA:30,2,0,0
BRDA:30,2,1,0
BRDA:18,3,0,0
BRDA:18,3,1,0
BRF:8
BRH:0
end_of_record
TN:
SF:src\components\maintenance\MaintenanceTimeline.tsx
FN:9,(anonymous_2)
FN:13,(anonymous_3)
FN:24,(anonymous_4)
FNF:3
FNH:0
FNDA:0,(anonymous_2)
FNDA:0,(anonymous_3)
FNDA:0,(anonymous_4)
DA:1,0
DA:9,0
DA:10,0
DA:12,0
DA:13,0
DA:16,0
DA:24,0
DA:48,0
LF:8
LH:0
BRDA:30,0,0,0
BRDA:30,0,1,0
BRDA:25,1,0,0
BRDA:25,1,1,0
BRF:4
BRH:0
end_of_record
TN:
SF:src\components\maintenance\PredictiveMaintenanceDashboard.tsx
FN:19,(anonymous_23)
FN:24,(anonymous_24)
FN:25,(anonymous_25)
FNF:3
FNH:0
FNDA:0,(anonymous_23)
FNDA:0,(anonymous_24)
FNDA:0,(anonymous_25)
DA:1,0
DA:3,0
DA:4,0
DA:5,0
DA:7,0
DA:19,0
DA:20,0
DA:21,0
DA:22,0
DA:24,0
DA:25,0
DA:26,0
DA:27,0
DA:28,0
DA:29,0
DA:30,0
DA:31,0
DA:34,0
DA:37,0
DA:38,0
DA:50,0
DA:67,0
LF:22
LH:0
BRDA:37,0,0,0
BRDA:37,0,1,0
BRF:2
BRH:0
end_of_record
TN:
SF:src\components\maintenance\RiskAssessmentCard.tsx
FN:8,(anonymous_1)
FNF:1
FNH:0
FNDA:0,(anonymous_1)
DA:1,0
DA:8,0
DA:9,0
DA:11,0
DA:12,0
DA:13,0
DA:14,0
DA:16,0
DA:17,0
DA:18,0
DA:19,0
DA:20,0
DA:21,0
DA:22,0
DA:23,0
DA:24,0
DA:25,0
DA:28,0
DA:63,0
LF:19
LH:0
BRDA:16,0,0,0
BRDA:16,0,1,0
BRDA:16,1,0,0
BRDA:16,1,1,0
BRDA:21,2,0,0
BRDA:21,2,1,0
BRF:6
BRH:0
end_of_record
TN:
SF:src\components\maintenance\WorkOrderForm.tsx
FN:3,(anonymous_1)
FNF:1
FNH:0
FNDA:0,(anonymous_1)
DA:1,0
DA:3,0
DA:4,0
DA:14,0
LF:4
LH:0
BRF:0
BRH:0
end_of_record
TN:
SF:src\components\mobile\CameraCapture.tsx
FN:10,CameraCapture
FN:16,(anonymous_10)
FN:22,(anonymous_11)
FN:23,(anonymous_12)
FN:26,(anonymous_13)
FN:43,(anonymous_14)
FNF:6
FNH:0
FNDA:0,CameraCapture
FNDA:0,(anonymous_10)
FNDA:0,(anonymous_11)
FNDA:0,(anonymous_12)
FNDA:0,(anonymous_13)
FNDA:0,(anonymous_14)
DA:1,0
DA:2,0
DA:4,0
DA:10,0
DA:11,0
DA:12,0
DA:13,0
DA:14,0
DA:16,0
DA:17,0
DA:18,0
DA:22,0
DA:23,0
DA:26,0
DA:27,0
DA:29,0
DA:30,0
DA:31,0
DA:32,0
DA:34,0
DA:35,0
DA:37,0
DA:38,0
DA:39,0
DA:40,0
DA:43,0
DA:44,0
DA:47,0
LF:28
LH:0
BRDA:17,0,0,0
BRDA:17,0,1,0
BRDA:17,1,0,0
BRDA:17,1,1,0
BRDA:27,2,0,0
BRDA:27,2,1,0
BRDA:27,3,0,0
BRDA:27,3,1,0
BRDA:35,4,0,0
BRDA:35,4,1,0
BRDA:40,5,0,0
BRDA:40,5,1,0
BRDA:40,6,0,0
BRDA:40,6,1,0
BRDA:49,7,0,0
BRDA:49,7,1,0
BRDA:55,8,0,0
BRDA:55,8,1,0
BRDA:55,8,2,0
BRDA:66,9,0,0
BRDA:66,9,1,0
BRDA:66,9,2,0
BRDA:88,10,0,0
BRDA:88,10,1,0
BRF:24
BRH:0
end_of_record
TN:
SF:src\components\mobile\InspectionCamera.tsx
FN:16,InspectionCamera
FN:22,(anonymous_11)
FN:26,(anonymous_12)
FN:35,(anonymous_13)
FN:42,(anonymous_14)
FN:61,(anonymous_15)
FN:68,(anonymous_16)
FN:105,(anonymous_17)
FNF:8
FNH:0
FNDA:0,InspectionCamera
FNDA:0,(anonymous_11)
FNDA:0,(anonymous_12)
FNDA:0,(anonymous_13)
FNDA:0,(anonymous_14)
FNDA:0,(anonymous_15)
FNDA:0,(anonymous_16)
FNDA:0,(anonymous_17)
DA:1,0
DA:2,0
DA:4,0
DA:16,0
DA:17,0
DA:18,0
DA:19,0
DA:20,0
DA:22,0
DA:23,0
DA:26,0
DA:27,0
DA:29,0
DA:35,0
DA:36,0
DA:37,0
DA:38,0
DA:39,0
DA:42,0
DA:43,0
DA:44,0
DA:45,0
DA:48,0
DA:61,0
DA:68,0
DA:105,0
LF:26
LH:0
BRDA:27,0,0,0
BRDA:27,0,1,0
BRDA:36,1,0,0
BRDA:36,1,1,0
BRDA:36,2,0,0
BRDA:36,2,1,0
BRDA:50,3,0,0
BRDA:50,3,1,0
BRDA:52,4,0,0
BRDA:52,4,1,0
BRDA:71,5,0,0
BRDA:71,5,1,0
BRDA:72,6,0,0
BRDA:72,6,1,0
BRDA:73,7,0,0
BRDA:73,7,1,0
BRDA:76,8,0,0
BRDA:76,8,1,0
BRDA:77,9,0,0
BRDA:77,9,1,0
BRDA:99,10,0,0
BRDA:99,10,1,0
BRDA:109,11,0,0
BRDA:109,11,1,0
BRDA:112,12,0,0
BRDA:112,12,1,0
BRF:26
BRH:0
end_of_record
TN:
SF:src\components\mobile\MessageNotification.tsx
FN:13,(anonymous_1)
FN:31,(anonymous_2)
FN:55,(anonymous_3)
FNF:3
FNH:0
FNDA:0,(anonymous_1)
FNDA:0,(anonymous_2)
FNDA:0,(anonymous_3)
DA:1,0
DA:13,0
DA:14,0
DA:15,0
DA:16,0
DA:17,0
DA:18,0
DA:20,0
DA:26,0
DA:31,0
DA:56,0
DA:57,0
DA:69,0
LF:13
LH:0
BRDA:20,0,0,0
BRDA:20,0,1,0
BRDA:22,1,0,0
BRDA:22,1,1,0
BRDA:31,2,0,0
BRDA:31,2,1,0
BRDA:38,3,0,0
BRDA:38,3,1,0
BRDA:53,4,0,0
BRDA:53,4,1,0
BRF:10
BRH:0
end_of_record
TN:
SF:src\components\mobile\MobileConversation.tsx
FN:24,(anonymous_24)
FN:35,(anonymous_25)
FN:39,(anonymous_26)
FN:43,(anonymous_27)
FN:48,(anonymous_30)
FN:51,(anonymous_31)
FN:51,(anonymous_32)
FN:55,(anonymous_34)
FN:59,(anonymous_35)
FN:59,(anonymous_36)
FN:65,(anonymous_38)
FN:68,(anonymous_39)
FN:108,(anonymous_40)
FN:124,(anonymous_41)
FN:154,(anonymous_42)
FN:155,(anonymous_43)
FNF:16
FNH:0
FNDA:0,(anonymous_24)
FNDA:0,(anonymous_25)
FNDA:0,(anonymous_26)
FNDA:0,(anonymous_27)
FNDA:0,(anonymous_30)
FNDA:0,(anonymous_31)
FNDA:0,(anonymous_32)
FNDA:0,(anonymous_34)
FNDA:0,(anonymous_35)
FNDA:0,(anonymous_36)
FNDA:0,(anonymous_38)
FNDA:0,(anonymous_39)
FNDA:0,(anonymous_40)
FNDA:0,(anonymous_41)
FNDA:0,(anonymous_42)
FNDA:0,(anonymous_43)
DA:1,0
DA:2,0
DA:4,0
DA:12,0
DA:13,0
DA:22,0
DA:24,0
DA:25,0
DA:26,0
DA:27,0
DA:28,0
DA:30,0
DA:31,0
DA:32,0
DA:33,0
DA:35,0
DA:36,0
DA:39,0
DA:40,0
DA:43,0
DA:44,0
DA:45,0
DA:46,0
DA:47,0
DA:48,0
DA:51,0
DA:52,0
DA:55,0
DA:56,0
DA:59,0
DA:60,0
DA:61,0
DA:65,0
DA:68,0
DA:69,0
DA:70,0
DA:73,0
DA:109,0
DA:110,0
DA:154,0
DA:155,0
DA:174,0
LF:42
LH:0
BRDA:40,0,0,0
BRDA:40,0,1,0
BRDA:40,1,0,0
BRDA:40,1,1,0
BRDA:45,2,0,0
BRDA:45,2,1,0
BRDA:52,3,0,0
BRDA:60,4,0,0
BRDA:89,5,0,0
BRDA:89,5,1,0
BRDA:113,6,0,0
BRDA:113,6,1,0
BRDA:117,7,0,0
BRDA:117,7,1,0
BRDA:122,8,0,0
BRDA:122,8,1,0
BRDA:132,9,0,0
BRDA:132,9,1,0
BRDA:144,10,0,0
BRDA:144,10,1,0
BRDA:155,11,0,0
BRDA:155,11,1,0
BRF:22
BRH:0
end_of_record
TN:
SF:src\components\mobile\MobileMessageCenter.tsx
FN:9,(anonymous_10)
FN:15,(anonymous_11)
FN:19,(anonymous_12)
FN:22,(anonymous_13)
FN:27,(anonymous_14)
FN:38,(anonymous_15)
FN:45,(anonymous_16)
FN:74,(anonymous_17)
FN:95,(anonymous_18)
FN:97,(anonymous_19)
FN:106,(anonymous_20)
FNF:11
FNH:0
FNDA:0,(anonymous_10)
FNDA:0,(anonymous_11)
FNDA:0,(anonymous_12)
FNDA:0,(anonymous_13)
FNDA:0,(anonymous_14)
FNDA:0,(anonymous_15)
FNDA:0,(anonymous_16)
FNDA:0,(anonymous_17)
FNDA:0,(anonymous_18)
FNDA:0,(anonymous_19)
FNDA:0,(anonymous_20)
DA:1,0
DA:2,0
DA:4,0
DA:7,0
DA:9,0
DA:10,0
DA:11,0
DA:12,0
DA:13,0
DA:15,0
DA:16,0
DA:19,0
DA:20,0
DA:21,0
DA:22,0
DA:27,0
DA:28,0
DA:29,0
DA:30,0
DA:31,0
DA:32,0
DA:33,0
DA:36,0
DA:38,0
DA:39,0
DA:40,0
DA:45,0
DA:50,0
DA:74,0
DA:97,0
DA:98,0
DA:99,0
DA:103,0
DA:106,0
DA:159,0
LF:35
LH:0
BRDA:22,0,0,0
BRDA:22,0,1,0
BRDA:31,1,0,0
BRDA:31,1,1,0
BRDA:36,2,0,0
BRDA:36,2,1,0
BRDA:38,3,0,0
BRDA:38,3,1,0
BRDA:38,4,0,0
BRDA:38,4,1,0
BRDA:84,5,0,0
BRDA:84,5,1,0
BRDA:91,6,0,0
BRDA:91,6,1,0
BRDA:97,7,0,0
BRDA:97,7,1,0
BRDA:97,8,0,0
BRDA:97,8,1,0
BRDA:99,9,0,0
BRDA:99,9,1,0
BRDA:109,10,0,0
BRDA:109,10,1,0
BRDA:142,11,0,0
BRDA:142,11,1,0
BRF:24
BRH:0
end_of_record
TN:
SF:src\components\mobile\PhotoGallery.tsx
FN:9,PhotoGallery
FN:20,(anonymous_10)
FN:23,(anonymous_11)
FN:34,(anonymous_12)
FN:47,(anonymous_13)
FN:50,(anonymous_14)
FNF:6
FNH:0
FNDA:0,PhotoGallery
FNDA:0,(anonymous_10)
FNDA:0,(anonymous_11)
FNDA:0,(anonymous_12)
FNDA:0,(anonymous_13)
FNDA:0,(anonymous_14)
DA:1,0
DA:2,0
DA:9,0
DA:10,0
DA:12,0
DA:14,0
DA:20,0
DA:23,0
DA:34,0
DA:47,0
DA:50,0
LF:11
LH:0
BRDA:12,0,0,0
BRDA:12,0,1,0
BRDA:32,1,0,0
BRDA:32,1,1,0
BRDA:44,2,0,0
BRDA:44,2,1,0
BRF:6
BRH:0
end_of_record
TN:
SF:src\components\mobile\PropertyPhotoUpload.tsx
FN:7,PropertyPhotoUpload
FN:12,(anonymous_11)
FN:13,(anonymous_12)
FN:17,(anonymous_13)
FN:21,(anonymous_14)
FN:23,(anonymous_15)
FN:26,(anonymous_16)
FN:35,(anonymous_17)
FN:36,(anonymous_18)
FN:36,(anonymous_19)
FN:43,(anonymous_20)
FN:51,(anonymous_21)
FNF:12
FNH:0
FNDA:0,PropertyPhotoUpload
FNDA:0,(anonymous_11)
FNDA:0,(anonymous_12)
FNDA:0,(anonymous_13)
FNDA:0,(anonymous_14)
FNDA:0,(anonymous_15)
FNDA:0,(anonymous_16)
FNDA:0,(anonymous_17)
FNDA:0,(anonymous_18)
FNDA:0,(anonymous_19)
FNDA:0,(anonymous_20)
FNDA:0,(anonymous_21)
DA:1,0
DA:2,0
DA:4,0
DA:5,0
DA:7,0
DA:8,0
DA:9,0
DA:10,0
DA:12,0
DA:13,0
DA:14,0
DA:17,0
DA:18,0
DA:19,0
DA:21,0
DA:22,0
DA:23,0
DA:24,0
DA:25,0
DA:26,0
DA:29,0
DA:32,0
DA:35,0
DA:36,0
DA:39,0
DA:43,0
DA:51,0
LF:27
LH:0
BRDA:19,0,0,0
BRDA:19,0,1,0
BRDA:24,1,0,0
BRDA:24,1,1,0
BRDA:24,2,0,0
BRDA:24,2,1,0
BRDA:25,3,0,0
BRDA:25,3,1,0
BRDA:51,4,0,0
BRDA:51,4,1,0
BRDA:51,5,0,0
BRDA:51,5,1,0
BRDA:68,6,0,0
BRDA:68,6,1,0
BRF:14
BRH:0
end_of_record
TN:
SF:src\components\mobile\QuickReply.tsx
FN:10,(anonymous_1)
FN:13,(anonymous_2)
FN:16,(anonymous_3)
FNF:3
FNH:0
FNDA:0,(anonymous_1)
FNDA:0,(anonymous_2)
FNDA:0,(anonymous_3)
DA:1,0
DA:10,0
DA:11,0
DA:13,0
DA:16,0
DA:31,0
LF:6
LH:0
BRDA:23,0,0,0
BRDA:23,0,1,0
BRF:2
BRH:0
end_of_record
TN:
SF:src\components\mobile\VoiceNote.tsx
FN:10,(anonymous_22)
FN:25,(anonymous_23)
FN:31,(anonymous_24)
FN:38,(anonymous_27)
FN:42,(anonymous_28)
FN:44,(anonymous_29)
FN:52,(anonymous_30)
FN:53,(anonymous_31)
FN:60,(anonymous_32)
FN:66,(anonymous_33)
FN:71,(anonymous_34)
FN:75,(anonymous_35)
FNF:12
FNH:0
FNDA:0,(anonymous_22)
FNDA:0,(anonymous_23)
FNDA:0,(anonymous_24)
FNDA:0,(anonymous_27)
FNDA:0,(anonymous_28)
FNDA:0,(anonymous_29)
FNDA:0,(anonymous_30)
FNDA:0,(anonymous_31)
FNDA:0,(anonymous_32)
FNDA:0,(anonymous_33)
FNDA:0,(anonymous_34)
FNDA:0,(anonymous_35)
DA:1,0
DA:2,0
DA:10,0
DA:11,0
DA:12,0
DA:13,0
DA:15,0
DA:16,0
DA:17,0
DA:18,0
DA:20,0
DA:21,0
DA:22,0
DA:23,0
DA:25,0
DA:26,0
DA:27,0
DA:28,0
DA:31,0
DA:33,0
DA:34,0
DA:35,0
DA:36,0
DA:38,0
DA:39,0
DA:42,0
DA:43,0
DA:44,0
DA:45,0
DA:48,0
DA:49,0
DA:50,0
DA:52,0
DA:53,0
DA:60,0
DA:61,0
DA:62,0
DA:63,0
DA:66,0
DA:67,0
DA:69,0
DA:70,0
DA:71,0
DA:72,0
DA:73,0
DA:75,0
DA:76,0
DA:80,0
DA:81,0
DA:82,0
DA:84,0
DA:85,0
DA:90,0
DA:91,0
DA:92,0
DA:94,0
DA:123,0
DA:158,0
LF:58
LH:0
BRDA:39,0,0,0
BRDA:39,0,1,0
BRDA:61,1,0,0
BRDA:61,1,1,0
BRDA:61,2,0,0
BRDA:61,2,1,0
BRDA:63,3,0,0
BRDA:63,3,1,0
BRDA:67,4,0,0
BRDA:67,4,1,0
BRDA:69,5,0,0
BRDA:69,5,1,0
BRDA:80,6,0,0
BRDA:80,6,1,0
BRDA:90,7,0,0
BRDA:90,7,1,0
BRDA:91,8,0,0
BRDA:91,8,1,0
BRDA:91,9,0,0
BRDA:91,9,1,0
BRDA:92,10,0,0
BRDA:92,10,1,0
BRDA:100,11,0,0
BRDA:100,11,1,0
BRDA:102,12,0,0
BRDA:102,12,1,0
BRDA:116,13,0,0
BRDA:116,13,1,0
BRDA:125,14,0,0
BRDA:125,14,1,0
BRF:30
BRH:0
end_of_record
TN:
SF:src\components\scheduling\AvailabilityManager.tsx
FN:35,(anonymous_12)
FN:52,(anonymous_13)
FN:60,(anonymous_14)
FN:61,(anonymous_15)
FN:63,(anonymous_16)
FN:69,(anonymous_17)
FN:75,(anonymous_18)
FN:89,(anonymous_19)
FN:90,(anonymous_20)
FN:94,(anonymous_21)
FN:97,(anonymous_22)
FN:110,(anonymous_23)
FN:112,(anonymous_24)
FN:120,(anonymous_25)
FN:137,(anonymous_26)
FN:177,(anonymous_27)
FN:181,(anonymous_28)
FN:187,(anonymous_29)
FN:201,(anonymous_30)
FN:211,(anonymous_31)
FN:220,(anonymous_32)
FN:250,(anonymous_33)
FN:262,(anonymous_34)
FN:281,(anonymous_35)
FN:284,(anonymous_36)
FN:308,(anonymous_37)
FNF:26
FNH:0
FNDA:0,(anonymous_12)
FNDA:0,(anonymous_13)
FNDA:0,(anonymous_14)
FNDA:0,(anonymous_15)
FNDA:0,(anonymous_16)
FNDA:0,(anonymous_17)
FNDA:0,(anonymous_18)
FNDA:0,(anonymous_19)
FNDA:0,(anonymous_20)
FNDA:0,(anonymous_21)
FNDA:0,(anonymous_22)
FNDA:0,(anonymous_23)
FNDA:0,(anonymous_24)
FNDA:0,(anonymous_25)
FNDA:0,(anonymous_26)
FNDA:0,(anonymous_27)
FNDA:0,(anonymous_28)
FNDA:0,(anonymous_29)
FNDA:0,(anonymous_30)
FNDA:0,(anonymous_31)
FNDA:0,(anonymous_32)
FNDA:0,(anonymous_33)
FNDA:0,(anonymous_34)
FNDA:0,(anonymous_35)
FNDA:0,(anonymous_36)
FNDA:0,(anonymous_37)
DA:4,0
DA:5,0
DA:14,0
DA:35,0
DA:36,0
DA:38,0
DA:45,0
DA:46,0
DA:47,0
DA:48,0
DA:52,0
DA:53,0
DA:54,0
DA:60,0
DA:61,0
DA:63,0
DA:68,0
DA:69,0
DA:75,0
DA:76,0
DA:77,0
DA:85,0
DA:86,0
DA:89,0
DA:90,0
DA:94,0
DA:95,0
DA:96,0
DA:97,0
DA:103,0
DA:106,0
DA:110,0
DA:111,0
DA:112,0
DA:113,0
DA:114,0
DA:115,0
DA:118,0
DA:121,0
DA:122,0
DA:123,0
DA:137,0
DA:156,0
DA:177,0
DA:182,0
DA:187,0
DA:202,0
DA:212,0
DA:220,0
DA:250,0
DA:262,0
DA:282,0
DA:284,0
DA:308,0
DA:340,0
LF:55
LH:0
BRDA:69,0,0,0
BRDA:69,0,1,0
BRDA:76,1,0,0
BRDA:76,1,1,0
BRDA:82,2,0,0
BRDA:82,2,1,0
BRDA:95,3,0,0
BRDA:95,3,1,0
BRDA:95,4,0,0
BRDA:95,4,1,0
BRDA:113,5,0,0
BRDA:113,5,1,0
BRDA:121,6,0,0
BRDA:121,6,1,0
BRDA:127,7,0,0
BRDA:127,7,1,0
BRDA:133,8,0,0
BRDA:133,8,1,0
BRDA:142,9,0,0
BRDA:142,9,1,0
BRDA:277,10,0,0
BRDA:277,10,1,0
BRDA:302,11,0,0
BRDA:302,11,1,0
BRDA:318,12,0,0
BRDA:318,12,1,0
BRDA:332,13,0,0
BRDA:332,13,1,0
BRDA:333,14,0,0
BRDA:333,14,1,0
BRF:30
BRH:0
end_of_record
TN:
SF:src\components\scheduling\BookingForm.tsx
FN:79,(anonymous_25)
FN:103,(anonymous_26)
FN:115,(anonymous_27)
FN:125,(anonymous_28)
FN:143,(anonymous_29)
FN:143,(anonymous_30)
FN:156,(anonymous_32)
FN:157,(anonymous_33)
FN:167,(anonymous_34)
FN:177,(anonymous_35)
FN:180,(anonymous_36)
FN:181,(anonymous_37)
FN:183,(anonymous_38)
FN:221,(anonymous_39)
FN:224,(anonymous_40)
FN:250,(anonymous_41)
FN:254,(anonymous_42)
FN:273,(anonymous_43)
FN:277,(anonymous_44)
FN:295,(anonymous_45)
FN:313,(anonymous_46)
FN:331,(anonymous_47)
FN:348,(anonymous_48)
FN:380,(anonymous_49)
FN:385,(anonymous_50)
FN:393,(anonymous_51)
FN:400,(anonymous_52)
FN:404,(anonymous_53)
FN:413,(anonymous_54)
FN:433,(anonymous_55)
FNF:30
FNH:0
FNDA:0,(anonymous_25)
FNDA:0,(anonymous_26)
FNDA:0,(anonymous_27)
FNDA:0,(anonymous_28)
FNDA:0,(anonymous_29)
FNDA:0,(anonymous_30)
FNDA:0,(anonymous_32)
FNDA:0,(anonymous_33)
FNDA:0,(anonymous_34)
FNDA:0,(anonymous_35)
FNDA:0,(anonymous_36)
FNDA:0,(anonymous_37)
FNDA:0,(anonymous_38)
FNDA:0,(anonymous_39)
FNDA:0,(anonymous_40)
FNDA:0,(anonymous_41)
FNDA:0,(anonymous_42)
FNDA:0,(anonymous_43)
FNDA:0,(anonymous_44)
FNDA:0,(anonymous_45)
FNDA:0,(anonymous_46)
FNDA:0,(anonymous_47)
FNDA:0,(anonymous_48)
FNDA:0,(anonymous_49)
FNDA:0,(anonymous_50)
FNDA:0,(anonymous_51)
FNDA:0,(anonymous_52)
FNDA:0,(anonymous_53)
FNDA:0,(anonymous_54)
FNDA:0,(anonymous_55)
DA:4,0
DA:16,0
DA:27,0
DA:34,0
DA:41,0
DA:49,0
DA:79,0
DA:80,0
DA:81,0
DA:82,0
DA:84,0
DA:86,0
DA:87,0
DA:88,0
DA:89,0
DA:90,0
DA:93,0
DA:98,0
DA:101,0
DA:102,0
DA:103,0
DA:109,0
DA:110,0
DA:111,0
DA:115,0
DA:116,0
DA:117,0
DA:118,0
DA:119,0
DA:120,0
DA:121,0
DA:122,0
DA:124,0
DA:125,0
DA:127,0
DA:128,0
DA:130,0
DA:131,0
DA:132,0
DA:133,0
DA:134,0
DA:137,0
DA:138,0
DA:143,0
DA:144,0
DA:145,0
DA:147,0
DA:149,0
DA:156,0
DA:157,0
DA:166,0
DA:167,0
DA:171,0
DA:177,0
DA:178,0
DA:180,0
DA:181,0
DA:183,0
DA:188,0
DA:189,0
DA:190,0
DA:196,0
DA:199,0
DA:203,0
DA:221,0
DA:224,0
DA:250,0
DA:254,0
DA:273,0
DA:277,0
DA:295,0
DA:313,0
DA:331,0
DA:348,0
DA:380,0
DA:385,0
DA:393,0
DA:400,0
DA:404,0
DA:413,0
DA:433,0
DA:474,0
LF:82
LH:0
BRDA:86,0,0,0
BRDA:86,0,1,0
BRDA:86,1,0,0
BRDA:86,1,1,0
BRDA:86,2,0,0
BRDA:86,2,1,0
BRDA:87,3,0,0
BRDA:87,3,1,0
BRDA:87,4,0,0
BRDA:87,4,1,0
BRDA:87,5,0,0
BRDA:87,5,1,0
BRDA:88,6,0,0
BRDA:88,6,1,0
BRDA:88,7,0,0
BRDA:88,7,1,0
BRDA:88,8,0,0
BRDA:88,8,1,0
BRDA:89,9,0,0
BRDA:89,9,1,0
BRDA:89,10,0,0
BRDA:89,10,1,0
BRDA:89,11,0,0
BRDA:89,11,1,0
BRDA:91,12,0,0
BRDA:91,12,1,0
BRDA:91,13,0,0
BRDA:91,13,1,0
BRDA:91,14,0,0
BRDA:91,14,1,0
BRDA:94,15,0,0
BRDA:94,15,1,0
BRDA:99,16,0,0
BRDA:99,16,1,0
BRDA:101,17,0,0
BRDA:101,17,1,0
BRDA:101,18,0,0
BRDA:101,18,1,0
BRDA:101,19,0,0
BRDA:101,19,1,0
BRDA:103,20,0,0
BRDA:103,20,1,0
BRDA:103,21,0,0
BRDA:103,21,1,0
BRDA:103,22,0,0
BRDA:103,22,1,0
BRDA:117,23,0,0
BRDA:117,23,1,0
BRDA:118,24,0,0
BRDA:118,24,1,0
BRDA:119,25,0,0
BRDA:119,25,1,0
BRDA:120,26,0,0
BRDA:120,26,1,0
BRDA:121,27,0,0
BRDA:121,27,1,0
BRDA:121,28,0,0
BRDA:121,28,1,0
BRDA:121,28,2,0
BRDA:125,29,0,0
BRDA:125,29,1,0
BRDA:127,30,0,0
BRDA:127,30,1,0
BRDA:132,31,0,0
BRDA:132,31,1,0
BRDA:132,32,0,0
BRDA:132,32,1,0
BRDA:145,33,0,0
BRDA:145,33,1,0
BRDA:152,34,0,0
BRDA:152,34,1,0
BRDA:153,35,0,0
BRDA:153,35,1,0
BRDA:154,36,0,0
BRDA:154,36,1,0
BRDA:156,37,0,0
BRDA:156,37,1,0
BRDA:164,38,0,0
BRDA:164,38,1,0
BRDA:206,39,0,0
BRDA:206,39,1,0
BRDA:230,40,0,0
BRDA:230,40,1,0
BRDA:260,41,0,0
BRDA:260,41,1,0
BRDA:334,42,0,0
BRDA:334,42,1,0
BRDA:351,43,0,0
BRDA:351,43,1,0
BRDA:374,44,0,0
BRDA:374,44,1,0
BRDA:410,45,0,0
BRDA:410,45,1,0
BRDA:447,46,0,0
BRDA:447,46,1,0
BRDA:449,47,0,0
BRDA:449,47,1,0
BRDA:452,48,0,0
BRDA:452,48,1,0
BRDA:454,49,0,0
BRDA:454,49,1,0
BRDA:456,50,0,0
BRDA:456,50,1,0
BRDA:460,51,0,0
BRDA:460,51,1,0
BRF:105
BRH:0
end_of_record
TN:
SF:src\components\scheduling\SchedulingCalendar.tsx
FN:60,getDaysInMonth
FN:70,getWeekDays
FN:81,isSameDay
FN:89,formatTime
FN:106,(anonymous_13)
FN:115,(anonymous_14)
FN:119,(anonymous_15)
FN:127,(anonymous_16)
FN:131,(anonymous_17)
FN:133,(anonymous_18)
FN:142,(anonymous_19)
FN:147,(anonymous_20)
FN:176,(anonymous_21)
FN:186,(anonymous_22)
FN:194,(anonymous_23)
FN:207,(anonymous_24)
FN:217,(anonymous_25)
FN:222,(anonymous_26)
FN:248,(anonymous_27)
FN:250,(anonymous_28)
FN:257,(anonymous_29)
FN:278,(anonymous_30)
FN:289,(anonymous_31)
FN:290,(anonymous_32)
FN:298,(anonymous_33)
FN:304,(anonymous_34)
FN:309,(anonymous_35)
FN:332,(anonymous_36)
FN:333,(anonymous_37)
FN:338,(anonymous_38)
FN:340,(anonymous_39)
FN:358,(anonymous_40)
FN:364,(anonymous_41)
FN:369,(anonymous_42)
FN:397,(anonymous_43)
FN:405,(anonymous_44)
FN:409,(anonymous_45)
FN:434,(anonymous_46)
FN:479,(anonymous_47)
FN:511,(anonymous_48)
FN:521,(anonymous_49)
FN:536,(anonymous_50)
FN:539,(anonymous_51)
FN:554,(anonymous_52)
FNF:44
FNH:0
FNDA:0,getDaysInMonth
FNDA:0,getWeekDays
FNDA:0,isSameDay
FNDA:0,formatTime
FNDA:0,(anonymous_13)
FNDA:0,(anonymous_14)
FNDA:0,(anonymous_15)
FNDA:0,(anonymous_16)
FNDA:0,(anonymous_17)
FNDA:0,(anonymous_18)
FNDA:0,(anonymous_19)
FNDA:0,(anonymous_20)
FNDA:0,(anonymous_21)
FNDA:0,(anonymous_22)
FNDA:0,(anonymous_23)
FNDA:0,(anonymous_24)
FNDA:0,(anonymous_25)
FNDA:0,(anonymous_26)
FNDA:0,(anonymous_27)
FNDA:0,(anonymous_28)
FNDA:0,(anonymous_29)
FNDA:0,(anonymous_30)
FNDA:0,(anonymous_31)
FNDA:0,(anonymous_32)
FNDA:0,(anonymous_33)
FNDA:0,(anonymous_34)
FNDA:0,(anonymous_35)
FNDA:0,(anonymous_36)
FNDA:0,(anonymous_37)
FNDA:0,(anonymous_38)
FNDA:0,(anonymous_39)
FNDA:0,(anonymous_40)
FNDA:0,(anonymous_41)
FNDA:0,(anonymous_42)
FNDA:0,(anonymous_43)
FNDA:0,(anonymous_44)
FNDA:0,(anonymous_45)
FNDA:0,(anonymous_46)
FNDA:0,(anonymous_47)
FNDA:0,(anonymous_48)
FNDA:0,(anonymous_49)
FNDA:0,(anonymous_50)
FNDA:0,(anonymous_51)
FNDA:0,(anonymous_52)
DA:4,0
DA:15,0
DA:26,0
DA:49,0
DA:56,0
DA:61,0
DA:62,0
DA:63,0
DA:64,0
DA:65,0
DA:67,0
DA:71,0
DA:72,0
DA:73,0
DA:74,0
DA:75,0
DA:76,0
DA:78,0
DA:82,0
DA:90,0
DA:106,0
DA:107,0
DA:108,0
DA:109,0
DA:111,0
DA:112,0
DA:113,0
DA:115,0
DA:119,0
DA:120,0
DA:121,0
DA:122,0
DA:123,0
DA:124,0
DA:127,0
DA:131,0
DA:132,0
DA:133,0
DA:134,0
DA:135,0
DA:136,0
DA:137,0
DA:139,0
DA:142,0
DA:143,0
DA:147,0
DA:148,0
DA:149,0
DA:153,0
DA:154,0
DA:155,0
DA:159,0
DA:164,0
DA:166,0
DA:176,0
DA:177,0
DA:178,0
DA:179,0
DA:180,0
DA:181,0
DA:182,0
DA:184,0
DA:186,0
DA:195,0
DA:196,0
DA:199,0
DA:200,0
DA:201,0
DA:207,0
DA:218,0
DA:219,0
DA:223,0
DA:224,0
DA:225,0
DA:248,0
DA:249,0
DA:250,0
DA:252,0
DA:257,0
DA:278,0
DA:290,0
DA:291,0
DA:292,0
DA:294,0
DA:299,0
DA:300,0
DA:301,0
DA:305,0
DA:306,0
DA:310,0
DA:311,0
DA:312,0
DA:332,0
DA:333,0
DA:334,0
DA:336,0
DA:339,0
DA:340,0
DA:342,0
DA:359,0
DA:360,0
DA:361,0
DA:365,0
DA:366,0
DA:370,0
DA:371,0
DA:372,0
DA:397,0
DA:398,0
DA:399,0
DA:400,0
DA:402,0
DA:405,0
DA:409,0
DA:434,0
DA:479,0
DA:505,0
DA:511,0
DA:521,0
DA:536,0
DA:539,0
DA:555,0
DA:556,0
DA:579,0
LF:124
LH:0
BRDA:83,0,0,0
BRDA:83,0,1,0
BRDA:83,0,2,0
BRDA:121,1,0,0
BRDA:121,1,1,0
BRDA:122,2,0,0
BRDA:122,2,1,0
BRDA:135,3,0,0
BRDA:135,3,1,0
BRDA:143,4,0,0
BRDA:143,4,1,0
BRDA:148,5,0,0
BRDA:148,5,1,0
BRDA:153,6,0,0
BRDA:153,6,1,0
BRDA:195,7,0,0
BRDA:195,7,1,0
BRDA:205,8,0,0
BRDA:205,8,1,0
BRDA:207,9,0,0
BRDA:207,9,1,0
BRDA:207,10,0,0
BRDA:207,10,1,0
BRDA:211,11,0,0
BRDA:211,11,1,0
BRDA:225,12,0,0
BRDA:225,12,1,0
BRDA:225,13,0,0
BRDA:225,13,1,0
BRDA:229,14,0,0
BRDA:229,14,1,0
BRDA:233,15,0,0
BRDA:233,15,1,0
BRDA:261,16,0,0
BRDA:261,16,1,0
BRDA:269,17,0,0
BRDA:269,17,1,0
BRDA:282,18,0,0
BRDA:282,18,1,0
BRDA:284,19,0,0
BRDA:284,19,1,0
BRDA:301,20,0,0
BRDA:301,20,1,0
BRDA:301,21,0,0
BRDA:301,21,1,0
BRDA:312,22,0,0
BRDA:312,22,1,0
BRDA:312,23,0,0
BRDA:312,23,1,0
BRDA:316,24,0,0
BRDA:316,24,1,0
BRDA:349,25,0,0
BRDA:349,25,1,0
BRDA:351,26,0,0
BRDA:351,26,1,0
BRDA:361,27,0,0
BRDA:361,27,1,0
BRDA:361,28,0,0
BRDA:361,28,1,0
BRDA:372,29,0,0
BRDA:372,29,1,0
BRDA:372,30,0,0
BRDA:372,30,1,0
BRDA:378,31,0,0
BRDA:378,31,1,0
BRDA:398,32,0,0
BRDA:398,32,1,0
BRDA:421,33,0,0
BRDA:421,33,1,0
BRDA:423,34,0,0
BRDA:423,34,1,0
BRDA:425,35,0,0
BRDA:425,35,1,0
BRDA:443,36,0,0
BRDA:443,36,1,0
BRDA:447,37,0,0
BRDA:447,37,1,0
BRDA:472,38,0,0
BRDA:472,38,1,0
BRDA:491,39,0,0
BRDA:491,39,1,0
BRDA:541,40,0,0
BRDA:541,40,1,0
BRDA:569,41,0,0
BRDA:569,41,1,0
BRDA:570,42,0,0
BRDA:570,42,1,0
BRDA:571,43,0,0
BRDA:571,43,1,0
BRF:89
BRH:0
end_of_record
TN:
SF:src\components\scheduling\SmartSuggestions.tsx
FN:21,generateMockSuggestions
FN:63,(anonymous_10)
FN:74,(anonymous_11)
FN:81,(anonymous_12)
FN:84,(anonymous_13)
FN:90,(anonymous_14)
FN:94,(anonymous_15)
FN:97,(anonymous_16)
FN:102,(anonymous_17)
FN:149,(anonymous_18)
FN:214,(anonymous_19)
FNF:11
FNH:0
FNDA:0,generateMockSuggestions
FNDA:0,(anonymous_10)
FNDA:0,(anonymous_11)
FNDA:0,(anonymous_12)
FNDA:0,(anonymous_13)
FNDA:0,(anonymous_14)
FNDA:0,(anonymous_15)
FNDA:0,(anonymous_16)
FNDA:0,(anonymous_17)
FNDA:0,(anonymous_18)
FNDA:0,(anonymous_19)
DA:4,0
DA:15,0
DA:22,0
DA:23,0
DA:25,0
DA:36,0
DA:43,0
DA:44,0
DA:45,0
DA:46,0
DA:47,0
DA:48,0
DA:49,0
DA:50,0
DA:52,0
DA:63,0
DA:74,0
DA:75,0
DA:77,0
DA:78,0
DA:79,0
DA:81,0
DA:82,0
DA:84,0
DA:85,0
DA:86,0
DA:90,0
DA:91,0
DA:94,0
DA:95,0
DA:96,0
DA:97,0
DA:102,0
DA:103,0
DA:104,0
DA:105,0
DA:110,0
DA:150,0
DA:151,0
DA:152,0
DA:154,0
DA:214,0
DA:241,0
LF:43
LH:0
BRDA:96,0,0,0
BRDA:96,0,1,0
BRDA:96,1,0,0
BRDA:96,1,1,0
BRDA:103,2,0,0
BRDA:103,2,1,0
BRDA:104,3,0,0
BRDA:104,3,1,0
BRDA:132,4,0,0
BRDA:132,4,1,0
BRDA:138,5,0,0
BRDA:138,5,1,0
BRDA:158,6,0,0
BRDA:158,6,1,0
BRDA:163,7,0,0
BRDA:163,7,1,0
BRDA:216,8,0,0
BRDA:216,8,1,0
BRDA:221,9,0,0
BRDA:221,9,1,0
BRF:20
BRH:0
end_of_record
TN:
SF:src\components\scheduling\UpcomingBookings.tsx
FN:59,(anonymous_10)
FN:68,(anonymous_11)
FN:70,(anonymous_12)
FN:74,(anonymous_13)
FN:106,(anonymous_14)
FN:177,(anonymous_15)
FN:184,(anonymous_16)
FN:190,(anonymous_17)
FN:196,(anonymous_18)
FNF:9
FNH:0
FNDA:0,(anonymous_10)
FNDA:0,(anonymous_11)
FNDA:0,(anonymous_12)
FNDA:0,(anonymous_13)
FNDA:0,(anonymous_14)
FNDA:0,(anonymous_15)
FNDA:0,(anonymous_16)
FNDA:0,(anonymous_17)
FNDA:0,(anonymous_18)
DA:4,0
DA:16,0
DA:25,0
DA:59,0
DA:60,0
DA:61,0
DA:62,0
DA:63,0
DA:65,0
DA:67,0
DA:68,0
DA:71,0
DA:74,0
DA:75,0
DA:76,0
DA:77,0
DA:79,0
DA:83,0
DA:84,0
DA:100,0
DA:107,0
DA:108,0
DA:109,0
DA:110,0
DA:112,0
DA:177,0
DA:184,0
DA:190,0
DA:196,0
DA:219,0
LF:30
LH:0
BRDA:68,0,0,0
BRDA:68,0,1,0
BRDA:75,1,0,0
BRDA:75,1,1,0
BRDA:76,2,0,0
BRDA:76,2,1,0
BRDA:76,3,0,0
BRDA:76,3,1,0
BRDA:83,4,0,0
BRDA:83,4,1,0
BRDA:130,5,0,0
BRDA:130,5,1,0
BRDA:158,6,0,0
BRDA:158,6,1,0
BRDA:163,7,0,0
BRDA:163,7,1,0
BRDA:174,8,0,0
BRDA:174,8,1,0
BRDA:184,9,0,0
BRDA:184,9,1,0
BRDA:184,10,0,0
BRDA:184,10,1,0
BRDA:190,11,0,0
BRDA:190,11,1,0
BRDA:190,12,0,0
BRDA:190,12,1,0
BRDA:198,13,0,0
BRDA:198,13,1,0
BRDA:204,14,0,0
BRDA:204,14,1,0
BRF:30
BRH:0
end_of_record
TN:
SF:src\components\screening\BackgroundCheckStatus.tsx
FN:45,(anonymous_1)
FNF:1
FNH:0
FNDA:0,(anonymous_1)
DA:1,0
DA:2,0
DA:10,0
DA:45,0
DA:46,0
DA:48,0
DA:49,0
DA:51,0
LF:8
LH:0
BRDA:56,0,0,0
BRDA:56,0,1,0
BRF:2
BRH:0
end_of_record
TN:
SF:src\components\screening\ScreeningDashboard.tsx
FN:20,(anonymous_23)
FN:30,(anonymous_24)
FN:31,(anonymous_25)
FN:46,(anonymous_28)
FN:48,(anonymous_29)
FN:55,(anonymous_30)
FN:59,(anonymous_31)
FN:76,(anonymous_32)
FN:87,(anonymous_33)
FN:110,(anonymous_34)
FN:116,(anonymous_35)
FN:143,(anonymous_36)
FN:191,(anonymous_37)
FN:234,(anonymous_38)
FNF:14
FNH:0
FNDA:0,(anonymous_23)
FNDA:0,(anonymous_24)
FNDA:0,(anonymous_25)
FNDA:0,(anonymous_28)
FNDA:0,(anonymous_29)
FNDA:0,(anonymous_30)
FNDA:0,(anonymous_31)
FNDA:0,(anonymous_32)
FNDA:0,(anonymous_33)
FNDA:0,(anonymous_34)
FNDA:0,(anonymous_35)
FNDA:0,(anonymous_36)
FNDA:0,(anonymous_37)
FNDA:0,(anonymous_38)
DA:1,0
DA:2,0
DA:4,0
DA:6,0
DA:7,0
DA:20,0
DA:21,0
DA:23,0
DA:24,0
DA:25,0
DA:26,0
DA:27,0
DA:28,0
DA:30,0
DA:31,0
DA:33,0
DA:34,0
DA:35,0
DA:37,0
DA:39,0
DA:43,0
DA:46,0
DA:47,0
DA:48,0
DA:50,0
DA:51,0
DA:55,0
DA:56,0
DA:59,0
DA:60,0
DA:61,0
DA:63,0
DA:64,0
DA:69,0
DA:70,0
DA:71,0
DA:76,0
DA:77,0
DA:84,0
DA:85,0
DA:87,0
DA:94,0
DA:95,0
DA:110,0
DA:111,0
DA:112,0
DA:113,0
DA:116,0
DA:129,0
DA:143,0
DA:191,0
DA:234,0
LF:52
LH:0
BRDA:47,0,0,0
BRDA:47,0,1,0
BRDA:48,1,0,0
BRDA:48,1,1,0
BRDA:56,2,0,0
BRDA:56,2,1,0
BRDA:63,3,0,0
BRDA:63,3,1,0
BRDA:63,4,0,0
BRDA:63,4,1,0
BRDA:64,5,0,0
BRDA:64,5,1,0
BRDA:69,6,0,0
BRDA:69,6,1,0
BRDA:69,7,0,0
BRDA:69,7,1,0
BRDA:70,8,0,0
BRDA:70,8,1,0
BRDA:70,9,0,0
BRDA:70,9,1,0
BRDA:71,10,0,0
BRDA:71,10,1,0
BRDA:84,11,0,0
BRDA:84,11,1,0
BRDA:94,12,0,0
BRDA:94,12,1,0
BRDA:122,13,0,0
BRDA:122,13,1,0
BRDA:180,14,0,0
BRDA:180,14,1,0
BRDA:234,15,0,0
BRDA:234,15,1,0
BRDA:234,16,0,0
BRDA:234,16,1,0
BRF:34
BRH:0
end_of_record
TN:
SF:src\components\screening\ScreeningReport.tsx
FN:23,(anonymous_22)
FN:30,(anonymous_23)
FN:31,(anonymous_24)
FN:77,(anonymous_27)
FNF:4
FNH:0
FNDA:0,(anonymous_22)
FNDA:0,(anonymous_23)
FNDA:0,(anonymous_24)
FNDA:0,(anonymous_27)
DA:1,0
DA:11,0
DA:13,0
DA:15,0
DA:16,0
DA:23,0
DA:24,0
DA:26,0
DA:27,0
DA:28,0
DA:30,0
DA:31,0
DA:33,0
DA:34,0
DA:35,0
DA:37,0
DA:39,0
DA:43,0
DA:46,0
DA:47,0
DA:56,0
DA:57,0
DA:77,0
DA:108,0
LF:24
LH:0
BRDA:46,0,0,0
BRDA:46,0,1,0
BRDA:56,1,0,0
BRDA:56,1,1,0
BRDA:56,2,0,0
BRDA:56,2,1,0
BRDA:66,3,0,0
BRDA:66,3,1,0
BRDA:66,4,0,0
BRDA:66,4,1,0
BRDA:90,5,0,0
BRDA:90,5,1,0
BRDA:246,6,0,0
BRDA:246,6,1,0
BRDA:258,7,0,0
BRDA:258,7,1,0
BRDA:272,8,0,0
BRDA:272,8,1,0
BRF:18
BRH:0
end_of_record
TN:
SF:src\components\screening\ScreeningRequestForm.tsx
FN:33,(anonymous_24)
FN:48,(anonymous_25)
FN:75,(anonymous_26)
FN:79,(anonymous_27)
FN:81,(anonymous_28)
FN:85,(anonymous_29)
FN:85,(anonymous_30)
FN:230,(anonymous_32)
FNF:8
FNH:0
FNDA:0,(anonymous_24)
FNDA:0,(anonymous_25)
FNDA:0,(anonymous_26)
FNDA:0,(anonymous_27)
FNDA:0,(anonymous_28)
FNDA:0,(anonymous_29)
FNDA:0,(anonymous_30)
FNDA:0,(anonymous_32)
DA:1,0
DA:3,0
DA:4,0
DA:5,0
DA:33,0
DA:34,0
DA:35,0
DA:36,0
DA:38,0
DA:44,0
DA:45,0
DA:46,0
DA:48,0
DA:49,0
DA:51,0
DA:52,0
DA:55,0
DA:56,0
DA:57,0
DA:58,0
DA:61,0
DA:62,0
DA:63,0
DA:64,0
DA:67,0
DA:68,0
DA:71,0
DA:72,0
DA:75,0
DA:78,0
DA:79,0
DA:80,0
DA:81,0
DA:85,0
DA:86,0
DA:87,0
DA:89,0
DA:92,0
DA:93,0
DA:94,0
DA:96,0
DA:98,0
DA:102,0
DA:230,0
LF:44
LH:0
BRDA:51,0,0,0
BRDA:51,0,1,0
BRDA:55,1,0,0
BRDA:55,1,1,0
BRDA:57,2,0,0
BRDA:57,2,1,0
BRDA:61,3,0,0
BRDA:61,3,1,0
BRDA:63,4,0,0
BRDA:63,4,1,0
BRDA:67,5,0,0
BRDA:67,5,1,0
BRDA:80,6,0,0
BRDA:80,6,1,0
BRDA:89,7,0,0
BRDA:89,7,1,0
BRDA:94,8,0,0
BRDA:94,8,1,0
BRDA:94,9,0,0
BRDA:94,9,1,0
BRDA:104,10,0,0
BRDA:104,10,1,0
BRDA:134,11,0,0
BRDA:134,11,1,0
BRDA:137,12,0,0
BRDA:137,12,1,0
BRDA:165,13,0,0
BRDA:165,13,1,0
BRDA:168,14,0,0
BRDA:168,14,1,0
BRDA:196,15,0,0
BRDA:196,15,1,0
BRDA:199,16,0,0
BRDA:199,16,1,0
BRDA:226,17,0,0
BRDA:226,17,1,0
BRDA:232,18,0,0
BRDA:232,18,1,0
BRDA:236,19,0,0
BRDA:236,19,1,0
BRDA:250,20,0,0
BRDA:250,20,1,0
BRDA:252,21,0,0
BRDA:252,21,1,0
BRF:44
BRH:0
end_of_record
TN:
SF:src\components\seo\PageMeta.tsx
FN:11,setMetaTag
FN:25,setLinkTag
FN:39,(anonymous_2)
FN:46,(anonymous_3)
FN:78,(anonymous_4)
FNF:5
FNH:0
FNDA:0,setMetaTag
FNDA:0,setLinkTag
FNDA:0,(anonymous_2)
FNDA:0,(anonymous_3)
FNDA:0,(anonymous_4)
DA:1,0
DA:11,0
DA:12,0
DA:16,0
DA:17,0
DA:18,0
DA:19,0
DA:22,0
DA:26,0
DA:30,0
DA:31,0
DA:32,0
DA:33,0
DA:36,0
DA:39,0
DA:40,0
DA:41,0
DA:42,0
DA:43,0
DA:44,0
DA:46,0
DA:47,0
DA:49,0
DA:50,0
DA:53,0
DA:54,0
DA:55,0
DA:56,0
DA:59,0
DA:60,0
DA:63,0
DA:64,0
DA:67,0
DA:68,0
DA:69,0
DA:72,0
DA:73,0
DA:74,0
DA:75,0
DA:78,0
DA:79,0
DA:83,0
DA:86,0
LF:43
LH:0
BRDA:11,0,0,0
BRDA:11,0,1,0
BRDA:16,1,0,0
BRDA:16,1,1,0
BRDA:30,2,0,0
BRDA:30,2,1,0
BRDA:49,3,0,0
BRDA:49,3,1,0
BRDA:53,4,0,0
BRDA:53,4,1,0
BRDA:59,5,0,0
BRDA:59,5,1,0
BRDA:63,6,0,0
BRDA:63,6,1,0
BRDA:67,7,0,0
BRDA:67,7,1,0
BRDA:72,8,0,0
BRDA:72,8,1,0
BRF:18
BRH:0
end_of_record
TN:
SF:src\components\seo\PropertyJsonLd.tsx
FN:17,(anonymous_3)
FNF:1
FNH:0
FNDA:0,(anonymous_3)
DA:1,0
DA:17,0
DA:19,0
DA:21,0
DA:56,0
DA:64,0
LF:6
LH:0
BRDA:19,0,0,0
BRDA:19,0,1,0
BRDA:40,1,0,0
BRDA:40,1,1,0
BRDA:43,2,0,0
BRDA:43,2,1,0
BRDA:46,3,0,0
BRDA:46,3,1,0
BRF:8
BRH:0
end_of_record
TN:
SF:src\components\seo\index.ts
FN:1,(anonymous_0)
FN:2,(anonymous_1)
FNF:2
FNH:0
FNDA:0,(anonymous_0)
FNDA:0,(anonymous_1)
DA:1,0
DA:2,0
LF:2
LH:0
BRF:0
BRH:0
end_of_record
TN:
SF:src\components\tenant-portal\CommunityBoard.tsx
FN:7,(anonymous_14)
FN:14,(anonymous_15)
FN:23,(anonymous_16)
FN:26,(anonymous_17)
FN:30,(anonymous_18)
FN:36,(anonymous_19)
FN:36,(anonymous_20)
FN:46,(anonymous_22)
FN:57,(anonymous_23)
FN:57,(anonymous_24)
FN:60,(anonymous_26)
FN:60,(anonymous_27)
FN:105,(anonymous_28)
FN:118,(anonymous_29)
FN:144,(anonymous_30)
FN:160,(anonymous_31)
FN:181,(anonymous_32)
FN:198,(anonymous_33)
FN:209,(anonymous_34)
FN:225,(anonymous_35)
FNF:20
FNH:0
FNDA:0,(anonymous_14)
FNDA:0,(anonymous_15)
FNDA:0,(anonymous_16)
FNDA:0,(anonymous_17)
FNDA:0,(anonymous_18)
FNDA:0,(anonymous_19)
FNDA:0,(anonymous_20)
FNDA:0,(anonymous_22)
FNDA:0,(anonymous_23)
FNDA:0,(anonymous_24)
FNDA:0,(anonymous_26)
FNDA:0,(anonymous_27)
FNDA:0,(anonymous_28)
FNDA:0,(anonymous_29)
FNDA:0,(anonymous_30)
FNDA:0,(anonymous_31)
FNDA:0,(anonymous_32)
FNDA:0,(anonymous_33)
FNDA:0,(anonymous_34)
FNDA:0,(anonymous_35)
DA:1,0
DA:2,0
DA:4,0
DA:7,0
DA:8,0
DA:14,0
DA:15,0
DA:16,0
DA:17,0
DA:18,0
DA:19,0
DA:20,0
DA:21,0
DA:23,0
DA:24,0
DA:27,0
DA:28,0
DA:31,0
DA:32,0
DA:36,0
DA:37,0
DA:38,0
DA:40,0
DA:42,0
DA:46,0
DA:47,0
DA:48,0
DA:49,0
DA:51,0
DA:53,0
DA:57,0
DA:59,0
DA:60,0
DA:62,0
DA:66,0
DA:67,0
DA:81,0
DA:105,0
DA:118,0
DA:144,0
DA:160,0
DA:182,0
DA:183,0
DA:184,0
DA:198,0
DA:209,0
DA:225,0
LF:47
LH:0
BRDA:38,0,0,0
BRDA:38,0,1,0
BRDA:38,1,0,0
BRDA:38,1,1,0
BRDA:51,2,0,0
BRDA:51,2,1,0
BRDA:62,3,0,0
BRDA:62,3,1,0
BRDA:66,4,0,0
BRDA:66,4,1,0
BRDA:93,5,0,0
BRDA:93,5,1,0
BRDA:115,6,0,0
BRDA:115,6,1,0
BRDA:172,7,0,0
BRDA:172,7,1,0
BRDA:172,7,2,0
BRDA:177,8,0,0
BRDA:177,8,1,0
BRDA:197,9,0,0
BRDA:197,9,1,0
BRF:21
BRH:0
end_of_record
TN:
SF:src\components\tenant-portal\LeaseViewer.tsx
FN:16,(anonymous_0)
FN:23,(anonymous_1)
FN:28,(anonymous_2)
FN:31,(anonymous_3)
FN:35,(anonymous_4)
FNF:5
FNH:0
FNDA:0,(anonymous_0)
FNDA:0,(anonymous_1)
FNDA:0,(anonymous_2)
FNDA:0,(anonymous_3)
FNDA:0,(anonymous_4)
DA:1,0
DA:10,0
DA:12,0
DA:13,0
DA:16,0
DA:17,0
DA:23,0
DA:24,0
DA:25,0
DA:26,0
DA:28,0
DA:29,0
DA:32,0
DA:33,0
DA:36,0
DA:37,0
DA:41,0
DA:42,0
DA:56,0
DA:57,0
DA:78,0
LF:21
LH:0
BRDA:41,0,0,0
BRDA:41,0,1,0
BRDA:56,1,0,0
BRDA:56,1,1,0
BRDA:56,2,0,0
BRDA:56,2,1,0
BRDA:71,3,0,0
BRDA:71,3,1,0
BRDA:157,4,0,0
BRDA:157,4,1,0
BRF:10
BRH:0
end_of_record
TN:
SF:src\components\tenant-portal\MaintenanceRequestForm.tsx
FN:6,(anonymous_13)
FN:14,(anonymous_14)
FN:20,(anonymous_15)
FN:20,(anonymous_16)
FN:77,(anonymous_18)
FN:124,(anonymous_19)
FN:141,(anonymous_20)
FN:177,(anonymous_21)
FNF:8
FNH:0
FNDA:0,(anonymous_13)
FNDA:0,(anonymous_14)
FNDA:0,(anonymous_15)
FNDA:0,(anonymous_16)
FNDA:0,(anonymous_18)
FNDA:0,(anonymous_19)
FNDA:0,(anonymous_20)
FNDA:0,(anonymous_21)
DA:1,0
DA:2,0
DA:4,0
DA:6,0
DA:7,0
DA:8,0
DA:9,0
DA:10,0
DA:11,0
DA:12,0
DA:14,0
DA:15,0
DA:16,0
DA:20,0
DA:21,0
DA:22,0
DA:24,0
DA:25,0
DA:28,0
DA:33,0
DA:34,0
DA:35,0
DA:36,0
DA:38,0
DA:40,0
DA:44,0
DA:77,0
DA:124,0
DA:141,0
DA:177,0
LF:30
LH:0
BRDA:15,0,0,0
BRDA:15,0,1,0
BRDA:22,1,0,0
BRDA:22,1,1,0
BRDA:22,2,0,0
BRDA:22,2,1,0
BRDA:38,3,0,0
BRDA:38,3,1,0
BRDA:57,4,0,0
BRDA:57,4,1,0
BRDA:86,5,0,0
BRDA:86,5,1,0
BRDA:100,6,0,0
BRDA:100,6,1,0
BRDA:170,7,0,0
BRDA:170,7,1,0
BRDA:171,8,0,0
BRDA:171,8,1,0
BRDA:175,9,0,0
BRDA:175,9,1,0
BRDA:192,10,0,0
BRDA:192,10,1,0
BRDA:192,10,2,0
BRDA:195,11,0,0
BRDA:195,11,1,0
BRF:25
BRH:0
end_of_record
TN:
SF:src\components\tenant-portal\RentPayment.tsx
FN:14,(anonymous_13)
FN:21,(anonymous_14)
FN:29,(anonymous_15)
FN:34,(anonymous_16)
FN:39,(anonymous_17)
FN:45,(anonymous_18)
FN:195,(anonymous_21)
FNF:7
FNH:0
FNDA:0,(anonymous_13)
FNDA:0,(anonymous_14)
FNDA:0,(anonymous_15)
FNDA:0,(anonymous_16)
FNDA:0,(anonymous_17)
FNDA:0,(anonymous_18)
FNDA:0,(anonymous_21)
DA:1,0
DA:8,0
DA:10,0
DA:11,0
DA:14,0
DA:15,0
DA:21,0
DA:22,0
DA:23,0
DA:24,0
DA:25,0
DA:26,0
DA:27,0
DA:29,0
DA:30,0
DA:34,0
DA:35,0
DA:36,0
DA:37,0
DA:40,0
DA:41,0
DA:45,0
DA:46,0
DA:47,0
DA:49,0
DA:52,0
DA:53,0
DA:56,0
DA:58,0
DA:62,0
DA:63,0
DA:77,0
DA:78,0
DA:97,0
DA:195,0
LF:35
LH:0
BRDA:46,0,0,0
BRDA:46,0,1,0
BRDA:52,1,0,0
BRDA:52,1,1,0
BRDA:56,2,0,0
BRDA:56,2,1,0
BRDA:62,3,0,0
BRDA:62,3,1,0
BRDA:77,4,0,0
BRDA:77,4,1,0
BRDA:110,5,0,0
BRDA:110,5,1,0
BRDA:131,6,0,0
BRDA:131,6,1,0
BRDA:161,7,0,0
BRDA:161,7,1,0
BRDA:165,8,0,0
BRDA:165,8,1,0
BRDA:181,9,0,0
BRDA:181,9,1,0
BRF:20
BRH:0
end_of_record
TN:
SF:src\components\tenant-portal\TenantDashboard.tsx
FN:20,(anonymous_0)
FN:27,(anonymous_1)
FN:40,(anonymous_2)
FN:45,(anonymous_3)
FN:48,(anonymous_4)
FN:52,(anonymous_5)
FN:290,(anonymous_6)
FNF:7
FNH:0
FNDA:0,(anonymous_0)
FNDA:0,(anonymous_1)
FNDA:0,(anonymous_2)
FNDA:0,(anonymous_3)
FNDA:0,(anonymous_4)
FNDA:0,(anonymous_5)
FNDA:0,(anonymous_6)
DA:1,0
DA:13,0
DA:14,0
DA:16,0
DA:17,0
DA:20,0
DA:21,0
DA:27,0
DA:28,0
DA:30,0
DA:32,0
DA:34,0
DA:36,0
DA:40,0
DA:41,0
DA:42,0
DA:43,0
DA:45,0
DA:46,0
DA:49,0
DA:50,0
DA:53,0
DA:54,0
DA:58,0
DA:59,0
DA:73,0
DA:74,0
DA:95,0
DA:96,0
DA:98,0
DA:290,0
LF:31
LH:0
BRDA:28,0,0,0
BRDA:28,0,1,0
BRDA:28,0,2,0
BRDA:28,0,3,0
BRDA:58,1,0,0
BRDA:58,1,1,0
BRDA:73,2,0,0
BRDA:73,2,1,0
BRDA:73,3,0,0
BRDA:73,3,1,0
BRDA:88,4,0,0
BRDA:88,4,1,0
BRDA:123,5,0,0
BRDA:123,5,1,0
BRDA:144,6,0,0
BRDA:144,6,1,0
BRDA:153,7,0,0
BRDA:153,7,1,0
BRDA:240,8,0,0
BRDA:240,8,1,0
BRDA:288,9,0,0
BRDA:288,9,1,0
BRF:22
BRH:0
end_of_record
TN:
SF:src\components\tenant-portal\TenantProfile.tsx
FN:14,(anonymous_15)
FN:27,(anonymous_16)
FN:30,(anonymous_17)
FN:33,(anonymous_18)
FN:39,(anonymous_19)
FN:40,(anonymous_20)
FN:44,(anonymous_21)
FN:44,(anonymous_22)
FN:143,(anonymous_24)
FN:166,(anonymous_25)
FN:189,(anonymous_26)
FN:214,(anonymous_27)
FN:238,(anonymous_28)
FNF:13
FNH:0
FNDA:0,(anonymous_15)
FNDA:0,(anonymous_16)
FNDA:0,(anonymous_17)
FNDA:0,(anonymous_18)
FNDA:0,(anonymous_19)
FNDA:0,(anonymous_20)
FNDA:0,(anonymous_21)
FNDA:0,(anonymous_22)
FNDA:0,(anonymous_24)
FNDA:0,(anonymous_25)
FNDA:0,(anonymous_26)
FNDA:0,(anonymous_27)
FNDA:0,(anonymous_28)
DA:1,0
DA:9,0
DA:11,0
DA:14,0
DA:15,0
DA:22,0
DA:23,0
DA:24,0
DA:25,0
DA:27,0
DA:28,0
DA:31,0
DA:34,0
DA:35,0
DA:39,0
DA:40,0
DA:41,0
DA:44,0
DA:45,0
DA:46,0
DA:47,0
DA:50,0
DA:51,0
DA:52,0
DA:54,0
DA:56,0
DA:60,0
DA:61,0
DA:75,0
DA:143,0
DA:166,0
DA:189,0
DA:215,0
DA:239,0
LF:34
LH:0
BRDA:54,0,0,0
BRDA:54,0,1,0
BRDA:60,1,0,0
BRDA:60,1,1,0
BRDA:87,2,0,0
BRDA:87,2,1,0
BRDA:102,3,0,0
BRDA:102,3,1,0
BRDA:255,4,0,0
BRDA:255,4,1,0
BRF:10
BRH:0
end_of_record
TN:
SF:src\components\tips\FeatureDiscoveryPopover.tsx
FN:15,(anonymous_9)
FN:20,(anonymous_10)
FN:21,handleClickOutside
FN:29,(anonymous_12)
FN:36,(anonymous_13)
FN:36,(anonymous_14)
FN:58,(anonymous_15)
FN:59,(anonymous_16)
FNF:8
FNH:0
FNDA:0,(anonymous_9)
FNDA:0,(anonymous_10)
FNDA:0,handleClickOutside
FNDA:0,(anonymous_12)
FNDA:0,(anonymous_13)
FNDA:0,(anonymous_14)
FNDA:0,(anonymous_15)
FNDA:0,(anonymous_16)
DA:1,0
DA:3,0
DA:4,0
DA:6,0
DA:7,0
DA:13,0
DA:15,0
DA:16,0
DA:17,0
DA:18,0
DA:20,0
DA:22,0
DA:23,0
DA:26,0
DA:27,0
DA:29,0
DA:32,0
DA:36,0
DA:58,0
DA:59,0
LF:20
LH:0
BRDA:22,0,0,0
BRDA:22,0,1,0
BRDA:22,1,0,0
BRDA:22,1,1,0
BRDA:26,2,0,0
BRDA:26,2,1,0
BRDA:39,3,0,0
BRDA:39,3,1,0
BRDA:51,4,0,0
BRDA:51,4,1,0
BRF:10
BRH:0
end_of_record
TN:
SF:src\components\tips\ProactiveTipsBanner.tsx
FN:13,(anonymous_1)
FN:19,(anonymous_2)
FN:20,(anonymous_3)
FN:50,(anonymous_4)
FNF:4
FNH:0
FNDA:0,(anonymous_1)
FNDA:0,(anonymous_2)
FNDA:0,(anonymous_3)
FNDA:0,(anonymous_4)
DA:1,0
DA:2,0
DA:4,0
DA:5,0
DA:7,0
DA:13,0
DA:14,0
DA:16,0
DA:18,0
DA:19,0
DA:20,0
DA:22,0
DA:24,0
DA:50,0
LF:14
LH:0
BRDA:22,0,0,0
BRDA:22,0,1,0
BRF:2
BRH:0
end_of_record
TN:
SF:src\components\tips\TipCard.tsx
FN:13,(anonymous_1)
FN:30,(anonymous_2)
FNF:2
FNH:0
FNDA:0,(anonymous_1)
FNDA:0,(anonymous_2)
DA:1,0
DA:2,0
DA:4,0
DA:13,0
DA:14,0
DA:15,0
DA:16,0
DA:18,0
DA:30,0
LF:9
LH:0
BRF:0
BRH:0
end_of_record
TN:
SF:src\components\tips\TipsNotificationBell.tsx
FN:12,(anonymous_1)
FNF:1
FNH:0
FNDA:0,(anonymous_1)
DA:1,0
DA:2,0
DA:4,0
DA:12,0
DA:13,0
DA:14,0
DA:15,0
DA:17,0
LF:8
LH:0
BRDA:24,0,0,0
BRDA:24,0,1,0
BRDA:27,1,0,0
BRDA:27,1,1,0
BRF:4
BRH:0
end_of_record
TN:
SF:src\components\trial\TrialBanner.tsx
FN:11,(anonymous_1)
FNF:1
FNH:0
FNDA:0,(anonymous_1)
DA:1,0
DA:2,0
DA:3,0
DA:11,0
DA:12,0
DA:14,0
DA:16,0
LF:7
LH:0
BRDA:12,0,0,0
BRDA:12,0,1,0
BRDA:12,1,0,0
BRDA:12,1,1,0
BRDA:14,2,0,0
BRDA:14,2,1,0
BRDA:29,3,0,0
BRDA:29,3,1,0
BRF:8
BRH:0
end_of_record
TN:
SF:src\components\trial\TrialExpiredModal.tsx
FN:10,(anonymous_1)
FNF:1
FNH:0
FNDA:0,(anonymous_1)
DA:1,0
DA:2,0
DA:3,0
DA:10,0
DA:11,0
DA:12,0
DA:14,0
DA:16,0
LF:8
LH:0
BRDA:14,0,0,0
BRDA:14,0,1,0
BRF:2
BRH:0
end_of_record
TN:
SF:src\components\trial\TrialProgressWidget.tsx
FN:10,(anonymous_1)
FN:60,(anonymous_2)
FNF:2
FNH:0
FNDA:0,(anonymous_1)
FNDA:0,(anonymous_2)
DA:1,0
DA:2,0
DA:10,0
DA:11,0
DA:13,0
DA:14,0
DA:15,0
DA:17,0
DA:60,0
LF:9
LH:0
BRDA:55,0,0,0
BRDA:55,0,1,0
BRF:2
BRH:0
end_of_record
TN:
SF:src\components\trial\TrialSignupForm.tsx
FN:21,(anonymous_24)
FN:33,validate
FN:52,handleSubmit
FN:68,handleChange
FN:69,(anonymous_30)
FN:71,(anonymous_31)
FN:95,(anonymous_32)
FN:121,(anonymous_33)
FN:148,(anonymous_34)
FN:158,(anonymous_35)
FN:180,(anonymous_36)
FNF:11
FNH:0
FNDA:0,(anonymous_24)
FNDA:0,validate
FNDA:0,handleSubmit
FNDA:0,handleChange
FNDA:0,(anonymous_30)
FNDA:0,(anonymous_31)
FNDA:0,(anonymous_32)
FNDA:0,(anonymous_33)
FNDA:0,(anonymous_34)
FNDA:0,(anonymous_35)
FNDA:0,(anonymous_36)
DA:1,0
DA:2,0
DA:3,0
DA:5,0
DA:21,0
DA:22,0
DA:23,0
DA:29,0
DA:30,0
DA:31,0
DA:34,0
DA:35,0
DA:36,0
DA:37,0
DA:38,0
DA:39,0
DA:41,0
DA:42,0
DA:43,0
DA:44,0
DA:46,0
DA:47,0
DA:49,0
DA:53,0
DA:54,0
DA:55,0
DA:57,0
DA:59,0
DA:61,0
DA:62,0
DA:64,0
DA:69,0
DA:70,0
DA:71,0
DA:75,0
DA:80,0
DA:95,0
DA:121,0
DA:148,0
DA:158,0
DA:180,0
LF:41
LH:0
BRDA:35,0,0,0
BRDA:35,0,1,0
BRDA:36,1,0,0
BRDA:36,1,1,0
BRDA:38,2,0,0
BRDA:38,2,1,0
BRDA:41,3,0,0
BRDA:41,3,1,0
BRDA:43,4,0,0
BRDA:43,4,1,0
BRDA:46,5,0,0
BRDA:46,5,1,0
BRDA:57,6,0,0
BRDA:57,6,1,0
BRDA:70,7,0,0
BRDA:70,7,1,0
BRDA:100,8,0,0
BRDA:100,8,1,0
BRDA:103,9,0,0
BRDA:103,9,1,0
BRDA:126,10,0,0
BRDA:126,10,1,0
BRDA:129,11,0,0
BRDA:129,11,1,0
BRDA:146,12,0,0
BRDA:146,12,1,0
BRDA:153,13,0,0
BRDA:153,13,1,0
BRDA:160,14,0,0
BRDA:160,14,1,0
BRDA:162,15,0,0
BRDA:162,15,1,0
BRDA:169,16,0,0
BRDA:169,16,1,0
BRDA:197,17,0,0
BRDA:197,17,1,0
BRDA:212,18,0,0
BRDA:212,18,1,0
BRF:38
BRH:0
end_of_record
TN:
SF:src\components\ui\badge.tsx
FN:31,Badge
FNF:1
FNH:1
FNDA:10,Badge
DA:1,1
DA:2,1
DA:4,1
DA:6,1
DA:31,10
DA:32,10
DA:37,1
LF:7
LH:7
BRF:0
BRH:0
end_of_record
TN:
SF:src\components\ui\button.tsx
FN:47,(anonymous_12)
FNF:1
FNH:1
FNDA:36,(anonymous_12)
DA:1,1
DA:2,1
DA:3,1
DA:5,1
DA:7,1
DA:46,1
DA:47,36
DA:48,36
DA:49,36
DA:58,1
DA:60,1
LF:11
LH:11
BRDA:47,0,0,36
BRDA:47,0,1,0
BRDA:48,1,0,0
BRDA:48,1,1,36
BRF:4
BRH:2
end_of_record
TN:
SF:src\components\ui\input.tsx
FN:8,(anonymous_12)
FNF:1
FNH:0
FNDA:0,(anonymous_12)
DA:1,0
DA:3,0
DA:7,0
DA:8,0
DA:9,0
DA:22,0
DA:24,0
LF:7
LH:0
BRF:0
BRH:0
end_of_record
TN:
SF:src\components\ui\skeleton.tsx
FN:3,Skeleton
FNF:1
FNH:0
FNDA:0,Skeleton
DA:1,0
DA:4,0
DA:5,0
DA:7,0
DA:15,0
LF:5
LH:0
BRF:0
BRH:0
end_of_record
TN:
SF:src\components\ui\textarea.tsx
FN:8,(anonymous_12)
FNF:1
FNH:0
FNDA:0,(anonymous_12)
DA:1,0
DA:3,0
DA:7,0
DA:8,0
DA:9,0
DA:21,0
DA:23,0
LF:7
LH:0
BRF:0
BRH:0
end_of_record
TN:
SF:src\components\workflows\TriggerSelector.tsx
FN:57,(anonymous_1)
FN:74,(anonymous_2)
FN:78,(anonymous_3)
FN:118,(anonymous_4)
FN:125,(anonymous_5)
FN:145,(anonymous_6)
FNF:6
FNH:0
FNDA:0,(anonymous_1)
FNDA:0,(anonymous_2)
FNDA:0,(anonymous_3)
FNDA:0,(anonymous_4)
FNDA:0,(anonymous_5)
FNDA:0,(anonymous_6)
DA:1,0
DA:2,0
DA:14,0
DA:35,0
DA:57,0
DA:58,0
DA:59,0
DA:60,0
DA:61,0
DA:62,0
DA:63,0
DA:65,0
DA:74,0
DA:78,0
DA:119,0
DA:125,0
DA:145,0
LF:17
LH:0
BRDA:80,0,0,0
BRDA:80,0,1,0
BRDA:86,1,0,0
BRDA:86,1,1,0
BRDA:108,2,0,0
BRDA:108,2,1,0
BRDA:117,3,0,0
BRDA:117,3,1,0
BRDA:134,4,0,0
BRDA:134,4,1,0
BRDA:144,5,0,0
BRDA:144,5,1,0
BRF:12
BRH:0
end_of_record
TN:
SF:src\components\workflows\WorkflowBuilder.tsx
FN:24,(anonymous_12)
FN:44,(anonymous_13)
FN:49,(anonymous_14)
FN:55,(anonymous_15)
FN:57,(anonymous_16)
FN:58,(anonymous_17)
FN:62,(anonymous_18)
FN:97,(anonymous_19)
FN:132,(anonymous_20)
FN:148,(anonymous_21)
FN:206,(anonymous_22)
FN:210,(anonymous_23)
FN:211,(anonymous_24)
FNF:13
FNH:0
FNDA:0,(anonymous_12)
FNDA:0,(anonymous_13)
FNDA:0,(anonymous_14)
FNDA:0,(anonymous_15)
FNDA:0,(anonymous_16)
FNDA:0,(anonymous_17)
FNDA:0,(anonymous_18)
FNDA:0,(anonymous_19)
FNDA:0,(anonymous_20)
FNDA:0,(anonymous_21)
FNDA:0,(anonymous_22)
FNDA:0,(anonymous_23)
FNDA:0,(anonymous_24)
DA:1,0
DA:2,0
DA:4,0
DA:12,0
DA:13,0
DA:24,0
DA:25,0
DA:26,0
DA:27,0
DA:28,0
DA:30,0
DA:31,0
DA:32,0
DA:35,0
DA:38,0
DA:41,0
DA:42,0
DA:44,0
DA:45,0
DA:46,0
DA:49,0
DA:50,0
DA:51,0
DA:52,0
DA:55,0
DA:56,0
DA:57,0
DA:58,0
DA:59,0
[...]
DA:72,0
LF:5
LH:0
BRF:0
BRH:0
end_of_record
TN:
SF:src\schemas\userSchema.ts
FNF:0
FNH:0
DA:5,0
DA:7,0
DA:16,0
DA:25,0
DA:32,0
DA:40,0
DA:47,0
DA:54,0
DA:59,0
DA:68,0
LF:10
LH:0
BRF:0
BRH:0
end_of_record
TN:
SF:src\server\controllers\billing.ts
FN:17,(anonymous_22)
FN:25,(anonymous_25)
FN:33,(anonymous_28)
FN:41,(anonymous_31)
FNF:4
FNH:0
FNDA:0,(anonymous_22)
FNDA:0,(anonymous_25)
FNDA:0,(anonymous_28)
FNDA:0,(anonymous_31)
DA:9,0
DA:17,0
DA:18,0
DA:25,0
DA:26,0
DA:33,0
DA:34,0
DA:41,0
DA:42,0
DA:58,0
LF:10
LH:0
BRF:0
BRH:0
end_of_record
TN:
SF:src\server\services\stripeService.ts
FN:5,getStripeSecretKey
FN:11,stripeHeaders
FN:18,encodeBody
FN:40,createCustomer
FN:55,createSubscription
FN:90,cancelSubscription
FN:111,getInvoiceHistory
FNF:7
FNH:0
FNDA:0,getStripeSecretKey
FNDA:0,stripeHeaders
FNDA:0,encodeBody
FNDA:0,createCustomer
FNDA:0,createSubscription
FNDA:0,cancelSubscription
FNDA:0,getInvoiceHistory
DA:3,0
DA:6,0
DA:7,0
DA:8,0
DA:12,0
DA:19,0
DA:25,0
DA:40,0
DA:44,0
DA:49,0
DA:50,0
DA:51,0
DA:52,0
DA:55,0
DA:58,0
DA:61,0
DA:62,0
DA:65,0
DA:66,0
DA:67,0
DA:69,0
DA:75,0
DA:76,0
DA:79,0
DA:84,0
DA:85,0
DA:86,0
DA:87,0
DA:90,0
DA:93,0
DA:97,0
DA:98,0
DA:111,0
DA:114,0
DA:115,0
DA:118,0
DA:119,0
DA:120,0
LF:38
LH:0
BRDA:7,0,0,0
BRDA:7,0,1,0
BRDA:27,1,0,0
BRDA:27,1,1,0
BRDA:27,2,0,0
BRDA:27,2,1,0
BRDA:28,3,0,0
BRDA:28,3,1,0
BRDA:28,4,0,0
BRDA:28,4,1,0
BRDA:31,5,0,0
BRDA:31,5,1,0
BRDA:31,6,0,0
BRDA:31,6,1,0
BRDA:32,7,0,0
BRDA:32,7,1,0
BRDA:32,8,0,0
BRDA:32,8,1,0
BRDA:35,9,0,0
BRDA:35,9,1,0
BRDA:35,10,0,0
BRDA:35,10,1,0
BRDA:36,11,0,0
BRDA:36,11,1,0
BRDA:36,12,0,0
BRDA:36,12,1,0
BRDA:44,13,0,0
BRDA:49,14,0,0
BRDA:49,14,1,0
BRDA:58,15,0,0
BRDA:58,15,1,0
BRDA:61,16,0,0
BRDA:61,16,1,0
BRDA:61,17,0,0
BRDA:61,17,1,0
BRDA:66,18,0,0
BRDA:66,18,1,0
BRDA:75,19,0,0
BRDA:75,19,1,0
BRDA:84,20,0,0
BRDA:84,20,1,0
BRDA:93,21,0,0
BRDA:97,22,0,0
BRDA:97,22,1,0
BRDA:118,23,0,0
BRDA:118,23,1,0
BRF:46
BRH:0
end_of_record
TN:
SF:src\services\analyticsService.ts
FN:13,buildQuery
FN:17,(anonymous_16)
FN:27,generateMockPortfolioMetrics
FN:43,generateMockOccupancyData
FN:65,generateMockRevenueTrends
FN:87,generateMockMaintenanceTrends
FN:107,generateMockPropertyBreakdown
FN:122,(anonymous_22)
FN:148,generateMockAIInsights
FN:203,getPortfolioMetrics
FN:217,getOccupancyData
FN:233,getRevenueTrends
FN:249,getMaintenanceTrends
FN:265,getPropertyBreakdown
FN:279,generateCustomReport
FN:300,getAIInsights
FNF:16
FNH:0
FNDA:0,buildQuery
FNDA:0,(anonymous_16)
FNDA:0,generateMockPortfolioMetrics
FNDA:0,generateMockOccupancyData
FNDA:0,generateMockRevenueTrends
FNDA:0,generateMockMaintenanceTrends
FNDA:0,generateMockPropertyBreakdown
FNDA:0,(anonymous_22)
FNDA:0,generateMockAIInsights
FNDA:0,getPortfolioMetrics
FNDA:0,getOccupancyData
FNDA:0,getRevenueTrends
FNDA:0,getMaintenanceTrends
FNDA:0,getPropertyBreakdown
FNDA:0,generateCustomReport
FNDA:0,getAIInsights
DA:11,0
DA:14,0
DA:15,0
DA:16,0
DA:17,0
DA:18,0
DA:19,0
DA:22,0
DA:28,0
DA:29,0
DA:30,0
DA:31,0
DA:47,0
DA:48,0
DA:49,0
DA:50,0
DA:51,0
DA:52,0
DA:53,0
DA:54,0
DA:60,0
DA:62,0
DA:69,0
DA:70,0
DA:71,0
DA:72,0
DA:73,0
DA:74,0
DA:75,0
DA:76,0
DA:82,0
DA:84,0
DA:91,0
DA:92,0
DA:93,0
DA:94,0
DA:95,0
DA:96,0
DA:102,0
DA:104,0
DA:108,0
DA:122,0
DA:123,0
DA:124,0
DA:125,0
DA:126,0
DA:127,0
DA:130,0
DA:131,0
DA:149,0
DA:203,0
DA:207,0
DA:208,0
DA:211,0
DA:213,0
DA:217,0
DA:223,0
DA:224,0
DA:227,0
DA:229,0
DA:233,0
DA:239,0
DA:240,0
DA:243,0
DA:245,0
DA:249,0
DA:255,0
DA:256,0
DA:259,0
DA:261,0
DA:265,0
DA:269,0
DA:270,0
DA:273,0
DA:275,0
DA:279,0
DA:283,0
DA:287,0
DA:289,0
DA:300,0
DA:302,0
DA:303,0
DA:305,0
LF:83
LH:0
BRDA:16,0,0,0
BRDA:16,0,1,0
BRDA:18,1,0,0
BRDA:18,1,1,0
BRF:4
BRH:0
end_of_record
TN:
SF:src\services\billingService.ts
FN:89,getPlanById
FN:90,(anonymous_15)
FN:93,getMonthlyEquivalent
FN:102,getAnnualDiscount
FN:108,formatPrice
FN:131,createPaymentIntent
FN:154,createSubscription
FN:170,updateSubscription
FN:185,cancelSubscription
FN:189,resumeSubscription
FN:202,createCheckoutSession
FN:209,createBillingPortalSession
FN:215,getCurrentSubscription
FN:222,getInvoices
FN:227,getUsageSummary
FNF:15
FNH:0
FNDA:0,getPlanById
FNDA:0,(anonymous_15)
FNDA:0,getMonthlyEquivalent
FNDA:0,getAnnualDiscount
FNDA:0,formatPrice
FNDA:0,createPaymentIntent
FNDA:0,createSubscription
FNDA:0,updateSubscription
FNDA:0,cancelSubscription
FNDA:0,resumeSubscription
FNDA:0,createCheckoutSession
FNDA:0,createBillingPortalSession
FNDA:0,getCurrentSubscription
FNDA:0,getInvoices
FNDA:0,getUsageSummary
DA:1,0
DA:18,0
DA:89,0
DA:90,0
DA:93,0
DA:97,0
DA:102,0
DA:103,0
DA:104,0
DA:105,0
DA:108,0
DA:109,0
DA:110,0
DA:131,0
DA:134,0
DA:147,0
DA:154,0
DA:158,0
DA:167,0
DA:170,0
DA:175,0
DA:182,0
DA:185,0
DA:186,0
DA:189,0
DA:192,0
DA:195,0
DA:202,0
DA:206,0
DA:209,0
DA:210,0
DA:211,0
DA:212,0
DA:215,0
DA:216,0
DA:219,0
DA:222,0
DA:223,0
DA:224,0
DA:227,0
DA:228,0
DA:229,0
LF:42
LH:0
BRDA:97,0,0,0
BRDA:97,0,1,0
BRDA:103,1,0,0
BRDA:103,1,1,0
BRDA:109,2,0,0
BRDA:109,2,1,0
BRDA:134,3,0,0
BRDA:158,4,0,0
BRDA:175,5,0,0
BRDA:186,6,0,0
BRDA:192,7,0,0
BRDA:211,8,0,0
BRDA:216,9,0,0
BRDA:223,10,0,0
BRDA:228,11,0,0
BRF:15
BRH:0
end_of_record
TN:
SF:src\services\dashboardService.ts
FN:33,apiFetch
FN:38,fetchDashboardStats
FN:52,fetchAIInsights
FN:69,fetchPortfolioMetrics
FN:84,fetchOccupancyData
FN:109,fetchMaintenancePredictions
FN:128,fetchSmartScore
FN:159,fetchMarketAnalysis
FN:177,fetchInspections
FN:193,fetchApplications
FN:205,fetchAdminStats
FN:227,fetchBookings
FNF:12
FNH:0
FNDA:0,apiFetch
FNDA:0,fetchDashboardStats
FNDA:0,fetchAIInsights
FNDA:0,fetchPortfolioMetrics
FNDA:0,fetchOccupancyData
FNDA:0,fetchMaintenancePredictions
FNDA:0,fetchSmartScore
FNDA:0,fetchMarketAnalysis
FNDA:0,fetchInspections
FNDA:0,fetchApplications
FNDA:0,fetchAdminStats
FNDA:0,fetchBookings
DA:2,0
DA:34,0
DA:35,0
DA:38,0
DA:39,0
DA:52,0
DA:53,0
DA:54,0
DA:69,0
DA:70,0
DA:73,0
DA:84,0
DA:85,0
DA:88,0
DA:109,0
DA:110,0
DA:128,0
DA:131,0
DA:159,0
DA:162,0
DA:177,0
DA:178,0
DA:193,0
DA:194,0
DA:205,0
DA:206,0
DA:207,0
DA:227,0
DA:228,0
LF:29
LH:0
BRDA:34,0,0,0
BRDA:53,1,0,0
BRDA:70,2,0,0
BRDA:85,3,0,0
BRDA:206,4,0,0
BRF:5
BRH:0
end_of_record
TN:
SF:src\services\mobileMessagingService.ts
FN:158,fetchConversations
FN:160,(anonymous_16)
FN:164,fetchMessages
FN:167,(anonymous_20)
FN:171,sendMessage
FN:181,(anonymous_24)
FN:200,uploadVoiceNote
FN:204,(anonymous_28)
FN:211,getQuickReplies
FN:215,(anonymous_30)
FNF:10
FNH:0
FNDA:0,fetchConversations
FNDA:0,(anonymous_16)
FNDA:0,fetchMessages
FNDA:0,(anonymous_20)
FNDA:0,sendMessage
FNDA:0,(anonymous_24)
FNDA:0,uploadVoiceNote
FNDA:0,(anonymous_28)
FNDA:0,getQuickReplies
FNDA:0,(anonymous_30)
DA:7,0
DA:52,0
DA:124,0
DA:158,0
DA:160,0
DA:161,0
DA:164,0
DA:167,0
DA:168,0
DA:171,0
DA:181,0
DA:182,0
DA:193,0
DA:194,0
DA:197,0
DA:200,0
DA:204,0
DA:205,0
DA:211,0
DA:214,0
DA:215,0
DA:217,0
LF:22
LH:0
BRDA:167,0,0,0
BRDA:168,1,0,0
BRDA:168,1,1,0
BRDA:168,2,0,0
BRDA:168,2,1,0
BRDA:181,3,0,0
BRDA:187,4,0,0
BRDA:187,4,1,0
BRDA:187,5,0,0
BRDA:187,5,1,0
BRDA:187,6,0,0
BRDA:187,6,1,0
BRDA:187,7,0,0
BRDA:187,7,1,0
BRDA:188,8,0,0
BRDA:188,8,1,0
BRDA:188,9,0,0
BRDA:188,9,1,0
BRDA:189,10,0,0
BRDA:189,10,1,0
BRDA:189,11,0,0
BRDA:189,11,1,0
BRDA:190,12,0,0
BRDA:190,12,1,0
BRDA:190,13,0,0
BRDA:190,13,1,0
BRDA:193,14,0,0
BRDA:193,14,1,0
BRDA:214,15,0,0
BRDA:214,15,1,0
BRF:30
BRH:0
end_of_record
TN:
SF:src\services\onboardingService.ts
FN:7,getCompletedStepIds
FN:16,saveCompletedStepIds
FN:20,getOnboardingSteps
FN:23,(anonymous_5)
FN:29,markStepCompleted
FN:37,markStepIncomplete
FN:38,(anonymous_8)
FN:42,getOnboardingProgress
FN:49,(anonymous_10)
FNF:9
FNH:0
FNDA:0,getCompletedStepIds
FNDA:0,saveCompletedStepIds
FNDA:0,getOnboardingSteps
FNDA:0,(anonymous_5)
FNDA:0,markStepCompleted
FNDA:0,markStepIncomplete
FNDA:0,(anonymous_8)
FNDA:0,getOnboardingProgress
FNDA:0,(anonymous_10)
DA:1,0
DA:5,0
DA:8,0
DA:9,0
DA:10,0
DA:12,0
DA:17,0
DA:20,0
DA:21,0
DA:22,0
DA:23,0
DA:29,0
DA:30,0
DA:31,0
DA:32,0
DA:33,0
DA:37,0
DA:38,0
DA:39,0
DA:42,0
DA:47,0
DA:48,0
DA:49,0
DA:50,0
LF:24
LH:0
BRDA:10,0,0,0
BRDA:10,0,1,0
BRDA:21,1,0,0
BRDA:21,1,1,0
BRDA:31,2,0,0
BRDA:31,2,1,0
BRDA:53,3,0,0
BRDA:53,3,1,0
BRF:8
BRH:0
end_of_record
TN:
SF:src\services\predictiveMaintenanceService.ts
FN:3,(anonymous_13)
FN:5,(anonymous_14)
FN:29,(anonymous_16)
FN:31,(anonymous_17)
FNF:4
FNH:0
FNDA:0,(anonymous_13)
FNDA:0,(anonymous_14)
FNDA:0,(anonymous_16)
FNDA:0,(anonymous_17)
DA:3,0
DA:4,0
DA:7,0
DA:29,0
DA:30,0
DA:33,0
DA:34,0
LF:7
LH:0
BRF:0
BRH:0
end_of_record
TN:
SF:src\services\schedulingService.ts
FN:16,(anonymous_16)
FN:20,(anonymous_18)
FN:30,(anonymous_21)
FN:38,(anonymous_24)
FN:46,(anonymous_27)
FN:54,(anonymous_30)
FN:64,(anonymous_33)
FN:79,(anonymous_36)
FN:93,(anonymous_39)
FN:100,(anonymous_42)
FNF:10
FNH:0
FNDA:0,(anonymous_16)
FNDA:0,(anonymous_18)
FNDA:0,(anonymous_21)
FNDA:0,(anonymous_24)
FNDA:0,(anonymous_27)
FNDA:0,(anonymous_30)
FNDA:0,(anonymous_33)
FNDA:0,(anonymous_36)
FNDA:0,(anonymous_39)
FNDA:0,(anonymous_42)
DA:14,0
DA:16,0
DA:20,0
DA:21,0
DA:24,0
DA:30,0
DA:31,0
DA:32,0
DA:38,0
DA:39,0
DA:40,0
DA:46,0
DA:47,0
DA:48,0
DA:54,0
DA:55,0
DA:58,0
DA:64,0
DA:69,0
DA:73,0
DA:79,0
DA:83,0
DA:87,0
DA:93,0
DA:94,0
DA:100,0
DA:105,0
DA:109,0
DA:111,0
DA:113,0
DA:114,0
LF:31
LH:0
BRDA:21,0,0,0
BRDA:31,1,0,0
BRDA:39,2,0,0
BRDA:47,3,0,0
BRDA:55,4,0,0
BRDA:69,5,0,0
BRDA:83,6,0,0
BRDA:94,7,0,0
BRDA:105,8,0,0
BRF:9
BRH:0
end_of_record
TN:
SF:src\services\screeningService.ts
FN:5,(anonymous_16)
FN:10,(anonymous_19)
FN:15,(anonymous_22)
FN:35,(anonymous_25)
FNF:4
FNH:0
FNDA:0,(anonymous_16)
FNDA:0,(anonymous_19)
FNDA:0,(anonymous_22)
FNDA:0,(anonymous_25)
DA:1,0
DA:4,0
DA:6,0
DA:7,0
DA:11,0
DA:12,0
DA:28,0
DA:32,0
DA:39,0
DA:43,0
LF:10
LH:0
BRDA:6,0,0,0
BRDA:11,1,0,0
BRDA:28,2,0,0
BRDA:39,3,0,0
BRF:4
BRH:0
end_of_record
TN:
SF:src\services\tenantPortalService.ts
FN:12,(anonymous_14)
FN:13,(anonymous_16)
FN:18,(anonymous_19)
FN:28,(anonymous_22)
FN:35,(anonymous_25)
FN:40,(anonymous_28)
FN:45,(anonymous_31)
FN:55,(anonymous_34)
FN:59,(anonymous_37)
FN:69,(anonymous_40)
FNF:10
FNH:0
FNDA:0,(anonymous_14)
FNDA:0,(anonymous_16)
FNDA:0,(anonymous_19)
FNDA:0,(anonymous_22)
FNDA:0,(anonymous_25)
FNDA:0,(anonymous_28)
FNDA:0,(anonymous_31)
FNDA:0,(anonymous_34)
FNDA:0,(anonymous_37)
FNDA:0,(anonymous_40)
DA:10,0
DA:12,0
DA:13,0
DA:14,0
DA:15,0
DA:18,0
DA:21,0
DA:25,0
DA:28,0
DA:29,0
DA:32,0
DA:35,0
DA:36,0
DA:37,0
DA:40,0
DA:41,0
DA:42,0
DA:45,0
DA:48,0
DA:52,0
DA:55,0
DA:56,0
DA:59,0
DA:62,0
DA:66,0
DA:69,0
DA:70,0
DA:74,0
DA:76,0
DA:78,0
LF:30
LH:0
BRDA:14,0,0,0
BRDA:21,1,0,0
BRDA:29,2,0,0
BRDA:36,3,0,0
BRDA:41,4,0,0
BRDA:48,5,0,0
BRDA:56,6,0,0
BRDA:62,7,0,0
BRDA:70,8,0,0
BRF:9
BRH:0
end_of_record
TN:
SF:src\services\tipsService.ts
FN:70,getTips
FN:72,(anonymous_18)
FN:75,updateTip
FN:79,(anonymous_22)
FN:161,getDismissedTipIds
FN:173,saveDismissedTipIds
FN:181,getContextTip
FN:186,getAllContextTips
FN:191,shouldShowTip
FN:199,markTipAsDismissed
FN:206,resetTips
FN:211,getTipsForContext
FN:214,(anonymous_31)
FNF:13
FNH:0
FNDA:0,getTips
FNDA:0,(anonymous_18)
FNDA:0,updateTip
FNDA:0,(anonymous_22)
FNDA:0,getDismissedTipIds
FNDA:0,saveDismissedTipIds
FNDA:0,getContextTip
FNDA:0,getAllContextTips
FNDA:0,shouldShowTip
FNDA:0,markTipAsDismissed
FNDA:0,resetTips
FNDA:0,getTipsForContext
FNDA:0,(anonymous_31)
DA:7,0
DA:70,0
DA:72,0
DA:75,0
DA:79,0
DA:80,0
DA:81,0
DA:83,0
DA:84,0
DA:99,0
DA:102,0
DA:162,0
DA:163,0
DA:164,0
DA:165,0
DA:168,0
DA:170,0
DA:174,0
DA:181,0
DA:182,0
DA:186,0
DA:187,0
DA:191,0
DA:192,0
DA:193,0
DA:194,0
DA:195,0
DA:199,0
DA:200,0
DA:201,0
DA:202,0
DA:206,0
DA:207,0
DA:211,0
DA:212,0
DA:213,0
DA:214,0
LF:37
LH:0
BRDA:80,0,0,0
BRDA:80,0,1,0
BRDA:164,1,0,0
BRDA:164,1,1,0
BRDA:193,2,0,0
BRDA:193,2,1,0
BRDA:194,3,0,0
BRDA:194,3,1,0
BRDA:214,4,0,0
BRDA:214,4,1,0
BRF:10
BRH:0
end_of_record
TN:
SF:src\services\trialService.ts
FN:27,buildTrialStatus
FN:71,startTrial
FN:79,getTrialStatus
FN:91,getTrialExpiryDate
FN:100,isTrialExpiringSoon
FN:120,checkFeatureAccess
FN:148,checkPropertyLimit
FN:185,convertToPaidPlan
FNF:8
FNH:0
FNDA:0,buildTrialStatus
FNDA:0,startTrial
FNDA:0,getTrialStatus
FNDA:0,getTrialExpiryDate
FNDA:0,isTrialExpiringSoon
FNDA:0,checkFeatureAccess
FNDA:0,checkPropertyLimit
FNDA:0,convertToPaidPlan
DA:4,0
DA:10,0
DA:11,0
DA:14,0
DA:27,0
DA:28,0
DA:29,0
DA:30,0
DA:32,0
DA:33,0
DA:37,0
DA:39,0
DA:71,0
DA:72,0
DA:73,0
DA:74,0
DA:75,0
DA:79,0
DA:82,0
DA:83,0
DA:85,0
DA:87,0
DA:91,0
DA:94,0
DA:95,0
DA:96,0
DA:100,0
DA:101,0
DA:102,0
DA:103,0
DA:120,0
DA:124,0
DA:127,0
DA:130,0
DA:133,0
DA:134,0
DA:138,0
DA:148,0
DA:152,0
DA:153,0
DA:155,0
DA:159,0
DA:165,0
DA:166,0
DA:173,0
DA:185,0
DA:188,0
DA:191,0
DA:194,0
DA:196,0
DA:198,0
LF:51
LH:0
BRDA:27,0,0,0
BRDA:27,0,1,0
BRDA:37,1,0,0
BRDA:37,1,1,0
BRDA:83,2,0,0
BRDA:83,2,1,0
BRDA:94,3,0,0
BRDA:95,4,0,0
BRDA:95,4,1,0
BRDA:101,5,0,0
BRDA:102,6,0,0
BRDA:102,6,1,0
BRDA:102,7,0,0
BRDA:102,7,1,0
BRDA:124,8,0,0
BRDA:127,9,0,0
BRDA:127,9,1,0
BRDA:130,10,0,0
BRDA:130,10,1,0
BRDA:133,11,0,0
BRDA:133,11,1,0
BRDA:152,12,0,0
BRDA:153,13,0,0
BRDA:153,13,1,0
BRDA:153,14,0,0
BRDA:153,14,1,0
BRDA:155,15,0,0
BRDA:155,15,1,0
BRDA:156,16,0,0
BRDA:156,16,1,0
BRDA:165,17,0,0
BRDA:165,17,1,0
BRDA:188,18,0,0
BRDA:188,18,1,0
BRF:34
BRH:0
end_of_record
TN:
SF:src\services\webSocketService.ts
FN:36,(anonymous_2)
FN:64,(anonymous_4)
FN:77,(anonymous_5)
FN:88,(anonymous_6)
FN:102,(anonymous_7)
FN:111,(anonymous_8)
FN:136,(anonymous_9)
FN:151,(anonymous_10)
FN:168,(anonymous_11)
FN:195,(anonymous_12)
FN:209,(anonymous_13)
FN:217,(anonymous_14)
FN:236,(anonymous_15)
FN:238,(anonymous_16)
FN:246,(anonymous_17)
FN:248,(anonymous_18)
FN:256,(anonymous_19)
FN:263,(anonymous_20)
FN:271,(anonymous_21)
FN:273,(anonymous_22)
FN:280,(anonymous_23)
FN:284,(anonymous_24)
FN:292,(anonymous_25)
FN:297,(anonymous_26)
FN:305,(anonymous_27)
FN:312,(anonymous_28)
FN:318,(anonymous_29)
FN:322,(anonymous_30)
FN:323,(anonymous_31)
FN:327,(anonymous_32)
FN:334,(anonymous_33)
FN:355,(anonymous_34)
FN:364,(anonymous_35)
FN:373,(anonymous_36)
FN:381,(anonymous_37)
FN:404,(anonymous_38)
FN:416,(anonymous_39)
FN:418,(anonymous_40)
FN:426,(anonymous_41)
FN:429,(anonymous_42)
FN:454,(anonymous_43)
FN:457,(anonymous_44)
FN:474,(anonymous_45)
FN:479,(anonymous_46)
FN:489,(anonymous_47)
FN:493,(anonymous_48)
FN:502,(anonymous_49)
FN:511,(anonymous_50)
FN:521,(anonymous_51)
FN:524,(anonymous_52)
FNF:50
FNH:0
FNDA:0,(anonymous_2)
FNDA:0,(anonymous_4)
FNDA:0,(anonymous_5)
FNDA:0,(anonymous_6)
FNDA:0,(anonymous_7)
FNDA:0,(anonymous_8)
FNDA:0,(anonymous_9)
FNDA:0,(anonymous_10)
FNDA:0,(anonymous_11)
FNDA:0,(anonymous_12)
FNDA:0,(anonymous_13)
FNDA:0,(anonymous_14)
FNDA:0,(anonymous_15)
FNDA:0,(anonymous_16)
FNDA:0,(anonymous_17)
FNDA:0,(anonymous_18)
FNDA:0,(anonymous_19)
FNDA:0,(anonymous_20)
FNDA:0,(anonymous_21)
FNDA:0,(anonymous_22)
FNDA:0,(anonymous_23)
FNDA:0,(anonymous_24)
FNDA:0,(anonymous_25)
FNDA:0,(anonymous_26)
FNDA:0,(anonymous_27)
FNDA:0,(anonymous_28)
FNDA:0,(anonymous_29)
FNDA:0,(anonymous_30)
FNDA:0,(anonymous_31)
FNDA:0,(anonymous_32)
FNDA:0,(anonymous_33)
FNDA:0,(anonymous_34)
FNDA:0,(anonymous_35)
FNDA:0,(anonymous_36)
FNDA:0,(anonymous_37)
FNDA:0,(anonymous_38)
FNDA:0,(anonymous_39)
FNDA:0,(anonymous_40)
FNDA:0,(anonymous_41)
FNDA:0,(anonymous_42)
FNDA:0,(anonymous_43)
FNDA:0,(anonymous_44)
FNDA:0,(anonymous_45)
FNDA:0,(anonymous_46)
FNDA:0,(anonymous_47)
FNDA:0,(anonymous_48)
FNDA:0,(anonymous_49)
FNDA:0,(anonymous_50)
FNDA:0,(anonymous_51)
FNDA:0,(anonymous_52)
DA:2,0
DA:36,0
DA:37,0
DA:38,0
DA:39,0
DA:40,0
DA:41,0
DA:42,0
DA:43,0
DA:44,0
DA:45,0
DA:46,0
DA:47,0
DA:48,0
DA:52,0
DA:53,0
DA:54,0
DA:58,0
DA:59,0
DA:64,0
DA:65,0
DA:66,0
DA:67,0
DA:68,0
DA:69,0
DA:71,0
DA:77,0
DA:78,0
DA:79,0
DA:80,0
DA:82,0
DA:88,0
DA:89,0
DA:90,0
DA:92,0
DA:93,0
DA:96,0
DA:102,0
DA:103,0
DA:105,0
DA:106,0
DA:107,0
DA:111,0
DA:112,0
DA:113,0
DA:114,0
DA:115,0
DA:118,0
DA:119,0
DA:120,0
DA:123,0
DA:124,0
DA:125,0
DA:128,0
DA:129,0
DA:130,0
DA:136,0
DA:137,0
DA:138,0
DA:140,0
DA:143,0
DA:144,0
DA:151,0
DA:152,0
DA:153,0
DA:154,0
DA:155,0
DA:156,0
DA:158,0
DA:159,0
DA:168,0
DA:169,0
DA:170,0
DA:171,0
DA:174,0
DA:189,0
DA:195,0
DA:196,0
DA:199,0
DA:201,0
DA:209,0
DA:210,0
DA:217,0
DA:218,0
DA:219,0
DA:220,0
DA:223,0
DA:225,0
DA:236,0
DA:237,0
DA:238,0
DA:239,0
DA:246,0
DA:247,0
DA:248,0
DA:249,0
DA:256,0
DA:257,0
DA:263,0
DA:264,0
DA:265,0
DA:271,0
DA:272,0
DA:273,0
DA:280,0
DA:281,0
DA:283,0
DA:284,0
DA:285,0
DA:292,0
DA:295,0
DA:296,0
DA:297,0
DA:298,0
DA:305,0
DA:306,0
DA:312,0
DA:313,0
DA:318,0
DA:319,0
DA:320,0
DA:321,0
DA:322,0
DA:323,0
DA:327,0
DA:328,0
DA:330,0
DA:331,0
DA:332,0
DA:334,0
DA:336,0
DA:337,0
DA:338,0
DA:341,0
DA:342,0
DA:345,0
DA:346,0
DA:350,0
DA:355,0
DA:356,0
DA:357,0
DA:358,0
DA:364,0
DA:365,0
DA:366,0
DA:368,0
DA:369,0
DA:373,0
DA:377,0
DA:381,0
DA:383,0
DA:384,0
DA:385,0
DA:386,0
DA:390,0
DA:396,0
DA:397,0
DA:401,0
DA:404,0
DA:405,0
DA:408,0
DA:409,0
DA:410,0
DA:411,0
DA:414,0
DA:416,0
DA:417,0
DA:418,0
DA:419,0
DA:422,0
DA:426,0
DA:429,0
DA:430,0
DA:435,0
DA:444,0
DA:445,0
DA:447,0
DA:454,0
DA:457,0
DA:458,0
DA:460,0
DA:462,0
DA:465,0
DA:466,0
DA:469,0
DA:470,0
DA:472,0
DA:474,0
DA:475,0
DA:479,0
DA:480,0
DA:481,0
DA:483,0
DA:484,0
DA:486,0
DA:487,0
DA:489,0
DA:490,0
DA:493,0
DA:494,0
DA:495,0
DA:496,0
DA:502,0
DA:503,0
DA:504,0
DA:505,0
DA:506,0
DA:510,0
DA:511,0
DA:512,0
DA:517,0
DA:521,0
DA:522,0
DA:523,0
DA:524,0
DA:527,0
DA:530,0
DA:531,0
LF:218
LH:0
BRDA:66,0,0,0
BRDA:66,0,1,0
BRDA:68,1,0,0
BRDA:68,1,1,0
BRDA:79,2,0,0
BRDA:79,2,1,0
BRDA:92,3,0,0
BRDA:92,3,1,0
BRDA:92,4,0,0
BRDA:92,4,1,0
BRDA:105,5,0,0
BRDA:105,5,1,0
BRDA:113,6,0,0
BRDA:113,6,1,0
BRDA:118,7,0,0
BRDA:118,7,1,0
BRDA:123,8,0,0
BRDA:123,8,1,0
BRDA:137,9,0,0
BRDA:137,9,1,0
BRDA:143,10,0,0
BRDA:143,10,1,0
BRDA:143,11,0,0
BRDA:143,11,1,0
BRDA:153,12,0,0
BRDA:153,12,1,0
BRDA:155,13,0,0
BRDA:155,13,1,0
BRDA:158,14,0,0
BRDA:158,14,1,0
BRDA:158,15,0,0
BRDA:158,15,1,0
BRDA:169,16,0,0
BRDA:169,16,1,0
BRDA:169,17,0,0
BRDA:169,17,1,0
BRDA:181,18,0,0
BRDA:181,18,1,0
BRDA:196,19,0,0
BRDA:196,19,1,0
BRDA:196,20,0,0
BRDA:196,20,1,0
BRDA:199,21,0,0
BRDA:199,21,1,0
BRDA:218,22,0,0
BRDA:218,22,1,0
BRDA:223,23,0,0
BRDA:223,23,1,0
BRDA:223,24,0,0
BRDA:223,24,1,0
BRDA:265,25,0,0
BRDA:265,25,1,0
BRDA:265,26,0,0
BRDA:265,26,1,0
BRDA:319,27,0,0
BRDA:319,27,1,0
BRDA:337,28,0,0
BRDA:337,28,1,0
BRDA:368,29,0,0
BRDA:368,29,1,0
BRDA:368,30,0,0
BRDA:368,30,1,0
BRDA:383,31,0,0
BRDA:383,31,1,0
BRDA:390,32,0,0
BRDA:390,32,1,0
BRDA:391,33,0,0
BRDA:391,33,1,0
BRDA:391,33,2,0
BRDA:391,33,3,0
BRDA:409,34,0,0
BRDA:409,34,1,0
BRDA:414,35,0,0
BRDA:414,35,1,0
BRDA:438,36,0,0
BRDA:438,36,1,0
BRDA:440,37,0,0
BRDA:440,37,1,0
BRDA:444,38,0,0
BRDA:444,38,1,0
BRDA:449,39,0,0
BRDA:449,39,1,0
BRDA:458,40,0,0
BRDA:458,40,1,0
BRDA:460,41,0,0
BRDA:460,41,1,0
BRDA:469,42,0,0
BRDA:469,42,1,0
BRDA:484,43,0,0
BRDA:484,43,1,0
BRDA:504,44,0,0
BRDA:504,44,1,0
BRDA:510,45,0,0
BRDA:510,45,1,0
BRDA:523,46,0,0
BRDA:523,46,1,0
BRF:96
BRH:0
end_of_record
TN:
SF:src\services\workflowService.ts
FN:6,(anonymous_16)
FN:17,(anonymous_19)
FN:26,(anonymous_22)
FN:33,(anonymous_25)
FN:44,(anonymous_28)
FN:48,(anonymous_31)
FN:54,createEmptyStep
FNF:7
FNH:0
FNDA:0,(anonymous_16)
FNDA:0,(anonymous_19)
FNDA:0,(anonymous_22)
FNDA:0,(anonymous_25)
FNDA:0,(anonymous_28)
FNDA:0,(anonymous_31)
FNDA:0,createEmptyStep
DA:3,0
DA:5,0
DA:10,0
DA:14,0
DA:19,0
DA:20,0
DA:22,0
DA:27,0
DA:30,0
DA:37,0
DA:41,0
DA:45,0
DA:49,0
DA:54,0
DA:58,0
LF:15
LH:0
BRDA:10,0,0,0
BRDA:27,1,0,0
BRDA:37,2,0,0
BRDA:45,3,0,0
BRDA:49,4,0,0
BRF:5
BRH:0
end_of_record
TN:
SF:src\store\hooks.ts
FN:8,(anonymous_0)
FNF:1
FNH:0
FNDA:0,(anonymous_0)
DA:2,0
DA:8,0
DA:9,0
LF:3
LH:0
BRF:0
BRH:0
end_of_record
TN:
SF:src\store\index.ts
FN:37,(anonymous_1)
FN:56,(anonymous_2)
FN:56,(anonymous_3)
FN:60,(anonymous_4)
FNF:4
FNH:0
FNDA:0,(anonymous_1)
FNDA:0,(anonymous_2)
FNDA:0,(anonymous_3)
FNDA:0,(anonymous_4)
DA:4,0
DA:5,0
DA:11,0
DA:12,0
DA:13,0
DA:14,0
DA:15,0
DA:16,0
DA:17,0
DA:18,0
DA:19,0
DA:20,0
DA:21,0
DA:23,0
DA:38,0
DA:56,0
DA:60,0
DA:61,0
LF:18
LH:0
BRF:0
BRH:0
end_of_record
